1 -1.53429e-20 1.25029e-20 -0.00164913 -6.58284e-21 4.03676e-20 -0.00164913 -1.13079e-20 4.71269e-20 -0.00164913 -5.8697e-20 2.87338e-20 -0.00164913
1.001 -6.15076e-10 -6.15076e-10 -0.0016495 6.15076e-10 -6.15076e-10 -0.0016495 -6.15076e-10 6.15076e-10 -0.0016495 6.15076e-10 6.15076e-10 -0.0016495
1.02098 -1.297e-08 -1.297e-08 -0.0016696 1.297e-08 -1.297e-08 -0.0016696 -1.297e-08 1.297e-08 -0.0016696 1.297e-08 1.297e-08 -0.0016696
1.04096 -2.51741e-08 -2.51741e-08 -0.00169196 2.51741e-08 -2.51741e-08 -0.00169196 -2.51741e-08 2.51741e-08 -0.00169196 2.51741e-08 2.51741e-08 -0.00169196
1.06094 -3.72797e-08 -3.72797e-08 -0.0017164 3.72797e-08 -3.72797e-08 -0.0017164 -3.72797e-08 3.72797e-08 -0.0017164 3.72797e-08 3.72797e-08 -0.0017164
1.08092 -4.93663e-08 -4.93663e-08 -0.00174209 4.93663e-08 -4.93663e-08 -0.00174209 -4.93663e-08 4.93663e-08 -0.00174209 4.93663e-08 4.93663e-08 -0.00174209
1.1009 -6.14617e-08 -6.14617e-08 -0.00176866 6.14617e-08 -6.14617e-08 -0.00176866 -6.14617e-08 6.14617e-08 -0.00176866 6.14617e-08 6.14617e-08 -0.00176866
1.12088 -7.35717e-08 -7.35717e-08 -0.00179584 7.35717e-08 -7.35717e-08 -0.00179584 -7.35716e-08 7.35717e-08 -0.00179584 7.35717e-08 7.35716e-08 -0.00179584
1.14086 -8.56915e-08 -8.56915e-08 -0.0018234 8.56915e-08 -8.56915e-08 -0.0018234 -8.56915e-08 8.56915e-08 -0.0018234 8.56915e-08 8.56915e-08 -0.0018234
1.16084 -9.78207e-08 -9.78207e-08 -0.00185117 9.78207e-08 -9.78207e-08 -0.00185117 -9.78207e-08 9.78207e-08 -0.00185117 9.78207e-08 9.78207e-08 -0.00185117
1.18082 -1.09957e-07 -1.09957e-07 -0.00187909 1.09957e-07 -1.09957e-07 -0.00187909 -1.09957e-07 1.09957e-07 -0.00187909 1.09957e-07 1.09957e-07 -0.00187909
1.2008 -1.22098e-07 -1.22098e-07 -0.00190712 1.22098e-07 -1.22098e-07 -0.00190712 -1.22098e-07 1.22098e-07 -0.00190712 1.22098e-07 1.22098e-07 -0.00190712
1.22078 -1.34244e-07 -1.34244e-07 -0.00193522 1.34244e-07 -1.34244e-07 -0.00193522 -1.34244e-07 1.34244e-07 -0.00193522 1.34244e-07 1.34244e-07 -0.00193522
1.24076 -1.46393e-07 -1.46393e-07 -0.00196338 1.46393e-07 -1.46393e-07 -0.00196338 -1.46393e-07 1.46393e-07 -0.00196338 1.46393e-07 1.46393e-07 -0.00196338
1.26074 -1.58544e-07 -1.58544e-07 -0.00199155 1.58544e-07 -1.58544e-07 -0.00199155 -1.58544e-07 1.58544e-07 -0.00199155 1.58544e-07 1.58544e-07 -0.00199155
1.28072 -1.70697e-07 -1.70697e-07 -0.00201971 1.70697e-07 -1.70697e-07 -0.00201971 -1.70697e-07 1.70697e-07 -0.00201971 1.70697e-07 1.70697e-07 -0.00201971
1.3007 -1.82849e-07 -1.82849e-07 -0.00204786 1.82849e-07 -1.82849e-07 -0.00204786 -1.82849e-07 1.82849e-07 -0.00204786 1.82849e-07 1.82849e-07 -0.00204786
1.32068 -1.95003e-07 -1.95003e-07 -0.00207598 1.95003e-07 -1.95003e-07 -0.00207598 -1.95003e-07 1.95003e-07 -0.00207598 1.95003e-07 1.95003e-07 -0.00207598
1.34066 -2.07156e-07 -2.07156e-07 -0.00210407 2.07156e-07 -2.07156e-07 -0.00210407 -2.07156e-07 2.07156e-07 -0.00210407 2.07156e-07 2.07156e-07 -0.00210407
1.36064 -2.19308e-07 -2.19308e-07 -0.00213213 2.19308e-07 -2.19308e-07 -0.00213213 -2.19308e-07 2.19308e-07 -0.00213213 2.19308e-07 2.19308e-07 -0.00213213
1.38062 -2.3146e-07 -2.3146e-07 -0.00216016 2.3146e-07 -2.3146e-07 -0.00216016 -2.3146e-07 2.3146e-07 -0.00216016 2.3146e-07 2.3146e-07 -0.00216016
1.4006 -2.43611e-07 -2.43611e-07 -0.00218814 2.43611e-07 -2.43611e-07 -0.00218814 -2.43611e-07 2.43611e-07 -0.00218814 2.43611e-07 2.43611e-07 -0.00218814
1.42058 -2.55762e-07 -2.55762e-07 -0.00221609 2.55762e-07 -2.55762e-07 -0.00221609 -2.55762e-07 2.55762e-07 -0.00221609 2.55762e-07 2.55762e-07 -0.00221609
1.44056 -2.6791e-07 -2.6791e-07 -0.00224399 2.6791e-07 -2.6791e-07 -0.00224399 -2.6791e-07 2.6791e-07 -0.00224399 2.6791e-07 2.6791e-07 -0.00224399
1.46054 -2.80058e-07 -2.80058e-07 -0.00227184 2.80058e-07 -2.80058e-07 -0.00227184 -2.80058e-07 2.80058e-07 -0.00227184 2.80058e-07 2.80058e-07 -0.00227184
1.48052 -2.92203e-07 -2.92203e-07 -0.00229965 2.92203e-07 -2.92203e-07 -0.00229965 -2.92203e-07 2.92203e-07 -0.00229965 2.92203e-07 2.92203e-07 -0.00229965
1.5005 -3.04348e-07 -3.04347e-07 -0.00232742 3.04347e-07 -3.04347e-07 -0.00232742 -3.04347e-07 3.04348e-07 -0.00232742 3.04347e-07 3.04347e-07 -0.00232742
1.52048 -3.16489e-07 -3.1649e-07 -0.00235513 3.1649e-07 -3.1649e-07 -0.00235513 -3.1649e-07 3.16489e-07 -0.00235513 3.1649e-07 3.1649e-07 -0.00235513
1.54046 -3.28631e-07 -3.28629e-07 -0.0023828 3.28629e-07 -3.28629e-07 -0.0023828 -3.28631e-07 3.28631e-07 -0.0023828 3.28629e-07 3.28631e-07 -0.0023828
1.56044 -3.40767e-07 -3.4077e-07 -0.00241041 3.4077e-07 -3.4077e-07 -0.00241041 -3.40767e-07 3.40767e-07 -0.00241041 3.4077e-07 3.40767e-07 -0.00241041
1.58042 -3.52903e-07 -3.52907e-07 -0.00243798 3.52908e-07 -3.52906e-07 -0.00243798 -3.52903e-07 3.52904e-07 -0.00243798 3.52907e-07 3.52904e-07 -0.00243798
1.6004 -3.65038e-07 -3.65042e-07 -0.0024655 3.65042e-07 -3.65041e-07 -0.0024655 -3.65039e-07 3.65039e-07 -0.0024655 3.65042e-07 3.65039e-07 -0.0024655
1.62038 -3.77171e-07 -3.77174e-07 -0.00249297 3.77175e-07 -3.77174e-07 -0.00249297 -3.77171e-07 3.77171e-07 -0.00249297 3.77175e-07 3.77172e-07 -0.00249297
1.64036 -3.89304e-07 -3.8931e-07 -0.00252039 3.89304e-07 -3.8931e-07 -0.00252039 -3.89304e-07 3.89298e-07 -0.00252039 3.89304e-07 3.89298e-07 -0.00252039
1.66034 -4.01439e-07 -4.0145e-07 -0.00254776 4.01425e-07 -4.01447e-07 -0.00254776 -4.01441e-07 4.01415e-07 -0.00254776 4.01423e-07 4.01417e-07 -0.00254776
1.68032 -4.13553e-07 -4.13576e-07 -0.00257508 4.13565e-07 -4.13564e-07 -0.00257508 -4.13566e-07 4.13542e-07 -0.00257508 4.13552e-07 4.13554e-07 -0.00257508
1.7003 -4.25653e-07 -4.25707e-07 -0.00260236 4.25714e-07 -4.25694e-07 -0.00260236 -4.25665e-07 4.2566e-07 -0.00260236 4.25702e-07 4.25672e-07 -0.00260236
1.72028 -4.37928e-07 -4.37741e-07 -0.00262958 4.37684e-07 -4.37747e-07 -0.00262958 -4.37921e-07 4.37871e-07 -0.00262958 4.37691e-07 4.37865e-07 -0.00262958
1.74026 -4.49905e-07 -4.50032e-07 -0.00265675 4.49947e-07 -4.50025e-07 -0.00265675 -4.49913e-07 4.4982e-07 -0.00265675 4.49939e-07 4.49827e-07 -0.00265675
1.76024 -4.62049e-07 -4.62081e-07 -0.00268388 4.62039e-07 -4.62078e-07 -0.00268388 -4.62053e-07 4.62008e-07 -0.00268388 4.62036e-07 4.62011e-07 -0.00268388
1.78022 -4.74094e-07 -4.74237e-07 -0.00271095 4.74226e-07 -4.74161e-07 -0.00271095 -4.74169e-07 4.74083e-07 -0.00271095 4.74151e-07 4.74159e-07 -0.00271096
1.8002 -4.86064e-07 -4.86625e-07 -0.00273798 4.86485e-07 -4.86561e-07 -0.00273798 -4.86129e-07 4.85923e-07 -0.00273798 4.86419e-07 4.85986e-07 -0.00273798
1.82018 -4.98357e-07 -4.98265e-07 -0.00276497 4.98415e-07 -4.98265e-07 -0.00276497 -4.9836e-07 4.98508e-07 -0.00276497 4.98413e-07 4.98508e-07 -0.00276497
1.84016 -5.10693e-07 -5.10608e-07 -0.0027919 5.10298e-07 -5.10599e-07 -0.0027919 -5.10701e-07 5.10383e-07 -0.0027919 5.1029e-07 5.10391e-07 -0.0027919
1.86014 -5.22552e-07 -5.2245e-07 -0.00281879 5.22654e-07 -5.22463e-07 -0.00281879 -5.22538e-07 5.22755e-07 -0.00281879 5.22668e-07 5.22743e-07 -0.00281879
1.88012 -5.34688e-07 -5.34882e-07 -0.00284563 5.3473e-07 -5.34896e-07 -0.00284563 -5.34673e-07 5.34536e-07 -0.00284563 5.34744e-07 5.34521e-07 -0.00284563
1.9001 -5.46832e-07 -5.47212e-07 -0.00287242 5.46792e-07 -5.47228e-07 -0.00287242 -5.46813e-07 5.46412e-07 -0.00287242 5.46811e-07 5.46395e-07 -0.00287242
1.92008 -5.58918e-07 -5.58865e-07 -0.00289917 5.58909e-07 -5.58739e-07 -0.00289917 -5.59043e-07 5.58961e-07 -0.00289917 5.58783e-07 5.59087e-07 -0.00289917
1.94006 -5.71138e-07 -5.70863e-07 -0.00292587 5.70886e-07 -5.70995e-07 -0.00292587 -5.71007e-07 5.71161e-07 -0.00292587 5.71018e-07 5.71028e-07 -0.00292587
1.96004 -5.8329e-07 -5.83348e-07 -0.00295253 5.82928e-07 -5.83427e-07 -0.00295253 -5.83209e-07 5.8287e-07 -0.00295253 5.83008e-07 5.82791e-07 -0.00295253
1.98002 -5.95306e-07 -5.94969e-07 -0.00297914 5.95102e-07 -5.95125e-07 -0.00297914 -5.95151e-07 5.95439e-07 -0.00297914 5.95257e-07 5.95282e-07 -0.00297914
2 -6.07505e-07 -6.07345e-07 -0.00300571 6.07089e-07 -6.07528e-07 -0.00300571 -6.07324e-07 6.07248e-07 -0.00300571 6.07269e-07 6.07067e-07 -0.00300571
2.01 -6.23291e-07 -2.25893e-05 -0.00304296 6.2281e-07 -2.25894e-05 -0.00304296 -5.91073e-07 -2.13733e-05 -0.00298123 5.9087e-07 -2.13735e-05 -0.00298123
2.02 -6.38724e-07 -4.43257e-05 -0.00308288 6.38428e-07 -4.43258e-05 -0.00308288 -5.74498e-07 -4.31069e-05 -0.00295506 5.74397e-07 -4.3107e-05 -0.00295506
2.03 -6.54376e-07 -6.61045e-05 -0.00312322 6.53814e-07 -6.61047e-05 -0.00312322 -5.58019e-07 -6.48828e-05 -0.00292826 5.57912e-07 -6.48831e-05 -0.00292826
2.04 -6.69917e-07 -8.79034e-05 -0.00316372 6.6935e-07 -8.79037e-05 -0.00316372 -5.41594e-07 -8.66791e-05 -0.002901 5.41519e-07 -8.66794e-05 -0.002901
2.05 -6.85511e-07 -0.000109723 -0.00320435 6.84889e-07 -0.000109723 -0.00320435 -5.25215e-07 -0.000108496 -0.00287335 5.25208e-07 -0.000108497 -0.00287335
2.06 -7.01088e-07 -0.00013156 -0.00324509 7.00499e-07 -0.000131561 -0.00324509 -5.08969e-07 -0.000130331 -0.00284532 5.08886e-07 -0.000130332 -0.00284532
2.07 -7.16422e-07 -0.000153424 -0.00328594 7.1641e-07 -0.000153423 -0.00328594 -4.92801e-07 -0.000152193 -0.0028169 4.92603e-07 -0.000152193 -0.0028169
2.08 -7.32499e-07 -0.000175316 -0.00332691 7.31634e-07 -0.000175316 -0.00332691 -4.76615e-07 -0.000174083 -0.00278808 4.76455e-07 -0.000174084 -0.00278808
2.09 -7.47889e-07 -0.000197246 -0.00336799 7.47604e-07 -0.000197246 -0.00336799 -4.60465e-07 -0.000196012 -0.00275885 4.60388e-07 -0.000196012 -0.00275885
2.1 -7.63438e-07 -0.000219219 -0.00340919 7.63474e-07 -0.000219219 -0.00340919 -4.44449e-07 -0.000217985 -0.00272919 4.44297e-07 -0.000217985 -0.00272919
2.11 -7.79254e-07 -0.000241245 -0.00345052 7.79138e-07 -0.000241245 -0.00345052 -4.28416e-07 -0.00024001 -0.00269909 4.2833e-07 -0.00024001 -0.00269909
2.12 -7.95147e-07 -0.000263333 -0.00349199 7.94786e-07 -0.000263333 -0.00349199 -4.12469e-07 -0.000262097 -0.00266853 4.12386e-07 -0.000262097 -0.00266853
2.13 -8.10805e-07 -0.000285491 -0.0035336 8.10732e-07 -0.000285491 -0.0035336 -3.96648e-07 -0.000284255 -0.00263749 3.96419e-07 -0.000284255 -0.00263749
2.14 -8.27016e-07 -0.000307727 -0.00357536 8.26187e-07 -0.000307727 -0.00357536 -3.80954e-07 -0.000306492 -0.00260595 3.80428e-07 -0.000306492 -0.00260595
2.15 -8.42896e-07 -0.000330054 -0.00361727 8.42042e-07 -0.000330054 -0.00361727 -3.65094e-07 -0.000328819 -0.00257389 3.64707e-07 -0.000328819 -0.00257389
2.16 -8.58567e-07 -0.00035248 -0.00365935 8.5817e-07 -0.00035248 -0.00365935 -3.49302e-07 -0.000351246 -0.00254129 3.49019e-07 -0.000351246 -0.00254129
2.17 -8.74796e-07 -0.000375016 -0.0037016 8.7381e-07 -0.000375016 -0.0037016 -3.33549e-07 -0.000373783 -0.0025081 3.33392e-07 -0.000373783 -0.0025081
2.18 -8.90457e-07 -0.000397675 -0.00374403 8.90087e-07 -0.000397675 -0.00374403 -3.17805e-07 -0.000396444 -0.00247432 3.17858e-07 -0.000396444 -0.00247432
2.19 -9.06325e-07 -0.000420498 -0.00378664 9.06215e-07 -0.000420498 -0.00378664 -3.02269e-07 -0.000419268 -0.00243991 3.02227e-07 -0.000419268 -0.00243991
2.2 -9.22636e-07 -0.000443468 -0.00382945 9.21978e-07 -0.000443468 -0.00382945 -2.87017e-07 -0.00044224 -0.00240484 2.86412e-07 -0.00044224 -0.00240484
2.21 -9.38428e-07 -0.000466597 -0.00387248 9.38339e-07 -0.000466597 -0.00387248 -2.71207e-07 -0.000465372 -0.00236907 2.71257e-07 -0.000465372 -0.00236907
2.22 -9.54757e-07 -0.000489902 -0.00391573 9.54246e-07 -0.000489902 -0.00391573 -2.56021e-07 -0.00048868 -0.00233256 2.55583e-07 -0.00048868 -0.00233256
2.23 -9.70773e-07 -0.000513399 -0.00395921 9.7055e-07 -0.000513399 -0.00395921 -2.40514e-07 -0.00051218 -0.00229528 2.40331e-07 -0.00051218 -0.00229528
2.24 -9.87086e-07 -0.000537107 -0.00400295 9.86645e-07 -0.000537107 -0.00400295 -2.25188e-07 -0.000535892 -0.00225717 2.25006e-07 -0.000535892 -0.00225717
2.25 -1.00328e-06 -0.000561046 -0.00404696 1.00295e-06 -0.000561046 -0.00404696 -2.0991e-07 -0.000559835 -0.00221819 2.09744e-07 -0.000559835 -0.00221819
2.26 -9.86696e-07 -0.000542696 -0.00402574 9.8638e-07 -0.000542696 -0.00402574 -2.25763e-07 -0.000541482 -0.00224443 2.25214e-07 -0.000541482 -0.00224443
2.27 -9.70132e-07 -0.000524217 -0.00400429 9.69777e-07 -0.000524217 -0.00400429 -2.41522e-07 -0.000522999 -0.00227136 2.40873e-07 -0.000522999 -0.00227136
2.28 -9.53579e-07 -0.000505591 -0.00398245 9.53169e-07 -0.000505591 -0.00398245 -2.57304e-07 -0.000504369 -0.00229941 2.56535e-07 -0.000504369 -0.00229941
2.29 -9.36983e-07 -0.000486807 -0.00396038 9.36645e-07 -0.000486807 -0.00396038 -2.72959e-07 -0.000485582 -0.00232809 2.72358e-07 -0.000485582 -0.00232809
2.3 -9.20452e-07 -0.000467895 -0.00393812 9.20109e-07 -0.000467895 -0.00393812 -2.8874e-07 -0.000466666 -0.00235728 2.88073e-07 -0.000466666 -0.00235728
2.31 -9.03987e-07 -0.000448863 -0.00391562 9.03558e-07 -0.000448863 -0.00391562 -3.0452e-07 -0.000447631 -0.00238695 3.03811e-07 -0.000447631 -0.00238695
2.32 -8.87539e-07 -0.000429739 -0.00389293 8.87044e-07 -0.000429739 -0.00389293 -3.20298e-07 -0.000428503 -0.00241702 3.19574e-07 -0.000428503 -0.00241702
2.33 -8.71024e-07 -0.000410535 -0.00387002 8.70656e-07 -0.000410535 -0.00387002 -3.3604e-07 -0.000409297 -0.00244744 3.35399e-07 -0.000409297 -0.00244744
2.34 -8.54621e-07 -0.000391268 -0.00384691 8.54216e-07 -0.000391268 -0.00384691 -3.51882e-07 -0.000390026 -0.00247816 3.51154e-07 -0.000390026 -0.00247816
2.35 -8.38158e-07 -0.000371938 -0.00382359 8.37898e-07 -0.000371938 -0.00382359 -3.67639e-07 -0.000370693 -0.00250918 3.67026e-07 -0.000370693 -0.00250918
2.36 -8.21937e-07 -0.000352557 -0.00380006 8.21401e-07 -0.000352557 -0.00380006 -3.83585e-07 -0.00035131 -0.00254047 3.82741e-07 -0.00035131 -0.00254047
2.37 -8.05383e-07 -0.000333131 -0.00377632 8.05301e-07 -0.000333131 -0.00377632 -3.99428e-07 -0.000331881 -0.00257199 3.98596e-07 -0.000331881 -0.00257199
2.38 -7.89267e-07 -0.00031366 -0.00375234 7.88829e-07 -0.000313659 -0.00375234 -4.15275e-07 -0.000312407 -0.00260377 4.14482e-07 -0.000312407 -0.00260377
2.39 -7.72978e-07 -0.000294158 -0.00372817 7.72596e-07 -0.000294158 -0.00372817 -4.31093e-07 -0.000292903 -0.00263575 4.30436e-07 -0.000292903 -0.00263575
2.4 -7.56691e-07 -0.000274622 -0.00370377 7.56427e-07 -0.000274622 -0.00370377 -4.46934e-07 -0.000273365 -0.00266792 4.46405e-07 -0.000273365 -0.00266792
2.41 -7.40547e-07 -0.000255057 -0.00367914 7.40179e-07 -0.000255057 -0.00367914 -4.62953e-07 -0.000253798 -0.00270029 4.62235e-07 -0.000253798 -0.00270029
2.42 -7.2445e-07 -0.000235463 -0.00365427 7.23951e-07 -0.000235463 -0.00365427 -4.7891e-07 -0.000234202 -0.00273285 4.78167e-07 -0.000234202 -0.00273285
2.43 -7.08302e-07 -0.000215841 -0.00362917 7.07839e-07 -0.000215841 -0.00362917 -4.94822e-07 -0.000214579 -0.00276558 4.94185e-07 -0.000214579 -0.00276558
2.44 -6.92198e-07 -0.000196191 -0.00360382 6.91747e-07 -0.000196191 -0.00360382 -5.10904e-07 -0.000194928 -0.00279849 5.10075e-07 -0.000194927 -0.00279849
2.45 -6.7606e-07 -0.000176516 -0.00357821 6.75758e-07 -0.000176516 -0.00357821 -5.26882e-07 -0.000175251 -0.00283156 5.26109e-07 -0.00017525 -0.00283156
2.46 -6.6e-07 -0.000156812 -0.00355234 6.59756e-07 -0.000156812 -0.00355234 -5.42846e-07 -0.000155546 -0.00286478 5.42201e-07 -0.000155545 -0.00286479
2.47 -6.4411e-07 -0.000137079 -0.0035262 6.43646e-07 -0.000137079 -0.0035262 -5.58925e-07 -0.000135812 -0.00289817 5.58221e-07 -0.000135812 -0.00289817
2.48 -6.28038e-07 -0.000117316 -0.00349979 6.27785e-07 -0.000117316 -0.00349979 -5.74979e-07 -0.000116048 -0.00293172 5.74309e-07 -0.000116048 -0.00293172
2.49 -6.12163e-07 -9.75214e-05 -0.00347309 6.11789e-07 -9.75211e-05 -0.00347309 -5.91182e-07 -9.62529e-05 -0.00296541 5.90292e-07 -9.62527e-05 -0.00296541
2.5 -5.96306e-07 -7.76911e-05 -0.0034461 5.95838e-07 -7.7691e-05 -0.0034461 -6.07201e-07 -7.64224e-05 -0.00299927 6.06506e-07 -7.64223e-05 -0.00299927
2.51 -5.80491e-07 -5.78244e-05 -0.00341881 5.7991e-07 -5.78244e-05 -0.00341881 -6.23317e-07 -5.65555e-05 -0.00303329 6.22666e-07 -5.65555e-05 -0.00303329
2.52 -5.64666e-07 -3.79181e-05 -0.00339121 5.64057e-07 -3.79181e-05 -0.00339121 -6.39469e-07 -3.66493e-05 -0.00306746 6.38837e-07 -3.66493e-05 -0.00306746
2.53 -5.48758e-07 -1.79705e-05 -0.00336328 5.48348e-07 -1.79703e-05 -0.00336328 -6.55702e-07 -1.67019e-05 -0.00310178 6.54974e-07 -1.67017e-05 -0.00310178
2.54 -5.33044e-07 2.0221e-06 -0.00333502 5.3251e-07 2.0221e-06 -0.00333502 -6.71816e-07 3.29024e-06 -0.00313625 6.71277e-07 3.29024e-06 -0.00313625
2.55 -5.17286e-07 2.20636e-05 -0.00330642 5.16777e-07 2.20638e-05 -0.00330642 -6.88227e-07 2.33311e-05 -0.00317088 6.87332e-07 2.33313e-05 -0.00317088
2.56 -5.01512e-07 4.21583e-05 -0.00327746 5.01128e-07 4.21586e-05 -0.00327746 -7.04514e-07 4.34249e-05 -0.00320567 7.03561e-07 4.34252e-05 -0.00320567
2.57 -4.85872e-07 6.23097e-05 -0.00324812 4.85408e-07 6.23098e-05 -0.00324812 -7.20692e-07 6.35751e-05 -0.00324061 7.19947e-07 6.35753e-05 -0.00324061
2.58 -4.70212e-07 8.25227e-05 -0.00321841 4.69773e-07 8.25228e-05 -0.00321841 -7.36959e-07 8.37869e-05 -0.00327571 7.36296e-07 8.3787e-05 -0.00327571
2.59 -4.54797e-07 0.000102802 -0.00318829 4.53954e-07 0.000102802 -0.00318829 -7.53486e-07 0.000104065 -0.00331098 7.52435e-07 0.000104065 -0.00331098
2.6 -4.38632e-07 0.000123136 -0.00315781 4.38948e-07 0.000123137 -0.00315781 -7.69426e-07 0.000124397 -0.00334636 7.69217e-07 0.000124398 -0.00334636
2.61 -4.23638e-07 0.000143565 -0.00312685 4.22839e-07 0.000143565 -0.00312685 -7.86115e-07 0.000144824 -0.00338196 7.85303e-07 0.000144824 -0.00338196
2.62 -4.08054e-07 0.000164077 -0.00309545 4.07385e-07 0.000164076 -0.00309545 -8.02404e-07 0.000165333 -0.00341774 8.01844e-07 0.000165333 -0.00341774
2.63 -3.92356e-07 0.000184679 -0.00306358 3.92112e-07 0.000184679 -0.00306358 -8.18809e-07 0.000185933 -0.00345369 8.18327e-07 0.000185933 -0.00345369
2.64 -3.7698e-07 0.00020538 -0.00303122 3.7659e-07 0.00020538 -0.00303122 -8.3542e-07 0.000206631 -0.00348982 8.34662e-07 0.000206632 -0.00348982
2.65 -3.61667e-07 0.000226185 -0.00299836 3.61065e-07 0.000226185 -0.00299836 -8.51882e-07 0.000227434 -0.00352614 8.51204e-07 0.000227434 -0.00352615
2.66 -3.45641e-07 0.000247105 -0.00296497 3.46326e-07 0.000247105 -0.00296497 -8.68272e-07 0.00024835 -0.00356266 8.6788e-07 0.00024835 -0.00356266
2.67 -3.30794e-07 0.000268147 -0.00293103 3.30481e-07 0.000268147 -0.00293103 -8.8491e-07 0.000269388 -0.00359937 8.84371e-07 0.000269388 -0.00359937
2.68 -3.15225e-07 0.000289319 -0.0028965 3.15429e-07 0.00028932 -0.0028965 -9.01679e-07 0.000290557 -0.00363629 9.00798e-07 0.000290557 -0.00363629
2.69 -2.99995e-07 0.000310635 -0.00286137 3.00114e-07 0.000310636 -0.00286137 -9.18369e-07 0.000311869 -0.00367342 9.17369e-07 0.000311869 -0.00367342
2.7 -2.84834e-07 0.000332103 -0.00282561 2.84803e-07 0.000332103 -0.00282561 -9.35038e-07 0.000333332 -0.00371077 9.34032e-07 0.000333332 -0.00371077
2.71 -2.69767e-07 0.000353735 -0.00278918 2.69476e-07 0.000353735 -0.00278918 -9.51456e-07 0.00035496 -0.00374834 9.51017e-07 0.00035496 -0.00374834
2.72 -2.5463e-07 0.000375543 -0.00275204 2.54298e-07 0.000375544 -0.00275204 -9.68672e-07 0.000376763 -0.00378616 9.67278e-07 0.000376764 -0.00378616
2.73 -2.39505e-07 0.000397543 -0.00271417 2.39191e-07 0.000397543 -0.00271417 -9.85129e-07 0.000398757 -0.00382422 9.84375e-07 0.000398757 -0.00382422
2.74 -2.24551e-07 0.000419747 -0.00267553 2.24e-07 0.000419747 -0.00267552 -1.00223e-06 0.000420956 -0.00386253 1.00091e-06 0.000420956 -0.00386253
2.75 -2.09366e-07 0.000442171 -0.00263606 2.09123e-07 0.000442171 -0.00263606 -1.01886e-06 0.000443374 -0.00390112 1.018e-06 0.000443374 -0.00390112
2.76 -2.25045e-07 0.000424011 -0.00266155 2.24856e-07 0.000424011 -0.00266155 -1.0022e-06 0.000425217 -0.00388021 1.00137e-06 0.000425217 -0.00388021
2.77 -2.40851e-07 0.000405685 -0.00268764 2.40494e-07 0.000405685 -0.00268764 -9.85575e-07 0.000406895 -0.00385909 9.84668e-07 0.000406895 -0.00385909
2.78 -2.56609e-07 0.000387195 -0.00271463 2.56219e-07 0.000387195 -0.00271463 -9.68922e-07 0.000388408 -0.00383766 9.67992e-07 0.000388408 -0.00383766
2.79 -2.72292e-07 0.000368509 -0.00274232 2.72032e-07 0.00036851 -0.00274232 -9.52317e-07 0.000369726 -0.00381596 9.51302e-07 0.000369726 -0.00381596
2.8 -2.8806e-07 0.000349669 -0.00277054 2.87769e-07 0.000349669 -0.00277054 -9.35678e-07 0.000350889 -0.00379405 9.34695e-07 0.000350889 -0.00379405
2.81 -3.03814e-07 0.000330689 -0.00279924 3.03537e-07 0.00033069 -0.00279924 -9.19049e-07 0.000331913 -0.00377191 9.18123e-07 0.000331913 -0.00377191
2.82 -3.19592e-07 0.000311596 -0.00282836 3.19299e-07 0.000311596 -0.00282836 -9.02489e-07 0.000312822 -0.00374955 9.01535e-07 0.000312823 -0.00374955
2.83 -3.3538e-07 0.000292406 -0.00285783 3.35075e-07 0.000292406 -0.00285783 -8.85926e-07 0.000293635 -0.00372697 8.85003e-07 0.000293636 -0.00372697
2.84 -3.51092e-07 0.000273127 -0.00288764 3.50952e-07 0.000273128 -0.00288764 -8.69487e-07 0.00027436 -0.00370418 8.68404e-07 0.00027436 -0.00370418
2.85 -3.66995e-07 0.00025377 -0.00291775 3.66668e-07 0.000253771 -0.00291775 -8.52904e-07 0.000255006 -0.00368117 8.52008e-07 0.000255006 -0.00368117
2.86 -3.82812e-07 0.000234346 -0.00294815 3.82501e-07 0.000234346 -0.00294815 -8.36462e-07 0.000235584 -0.00365794 8.3553e-07 0.000235584 -0.00365794
2.87 -3.98661e-07 0.000214858 -0.0029788 3.98335e-07 0.000214858 -0.0029788 -8.19987e-07 0.000216099 -0.00363448 8.19146e-07 0.000216099 -0.00363448
2.88 -4.14426e-07 0.000195311 -0.0030097 4.14288e-07 0.000195312 -0.0030097 -8.03697e-07 0.000196554 -0.0036108 8.02636e-07 0.000196555 -0.0036108
2.89 -4.30362e-07 0.0001757 -0.00304089 4.30108e-07 0.0001757 -0.00304089 -7.87208e-07 0.000176945 -0.00358686 7.86384e-07 0.000176945 -0.00358686
2.9 -4.46168e-07 0.000156046 -0.00307226 4.46091e-07 0.000156046 -0.00307226 -7.70915e-07 0.000157293 -0.0035627 7.7e-07 0.000157294 -0.0035627
2.91 -4.6228e-07 0.000136342 -0.00310385 4.61807e-07 0.000136342 -0.00310385 -7.54454e-07 0.000137591 -0.00353831 7.53842e-07 0.000137591 -0.0035383
2.92 -4.78109e-07 0.00011659 -0.00313565 4.77844e-07 0.00011659 -0.00313565 -7.3838e-07 0.000117841 -0.00351366 7.37359e-07 0.000117841 -0.00351366
2.93 -4.94121e-07 9.67899e-05 -0.00316764 4.93737e-07 9.67902e-05 -0.00316764 -7.22074e-07 9.80428e-05 -0.00348875 7.21169e-07 9.80431e-05 -0.00348875
2.94 -5.09977e-07 7.69424e-05 -0.00319983 5.09825e-07 7.69428e-05 -0.00319983 -7.05941e-07 7.81967e-05 -0.00346359 7.04863e-07 7.81972e-05 -0.00346359
2.95 -5.26137e-07 5.70471e-05 -0.0032322 5.25651e-07 5.7047e-05 -0.0032322 -6.894e-07 5.83027e-05 -0.00343815 6.89027e-07 5.83026e-05 -0.00343815
2.96 -5.4202e-07 3.71031e-05 -0.00326477 5.41795e-07 3.71036e-05 -0.00326477 -6.73578e-07 3.83598e-05 -0.00341244 6.72535e-07 3.83602e-05 -0.00341244
2.97 -5.58043e-07 1.7108e-05 -0.00329752 5.57842e-07 1.71084e-05 -0.00329752 -6.5735e-07 1.83656e-05 -0.00338644 6.56505e-07 1.83659e-05 -0.00338644
2.98 -5.74185e-07 -2.93921e-06 -0.00333046 5.73811e-07 -2.93891e-06 -0.00333046 -6.41325e-07 -1.68097e-06 -0.00336015 6.40338e-07 -1.68066e-06 -0.00336015
2.99 -5.90389e-07 -2.30405e-05 -0.00336358 5.89765e-07 -2.30407e-05 -0.00336358 -6.24958e-07 -2.17818e-05 -0.00333356 6.24569e-07 -2.17819e-05 -0.00333356
3 -6.06226e-07 -4.31984e-05 -0.00339688 6.06127e-07 -4.31979e-05 -0.00339688 -6.09211e-07 -4.19393e-05 -0.00330665 6.08242e-07 -4.19389e-05 -0.00330665
3.01 -6.22477e-07 -6.34144e-05 -0.00343036 6.22122e-07 -6.34142e-05 -0.00343036 -5.93109e-07 -6.21553e-05 -0.00327942 5.92329e-07 -6.2155e-05 -0.00327942
3.02 -6.38721e-07 -8.36923e-05 -0.00346401 6.38168e-07 -8.36923e-05 -0.00346401 -5.7708e-07 -8.24333e-05 -0.00325186 5.76406e-07 -8.24333e-05 -0.00325186
3.03 -6.54658e-07 -0.000104036 -0.00349785 6.54569e-07 -0.000104036 -0.00349785 -5.61284e-07 -0.000102778 -0.00322395 5.60308e-07 -0.000102777 -0.00322395
3.04 -6.7079e-07 -0.000124449 -0.00353186 6.70821e-07 -0.000124449 -0.00353186 -5.45151e-07 -0.000123191 -0.00319568 5.44606e-07 -0.000123191 -0.00319568
3.05 -6.87256e-07 -0.000144937 -0.00356605 6.86788e-07 -0.000144937 -0.00356605 -5.29164e-07 -0.00014368 -0.00316704 5.28823e-07 -0.00014368 -0.00316704
3.06 -7.03238e-07 -0.000165502 -0.00360042 7.03288e-07 -0.000165501 -0.00360042 -5.13552e-07 -0.000164245 -0.00313801 5.12723e-07 -0.000164245 -0.00313801
3.07 -7.19659e-07 -0.000186151 -0.00363498 7.19401e-07 -0.000186151 -0.00363498 -4.97596e-07 -0.000184896 -0.00310859 4.9703e-07 -0.000184896 -0.00310859
3.08 -7.35856e-07 -0.000206889 -0.00366973 7.35789e-07 -0.000206888 -0.00366973 -4.81933e-07 -0.000205635 -0.00307875 4.81108e-07 -0.000205634 -0.00307875
3.09 -7.52464e-07 -0.000227702 -0.00370462 7.51818e-07 -0.000227702 -0.00370461 -4.66071e-07 -0.000226449 -0.00304852 4.65446e-07 -0.000226449 -0.00304852
3.1 -7.68564e-07 -0.000248633 -0.00373974 7.6841e-07 -0.000248633 -0.00373974 -4.50103e-07 -0.000247383 -0.0030178 4.49957e-07 -0.000247383 -0.0030178
3.11 -7.8482e-07 -0.000269673 -0.00377506 7.84901e-07 -0.000269673 -0.00377506 -4.34502e-07 -0.000268425 -0.00298662 4.34164e-07 -0.000268424 -0.00298662
3.12 -8.01296e-07 -0.000290826 -0.00381058 8.0123e-07 -0.000290826 -0.00381058 -4.19035e-07 -0.00028958 -0.00295495 4.18305e-07 -0.00028958 -0.00295495
3.13 -8.18029e-07 -0.000312103 -0.0038463 8.17356e-07 -0.000312103 -0.0038463 -4.03329e-07 -0.00031086 -0.00292278 4.02749e-07 -0.00031086 -0.00292278
3.14 -8.34117e-07 -0.000333508 -0.00388223 8.34192e-07 -0.000333508 -0.00388223 -3.87427e-07 -0.000332268 -0.00289008 3.87461e-07 -0.000332268 -0.00289008
3.15 -8.50749e-07 -0.000355055 -0.00391837 8.50543e-07 -0.000355054 -0.00391837 -3.72718e-07 -0.000353818 -0.00285683 3.71046e-07 -0.000353817 -0.00285682
3.16 -8.67288e-07 -0.000376748 -0.00395474 8.67051e-07 -0.000376748 -0.00395474 -3.56545e-07 -0.000375514 -0.002823 3.56169e-07 -0.000375514 -0.002823
3.17 -8.84052e-07 -0.000398601 -0.00399132 8.83401e-07 -0.0003986 -0.00399132 -3.41292e-07 -0.00039737 -0.00278857 3.40443e-07 -0.00039737 -0.00278857
3.18 -9.00327e-07 -0.00042062 -0.00402814 9.00304e-07 -0.00042062 -0.00402814 -3.25599e-07 -0.000419394 -0.00275351 3.2523e-07 -0.000419394 -0.00275351
3.19 -9.17265e-07 -0.000442822 -0.0040652 9.16615e-07 -0.000442822 -0.0040652 -3.10358e-07 -0.0004416 -0.0027178 3.09644e-07 -0.0004416 -0.0027178
3.2 -9.33445e-07 -0.000465213 -0.00410251 9.33757e-07 -0.000465213 -0.00410251 -2.94996e-07 -0.000463996 -0.0026814 2.94255e-07 -0.000463995 -0.0026814
3.21 -9.50307e-07 -0.000487809 -0.00414007 9.5029e-07 -0.000487809 -0.00414007 -2.79892e-07 -0.000486597 -0.00264428 2.78685e-07 -0.000486596 -0.00264428
3.22 -9.67033e-07 -0.000510621 -0.0041779 9.67039e-07 -0.000510621 -0.0041779 -2.63751e-07 -0.000509414 -0.00260639 2.6424e-07 -0.000509414 -0.00260639
3.23 -9.84074e-07 -0.000533665 -0.004216 9.83549e-07 -0.000533665 -0.004216 -2.48798e-07 -0.000532463 -0.00256772 2.48684e-07 -0.000532463 -0.00256772
3.24 -1.00073e-06 -0.000556953 -0.00425438 1.00053e-06 -0.000556953 -0.00425438 -2.33678e-07 -0.000555757 -0.00252821 2.33386e-07 -0.000555757 -0.00252821
3.25 -1.01803e-06 -0.000580502 -0.00429306 1.01695e-06 -0.000580502 -0.00429306 -2.18737e-07 -0.000579312 -0.00248782 2.17998e-07 -0.000579312 -0.00248782
3.26 -1.00139e-06 -0.000562425 -0.00427244 1.00034e-06 -0.000562425 -0.00427244 -2.3443e-07 -0.000561232 -0.00251303 2.33954e-07 -0.000561232 -0.00251303
3.27 -9.84738e-07 -0.000544119 -0.00425161 9.83676e-07 -0.00054412 -0.00425161 -2.5028e-07 -0.000542923 -0.00253885 2.49769e-07 -0.000542923 -0.00253885
3.28 -9.68094e-07 -0.000525578 -0.0042305 9.66999e-07 -0.000525579 -0.0042305 -2.65951e-07 -0.000524378 -0.0025655 2.65781e-07 -0.000524378 -0.0025655
3.29 -9.5142e-07 -0.000506816 -0.00420911 9.50388e-07 -0.000506816 -0.00420911 -2.81691e-07 -0.000505612 -0.00259288 2.81714e-07 -0.000505612 -0.00259288
3.3 -9.34712e-07 -0.000487863 -0.00418749 9.33848e-07 -0.000487863 -0.00418749 -2.97565e-07 -0.000486655 -0.00262084 2.97515e-07 -0.000486656 -0.00262084
3.31 -9.18074e-07 -0.000468762 -0.00416566 9.17284e-07 -0.000468763 -0.00416566 -3.13389e-07 -0.000467551 -0.00264926 3.13373e-07 -0.000467552 -0.00264926
3.32 -9.015e-07 -0.000449516 -0.0041436 9.00699e-07 -0.000449517 -0.0041436 -3.29195e-07 -0.000448302 -0.00267815 3.29257e-07 -0.000448302 -0.00267815
3.33 -8.84936e-07 -0.000430154 -0.00412132 8.84152e-07 -0.000430155 -0.00412132 -3.45088e-07 -0.000428936 -0.00270741 3.45073e-07 -0.000428937 -0.00270741
3.34 -8.68429e-07 -0.000410688 -0.00409882 8.67598e-07 -0.000410688 -0.00409882 -3.60977e-07 -0.000409467 -0.00273703 3.60914e-07 -0.000409467 -0.00273703
3.35 -8.51904e-07 -0.000391125 -0.0040761 8.51117e-07 -0.000391126 -0.0040761 -3.76873e-07 -0.000389901 -0.00276698 3.76769e-07 -0.000389901 -0.00276698
3.36 -8.35439e-07 -0.000371481 -0.00405316 8.34627e-07 -0.000371481 -0.00405316 -3.92724e-07 -0.000370253 -0.00279723 3.92695e-07 -0.000370254 -0.00279723
3.37 -8.18999e-07 -0.000351758 -0.00403 8.18168e-07 -0.000351758 -0.00403 -4.0864e-07 -0.000350527 -0.00282775 4.08583e-07 -0.000350528 -0.00282775
3.38 -8.02501e-07 -0.000331964 -0.00400661 8.01821e-07 -0.000331965 -0.00400661 -4.24536e-07 -0.000330731 -0.00285854 4.24521e-07 -0.000330732 -0.00285854
3.39 -7.86178e-07 -0.000312105 -0.003983 7.85357e-07 -0.000312105 -0.003983 -4.4058e-07 -0.000310869 -0.00288958 4.40342e-07 -0.000310869 -0.00288958
3.4 -7.69782e-07 -0.000292168 -0.00395911 7.6902e-07 -0.000292168 -0.00395911 -4.56446e-07 -0.00029093 -0.0029209 4.56376e-07 -0.00029093 -0.0029209
3.41 -7.53377e-07 -0.000272182 -0.00393501 7.5275e-07 -0.000272182 -0.00393501 -4.72339e-07 -0.000270941 -0.00295242 4.72413e-07 -0.000270941 -0.00295242
3.42 -7.37203e-07 -0.000252137 -0.00391066 7.36304e-07 -0.000252137 -0.00391066 -4.88364e-07 -0.000250894 -0.00298415 4.88354e-07 -0.000250895 -0.00298415
3.43 -7.20859e-07 -0.000232035 -0.00388605 7.20087e-07 -0.000232035 -0.00388605 -5.04444e-07 -0.00023079 -0.00301609 5.04274e-07 -0.000230791 -0.00301609
3.44 -7.04631e-07 -0.000211875 -0.00386118 7.03809e-07 -0.000211875 -0.00386118 -5.20389e-07 -0.000210628 -0.00304824 5.20367e-07 -0.000210629 -0.00304824
3.45 -6.88341e-07 -0.000191659 -0.00383603 6.87651e-07 -0.000191659 -0.00383603 -5.36332e-07 -0.00019041 -0.00308059 5.36499e-07 -0.000190411 -0.00308059
3.46 -6.72251e-07 -0.000171383 -0.00381061 6.71349e-07 -0.000171383 -0.00381061 -5.52436e-07 -0.000170133 -0.00311313 5.52508e-07 -0.000170134 -0.00311313
3.47 -6.56133e-07 -0.000151048 -0.00378491 6.55136e-07 -0.000151048 -0.00378491 -5.68535e-07 -0.000149797 -0.00314588 5.68561e-07 -0.000149797 -0.00314588
3.48 -6.39955e-07 -0.000130648 -0.00375891 6.39035e-07 -0.000130648 -0.00375891 -5.84735e-07 -0.000129396 -0.00317882 5.84555e-07 -0.000129396 -0.00317882
3.49 -6.23691e-07 -0.000110186 -0.0037326 6.23086e-07 -0.000110187 -0.0037326 -6.00744e-07 -0.000108934 -0.00321196 6.00781e-07 -0.000108934 -0.00321196
3.5 -6.07753e-07 -8.96572e-05 -0.00370598 6.06865e-07 -8.96575e-05 -0.00370598 -6.1699e-07 -8.84036e-05 -0.00324528 6.16812e-07 -8.8404e-05 -0.00324528
3.51 -5.91704e-07 -6.90602e-05 -0.00367903 5.90818e-07 -6.90607e-05 -0.00367903 -6.32963e-07 -6.78061e-05 -0.0032788 6.33158e-07 -6.78066e-05 -0.0032788
3.52 -5.75492e-07 -4.8389e-05 -0.00365174 5.74989e-07 -4.83894e-05 -0.00365174 -6.49147e-07 -4.71346e-05 -0.0033125 6.49338e-07 -4.71349e-05 -0.0033125
3.53 -5.59726e-07 -2.7643e-05 -0.0036241 5.58781e-07 -2.76435e-05 -0.0036241 -6.65471e-07 -2.63885e-05 -0.00334639 6.65424e-07 -2.63889e-05 -0.00334639
3.54 -5.43446e-07 -6.8137e-06 -0.00359609 5.43144e-07 -6.81394e-06 -0.00359609 -6.81586e-07 -5.55922e-06 -0.00338047 6.81763e-07 -5.55946e-06 -0.00338047
3.55 -5.27851e-07 1.41001e-05 -0.00356771 5.26885e-07 1.40997e-05 -0.00356771 -6.97926e-07 1.53543e-05 -0.00341474 6.97926e-07 1.53538e-05 -0.00341474
3.56 -5.11786e-07 3.51071e-05 -0.00353893 5.11155e-07 3.51066e-05 -0.00353893 -7.1405e-07 3.63607e-05 -0.00344921 7.14352e-07 3.63603e-05 -0.00344921
3.57 -4.9604e-07 5.62087e-05 -0.00350974 4.95173e-07 5.62084e-05 -0.00350974 -7.30578e-07 5.74616e-05 -0.00348387 7.30425e-07 5.74613e-05 -0.00348387
3.58 -4.79883e-07 7.74155e-05 -0.00348013 4.79665e-07 7.74155e-05 -0.00348013 -7.46854e-07 7.86675e-05 -0.00351873 7.46799e-07 7.86674e-05 -0.00351873
3.59 -4.64521e-07 9.87086e-05 -0.00345013 4.63427e-07 9.87081e-05 -0.00345013 -7.63178e-07 9.99594e-05 -0.00355374 7.63179e-07 9.99589e-05 -0.00355374
3.6 -4.48416e-07 0.000120139 -0.00341962 4.47995e-07 0.000120139 -0.00341962 -7.79614e-07 0.000121388 -0.003589 7.795e-07 0.000121388 -0.003589
3.61 -4.3272e-07 0.000141694 -0.00338863 4.32232e-07 0.000141694 -0.00338863 -7.96204e-07 0.000142942 -0.00362448 7.95723e-07 0.000142942 -0.00362448
3.62 -4.16662e-07 0.000163383 -0.00335714 4.16894e-07 0.000163383 -0.00335714 -8.12543e-07 0.000164629 -0.00366016 8.12252e-07 0.000164629 -0.00366016
3.63 -4.01376e-07 0.000185214 -0.00332513 4.00856e-07 0.000185215 -0.00332513 -8.29151e-07 0.000186458 -0.00369606 8.28572e-07 0.000186458 -0.00369606
3.64 -3.85822e-07 0.000207196 -0.00329258 3.85157e-07 0.000207196 -0.00329258 -8.45663e-07 0.000208437 -0.00373218 8.45048e-07 0.000208437 -0.00373218
3.65 -3.7003e-07 0.00022934 -0.00325945 3.6977e-07 0.00022934 -0.00325945 -8.62172e-07 0.000230578 -0.00376853 8.61588e-07 0.000230579 -0.00376853
3.66 -3.55236e-07 0.000251654 -0.00322573 3.53462e-07 0.000251654 -0.00322573 -8.78932e-07 0.00025289 -0.00380511 8.77943e-07 0.000252889 -0.00380511
3.67 -3.38326e-07 0.000274152 -0.00319138 3.39348e-07 0.000274152 -0.00319138 -8.94956e-07 0.000275384 -0.00384194 8.951e-07 0.000275385 -0.00384194
3.68 -3.23655e-07 0.000296843 -0.00315639 3.23076e-07 0.000296843 -0.00315639 -9.11807e-07 0.000298072 -0.00387901 9.11496e-07 0.000298072 -0.00387901
3.69 -3.07739e-07 0.000319744 -0.00312071 3.08127e-07 0.000319744 -0.00312071 -9.28372e-07 0.000320969 -0.00391634 9.28251e-07 0.000320969 -0.00391634
3.7 -2.92983e-07 0.000342864 -0.00308431 2.92106e-07 0.000342864 -0.00308431 -9.44933e-07 0.000344085 -0.00395394 9.45083e-07 0.000344085 -0.00395394
3.71 -2.77399e-07 0.000366219 -0.00304716 2.76994e-07 0.000366218 -0.00304716 -9.61014e-07 0.000367436 -0.0039918 9.62471e-07 0.000367435 -0.0039918
3.72 -2.62234e-07 0.000389822 -0.00300921 2.61555e-07 0.000389822 -0.00300921 -9.78486e-07 0.000391034 -0.00402996 9.78546e-07 0.000391034 -0.00402996
3.73 -2.46969e-07 0.000413691 -0.00297045 2.46303e-07 0.00041369 -0.00297045 -9.95518e-07 0.000414897 -0.0040684 9.95143e-07 0.000414897 -0.0040684
3.74 -2.3175e-07 0.000437838 -0.0029308 2.31102e-07 0.000437838 -0.0029308 -1.01208e-06 0.00043904 -0.00410715 1.01229e-06 0.000439039 -0.00410715
3.75 -2.16658e-07 0.000462282 -0.00289024 2.15868e-07 0.000462282 -0.00289024 -1.02919e-06 0.000463478 -0.00414621 1.02899e-06 0.000463477 -0.00414621
3.76 -2.32055e-07 0.000444241 -0.00291512 2.32072e-07 0.000444241 -0.00291512 -1.01245e-06 0.00044544 -0.00412571 1.01234e-06 0.00044544 -0.00412571
3.77 -2.47752e-07 0.000425937 -0.00294056 2.47962e-07 0.000425937 -0.00294056 -9.95715e-07 0.000427139 -0.004105 9.9563e-07 0.000427139 -0.004105
3.78 -2.57701e-07 0.000407366 -0.0029668 2.69607e-07 0.000407373 -0.0029668 -9.80239e-07 0.000408572 -0.00408401 9.77644e-07 0.000408579 -0.00408401
3.79 -2.92362e-07 0.000388568 -0.00299376 2.66528e-07 0.000388553 -0.00299375 -9.59963e-07 0.000389778 -0.00406275 9.64486e-07 0.000389762 -0.00406274
3.8 -3.15557e-07 0.000369553 -0.00302131 2.74915e-07 0.000369529 -0.0030213 -9.41753e-07 0.000370766 -0.00404123 9.49295e-07 0.000370742 -0.00404121
3.81 -3.39074e-07 0.000350375 -0.00304934 2.82984e-07 0.000350342 -0.00304931 -9.23542e-07 0.000351591 -0.0040195 9.34144e-07 0.000351558 -0.00401947
3.82 -3.62464e-07 0.000331034 -0.00307783 2.91193e-07 0.000330992 -0.0030778 -9.05242e-07 0.000332254 -0.00399752 9.19121e-07 0.000332212 -0.00399749
3.83 -3.86186e-07 0.000311562 -0.00310672 2.99085e-07 0.00031151 -0.00310668 -8.86557e-07 0.000312785 -0.00397531 9.04524e-07 0.000312733 -0.00397528
3.84 -4.09761e-07 0.00029197 -0.00313596 3.07145e-07 0.000291907 -0.00313593 -8.6788e-07 0.000293196 -0.00395287 8.89965e-07 0.000293134 -0.00395284
3.85 -4.33314e-07 0.000272267 -0.00316555 3.15252e-07 0.000272195 -0.00316551 -8.48954e-07 0.000273496 -0.00393021 8.75704e-07 0.000273424 -0.00393017
3.86 -4.56904e-07 0.000252468 -0.00319545 3.23346e-07 0.000252385 -0.0031954 -8.29914e-07 0.0002537 -0.00390731 8.61606e-07 0.000253618 -0.00390726
3.87 -4.80516e-07 0.000232576 -0.00322563 3.31446e-07 0.000232484 -0.00322557 -8.11069e-07 0.000233812 -0.00388417 8.47361e-07 0.000233719 -0.00388412
3.88 -5.03926e-07 0.0002126 -0.00325608 3.39783e-07 0.000212497 -0.00325602 -7.91769e-07 0.000213838 -0.0038608 8.33622e-07 0.000213735 -0.00386074
3.89 -5.27522e-07 0.00019254 -0.00328681 3.47965e-07 0.000192427 -0.00328674 -7.72266e-07 0.000193781 -0.00383717 8.20139e-07 0.000193668 -0.00383711
3.9 -5.50732e-07 0.000172388 -0.00331782 3.56566e-07 0.000172264 -0.00331775 -7.53057e-07 0.000173631 -0.00381327 8.06413e-07 0.000173508 -0.0038132
3.91 -5.74273e-07 0.000152171 -0.00334904 3.64873e-07 0.000152037 -0.00334896 -7.33845e-07 0.000153416 -0.00378913 7.92742e-07 0.000153283 -0.00378906
3.92 -5.97271e-07 0.000131878 -0.00338048 3.73757e-07 0.000131734 -0.00338041 -7.14276e-07 0.000133125 -0.00376473 7.79485e-07 0.000132981 -0.00376465
3.93 -6.20618e-07 0.00011151 -0.00341216 3.82329e-07 0.000111356 -0.00341208 -6.94843e-07 0.00011276 -0.00374005 7.66142e-07 0.000112605 -0.00373997
3.94 -6.43429e-07 9.10667e-05 -0.00344405 3.91478e-07 9.09023e-05 -0.00344396 -6.75385e-07 9.23178e-05 -0.00371509 7.5288e-07 9.21536e-05 -0.00371501
3.95 -6.66533e-07 7.05467e-05 -0.00347616 4.00372e-07 7.03719e-05 -0.00347607 -6.55727e-07 7.17993e-05 -0.00368984 7.39871e-07 7.16247e-05 -0.00368975
3.96 -6.8929e-07 4.99479e-05 -0.00350848 4.09652e-07 4.97632e-05 -0.00350839 -6.3623e-07 5.12019e-05 -0.00366429 7.26755e-07 5.10174e-05 -0.0036642
3.97 -7.12005e-07 2.92685e-05 -0.00354102 4.19018e-07 2.90739e-05 -0.00354092 -6.16654e-07 3.05237e-05 -0.00363844 7.13776e-07 3.03293e-05 -0.00363834
3.98 -7.34487e-07 8.50522e-06 -0.00357377 4.28659e-07 8.30121e-06 -0.00357366 -5.97414e-07 9.76147e-06 -0.00361226 7.00516e-07 9.55762e-06 -0.00361216
3.99 -7.57003e-07 -1.23439e-05 -0.00360673 4.3831e-07 -1.25576e-05 -0.00360662 -5.77976e-07 -1.10869e-05 -0.00358576 6.87513e-07 -1.13004e-05 -0.00358565
4 -7.79271e-07 -3.32822e-05 -0.00363989 4.48252e-07 -3.35055e-05 -0.00363977 -5.58254e-07 -3.20245e-05 -0.00355891 6.74849e-07 -3.22476e-05 -0.0035588
