0.01 -0.124692 0.00707083 -0.00336113 0.00317241 -0.115161 -0.0804725
0.02 -0.179418 0.0041615 0.0119207 -0.0142549 0.106082 -0.0485374
0.03 -0.255372 0.00436826 -0.0144677 0.017182 -0.0955479 -0.0729254
0.04 -0.242422 0.00228179 0.00396734 -0.0160521 0.013918 -0.0312901
0.05 -0.242096 -0.000931738 0.00622877 0.0104793 -0.0158522 -0.0111439
0.06 -0.193821 -0.000473264 -0.00646942 -0.00268482 -0.0292927 -0.0171409
0.07 -0.146432 -0.0020737 0.00405364 0.0116142 0.00682494 -0.00805147
0.08 -0.0863845 -0.00523968 -0.000827732 -0.00975701 -0.0146294 0.0203847
0.09 -0.0237883 -0.00607684 -0.00035911 0.00154208 -0.00169998 0.0120976
0.1 0.0116212 -0.0112931 -0.00126634 -0.00556932 0.00656591 0.0803197
0.11 0.019435 -0.007841 -0.000538913 0.00102509 -0.00198994 0.0589792
0.12 0.0140132 -0.00450327 0.000562018 -0.00517745 0.00341952 0.0480972
0.13 -0.0354874 -0.00266549 0.000398635 0.00746469 -0.00135208 0.0417376
0.14 -0.066531 0.00220654 0.000159331 -0.0012497 0.000582318 0.0249082
0.15 -0.1172 0.00191902 0.000336332 0.00373464 -0.008244 0.0178601
0.16 -0.134355 0.00349184 -0.00081534 -0.00315855 -0.00371208 0.0165258
0.17 -0.159675 0.00327172 0.000945001 0.00511918 -0.00878556 0.0161733
0.18 -0.133468 0.00794658 -8.30675e-05 -0.00425835 -0.0014984 -0.0110791
0.19 -0.100486 0.00620233 -0.000975744 0.000582988 -0.00692573 -0.0205986
0.2 -0.0197 0.0051502 0.000109164 0.000486796 0.00803563 -0.00578032
0.21 0.0726244 0.00177045 0.000920613 0.00353026 0.00884365 0.00833862
0.22 0.180706 -0.00327943 -0.000164338 0.00084953 0.0171719 0.0489407
0.23 0.272336 -0.00711184 2.83733e-05 0.00151777 0.0250389 0.0633273
0.24 0.346341 -0.00779766 5.34592e-05 0.00112065 0.028012 0.0812454
0.25 0.38562 -0.00660928 0.000216369 -0.00311703 0.0340107 0.0601056
0.26 0.403591 -0.0061782 -0.00221546 -0.00357462 0.0307702 0.0471687
0.27 0.387893 -0.00496321 0.000878671 0.00104138 0.0337549 0.0306303
0.28 0.369322 -0.000545519 -0.000113699 -0.000785135 0.0311731 0.0102871
0.29 0.327001 0.000229962 0.000950399 0.00258495 0.0260988 -0.00386327
0.3 0.299873 0.00453966 -0.000601359 0.000308742 0.0272538 -0.0245513
0.31 0.27087 0.00685704 0.00133602 0.00243974 0.022709 -0.0430525
0.32 0.271252 0.0089368 -0.000464074 -0.00192487 0.0244514 -0.0540832
0.33 0.279417 0.00587631 -0.000103863 -0.00147934 0.0230793 -0.0522029
0.34 0.320856 0.00634061 -0.000661811 -0.00160143 0.0270324 -0.0525331
0.35 0.358366 0.00466112 0.000596159 -0.00145648 0.0281493 -0.035598
0.36 0.40859 0.00306925 -0.000571079 -0.000320651 0.0320692 -0.0274914
0.37 0.444453 0.00228278 0.000491472 -0.000525758 0.0329639 -0.023581
0.38 0.468809 0.000798104 -0.000415984 0.000835886 0.0349686 -0.00838691
0.39 0.467181 -0.00115571 0.00109469 -0.000709321 0.034848 -0.0019711
0.4 0.441151 -0.00374082 -0.00131058 -0.00148254 0.0309843 0.00959032
0.41 0.385253 -0.00267284 0.000452641 -0.00211291 0.0282735 0.00397035
0.42 0.305774 -0.00050851 -0.00105339 -0.00104321 0.0206241 -0.000324082
0.43 0.207741 0.00126442 0.00121196 0.000439354 0.0153017 -0.0190483
0.44 0.110661 0.00455306 -0.00104146 -0.000196352 0.0054008 -0.0413828
0.45 0.0147274 0.00554614 0.00133324 0.00325775 0.000356009 -0.0497835
0.46 -0.0593278 0.00561515 7.37591e-05 0.00164485 -0.00650062 -0.0535416
0.47 -0.120058 0.00399656 0.000608557 0.000987886 -0.011493 -0.0463253
0.48 -0.155529 0.00388972 -0.000703029 -0.000767592 -0.0147688 -0.0392888
0.49 -0.185922 0.00213821 0.000155655 0.000146626 -0.018188 -0.0180294
0.5 -0.200924 0.000350279 6.63284e-05 -0.00116253 -0.0185562 -0.0100973
0.51 -0.223453 -0.00161716 -0.00108707 -0.00200395 -0.0239106 0.0042571
0.52 -0.250763 -0.00370282 0.000591221 0.00217389 -0.0241576 0.016619
0.53 -0.293613 -0.00436511 -0.000161031 -0.00118461 -0.0287765 0.0205901
0.54 -0.354611 -0.00559063 0.000364013 0.00163978 -0.0347719 0.0242716
0.55 -0.430661 -0.00381799 -0.00046192 -0.00187048 -0.0387061 0.0152853
0.56 -0.520522 -0.00361289 0.000221133 0.000908738 -0.0478717 0.0108756
0.57 -0.613337 -0.00276447 5.2433e-05 -0.00216195 -0.0514961 -0.00221847
0.58 -0.703455 -0.00266796 -0.000642035 -0.000584497 -0.0612802 -0.0114687
0.59 -0.78088 -0.00169978 0.000470542 0.00133293 -0.0644352 -0.0207796
0.6 -0.837621 -0.00100956 0.000307509 0.000446024 -0.0690968 -0.0286128
0.61 -0.871297 -0.00102688 0.000158642 0.00202384 -0.0715462 -0.0320544
0.62 -0.874301 -0.000912207 0.000400794 0.00100251 -0.0711862 -0.033084
0.63 -0.854384 -0.002616 -0.00031295 0.000223283 -0.0697577 -0.0216478
0.64 -0.808335 -0.00470569 0.000456163 -0.000133249 -0.0652701 -0.0111167
0.65 -0.753353 -0.00696835 -0.00111793 -0.00163808 -0.0618766 0.0120547
0.66 -0.688838 -0.00753719 0.000385219 0.0002978 -0.0564232 0.0249623
0.67 -0.629505 -0.00703002 -0.000792887 -0.00151105 -0.0506769 0.0389886
0.68 -0.578458 -0.00691827 0.000550487 0.0024561 -0.047694 0.0473868
0.69 -0.534261 -0.00405942 -0.000404484 -0.000941525 -0.0416891 0.0423769
0.7 -0.499984 -0.0032354 0.000250398 0.00237255 -0.0406832 0.0407841
0.71 -0.466155 -0.000939039 0.000312165 -5.91532e-06 -0.0334672 0.0320524
0.72 -0.429385 0.00110191 -0.000331821 0.000410412 -0.0333748 0.0243691
0.73 -0.38203 0.00333483 0.000264246 0.000148914 -0.0260851 0.0175069
0.74 -0.317953 0.00498473 -0.000283185 0.00032431 -0.0216351 0.012296
0.75 -0.236247 0.00485958 0.000627001 0.00181295 -0.0137611 0.0140937
0.76 -0.132902 0.00467533 -0.000335893 0.000284527 -0.00665551 0.0133668
0.77 -0.013805 0.00274099 0.000366486 0.00183051 0.00434967 0.0199325
0.78 0.11789 0.00082011 0.000137255 0.000986393 0.0134582 0.0268744
0.79 0.253961 -0.000531842 -0.00025384 -0.00118045 0.0251426 0.0339001
0.8 0.388415 -0.00208797 -0.000368072 -0.000265007 0.0337675 0.0377103
0.81 0.511677 -0.003152 -0.000176566 -0.00164397 0.0457497 0.0448554
0.82 0.619964 -0.00395068 -0.000211129 -0.000466975 0.0520733 0.0447885
0.83 0.709281 -0.0035245 -0.000267311 -0.00147809 0.060777 0.0404552
0.84 0.776638 -0.0030849 6.21167e-05 0.00133951 0.064666 0.0351507
0.85 0.828327 -0.000324047 0.000407627 -0.000736404 0.0719136 0.019679
0.86 0.863987 0.00186796 -0.000183583 0.000753661 0.0712194 0.00550914
0.87 0.894141 0.00457953 0.000407118 -0.00080521 0.0781786 -0.0123143
0.88 0.921829 0.00645734 -0.000192676 -0.000130539 0.0768545 -0.0260284
0.89 0.952862 0.00791033 0.000431052 -0.00110056 0.0829791 -0.0347433
0.9 0.989023 0.00846043 -0.00041491 -0.00053937 0.0822843 -0.0395505
0.91 1.02887 0.00867177 0.000477821 -0.00010491 0.0880708 -0.0368344
0.92 1.06919 0.00856842 -0.000147461 -0.000531587 0.0885791 -0.0318236
0.93 1.10399 0.00771588 0.000139644 -0.000246952 0.0923528 -0.024386
0.94 1.127 0.00619886 -0.000152456 -0.000748744 0.0916498 -0.0165212
0.95 1.13195 0.00496684 -0.000179518 -0.00155571 0.0936221 -0.0103496
0.96 1.11523 0.00402041 -0.000138673 -0.00113496 0.089464 -0.00814664
0.97 1.07215 0.00318629 -0.000339311 -0.0014961 0.0874098 -0.00526278
0.98 1.00587 0.003476 6.80002e-05 -0.000650855 0.0800271 -0.00974326
0.99 0.91692 0.00392233 -0.000111794 -0.000266861 0.0745259 -0.0139385
1 0.809597 0.0036068 0.000458274 0.00111058 0.0636006 -0.0176972
1.01 0.69242 0.00380378 -5.39388e-05 2.33754e-06 0.0562284 -0.0268577
1.02 0.567356 0.00306112 0.000447181 0.00134524 0.0435634 -0.0298755
1.03 0.443831 0.00293932 7.29174e-06 2.059e-05 0.0360876 -0.0354706
1.04 0.322701 0.00189837 0.000198186 0.00033915 0.0227582 -0.0354689
1.05 0.207804 0.00098718 -0.000192586 -0.000390227 0.0157911 -0.033999
1.06 0.0987374 -0.000239807 0.000190474 0.000292584 0.00390033 -0.0292226
1.07 -0.00885103 -0.00247207 -0.000132004 2.27224e-05 -0.0036499 -0.0185062
1.08 -0.114831 -0.0040525 2.65854e-05 -0.000245949 -0.0146878 -0.0123595
1.09 -0.227985 -0.00571443 -0.000204672 9.51705e-05 -0.0229074 -0.00132713
1.1 -0.346966 -0.00630575 8.26208e-05 -0.000503659 -0.0343058 0.00274063
1.11 -0.477547 -0.00674024 -0.00042091 -0.000993724 -0.0441083 0.00647608
1.12 -0.615086 -0.006375 -1.20502e-05 -0.000588536 -0.0562292 0.00248623
1.13 -0.759879 -0.0056681 -0.00019145 -0.000503908 -0.0666585 -0.00091279
1.14 -0.904367 -0.00501456 0.000163502 5.89991e-05 -0.0791148 -0.00870193
1.15 -1.04277 -0.00405786 -1.6047e-05 0.000399302 -0.0887029 -0.0169468
1.16 -1.17014 -0.0034697 0.000352897 0.00135954 -0.0998911 -0.0207657
1.17 -1.27713 -0.00262085 0.000204956 0.000654437 -0.106161 -0.0264147
1.18 -1.36402 -0.00331386 7.6557e-05 0.00117492 -0.115351 -0.0240808
1.19 -1.42424 -0.00379553 0.000189805 0.00059638 -0.117067 -0.02199
1.2 -1.46138 -0.00490349 -0.000200317 0.000378357 -0.122783 -0.0148204
1.21 -1.47513 -0.00618306 0.000108195 0.000617229 -0.121092 -0.00606711
1.22 -1.46986 -0.00711238 -0.0003146 0.000280807 -0.122971 0.00316772
1.23 -1.44998 -0.00775683 8.48175e-05 0.000964765 -0.119371 0.0145935
1.24 -1.41811 -0.00774049 -0.000231092 0.000348282 -0.118001 0.0222216
1.25 -1.37927 -0.00803547 -1.3918e-06 0.000992947 -0.113498 0.0308698
1.26 -1.33377 -0.00729252 -0.000156882 0.000350402 -0.110374 0.035022
1.27 -1.2823 -0.00609682 -9.15978e-05 0.000350739 -0.104512 0.0361854
1.28 -1.22336 -0.00464487 -4.29203e-05 0.00075616 -0.100341 0.0352197
1.29 -1.15353 -0.00265161 2.74408e-05 0.000383481 -0.0924992 0.0317457
1.3 -1.07019 -0.000835618 7.18315e-05 0.00117629 -0.0868131 0.0277492
1.31 -0.968566 0.000824967 0.000202407 0.000772315 -0.0759032 0.0233652
1.32 -0.849042 0.00112324 0.000182984 0.00155052 -0.0678509 0.0232133
1.33 -0.70809 0.00177092 0.00013906 0.000125984 -0.053875 0.0221306
1.34 -0.550611 0.00126927 -4.05424e-05 0.000807937 -0.0430542 0.0258599
1.35 -0.37735 0.000851822 9.50031e-05 -0.000410975 -0.0266182 0.0297345
1.36 -0.195633 0.000132742 -0.000364313 -0.000530655 -0.0139867 0.0347862
1.37 -0.00951558 -0.000436403 4.07905e-05 -0.000510466 0.00302578 0.0382936
1.38 0.174218 -0.000756947 -0.000397681 -0.000911412 0.016496 0.040029
1.39 0.35107 -0.000983749 0.000116037 -0.000165292 0.0323803 0.039692
1.4 0.518121 -0.000109123 -0.00032273 -0.00108374 0.0449227 0.0347202
1.41 0.672757 0.000935031 9.31003e-05 -7.75615e-06 0.0589555 0.0289582
1.42 0.815926 0.00265973 -3.19332e-05 -0.000915059 0.0702119 0.019961
1.43 0.948138 0.0045117 -0.000102415 -0.000516804 0.0820262 0.0102743
1.44 1.07166 0.00641379 0.000251583 -0.000274801 0.0918435 0.000453764
1.45 1.18871 0.00824689 -0.000139382 -0.00065501 0.102437 -0.00877625
1.46 1.30042 0.00966375 0.000458392 0.000364393 0.110959 -0.0160329
1.47 1.40805 0.0109891 -0.000166191 -0.000718234 0.120501 -0.0212841
1.48 1.50973 0.0115886 0.000452087 0.000503267 0.127657 -0.0232618
1.49 1.60436 0.0118297 -0.000185918 -0.00126899 0.136276 -0.0228374
1.5 1.68713 0.0113054 0.000133594 -0.000205802 0.141135 -0.0203796
1.51 1.75471 0.0106061 -0.000167695 -0.0015803 0.147431 -0.0159294
1.52 1.80189 0.00964483 -0.000178457 -0.0011011 0.149481 -0.0126341
1.53 1.82557 0.00878806 -3.73038e-05 -0.00114183 0.151963 -0.00937468
1.54 1.8223 0.00801303 -0.000248353 -0.00120214 0.150079 -0.00853429
1.55 1.79221 0.00738322 9.61736e-05 -0.000534976 0.148104 -0.0097352
1.56 1.73515 0.00668225 -9.18957e-05 -0.000835353 0.142325 -0.0131546
1.57 1.6546 0.00596041 0.000110393 -0.000218412 0.136128 -0.017773
1.58 1.55279 0.00514486 9.89302e-05 -0.000430015 0.126648 -0.0224357
1.59 1.43554 0.00431475 1.35098e-05 -0.000412419 0.117781 -0.0277479
1.6 1.30434 0.00317789 0.000257707 0.000225505 0.105582 -0.0297105
1.61 1.16479 0.00203233 -1.28878e-05 -0.000427377 0.0947934 -0.031759
1.62 1.01624 0.000376498 0.000210369 0.00043357 0.081004 -0.0300927
1.63 0.861957 -0.00117042 4.7598e-05 -0.000146183 0.0689527 -0.0284246
1.64 0.69932 -0.00300027 3.96778e-05 0.000110147 0.0539495 -0.0240512
1.65 0.529476 -0.00442505 -2.95635e-05 -0.000370043 0.0403944 -0.020393
1.66 0.349831 -0.00562117 -0.000147398 -0.000383272 0.0243567 -0.0166332
1.67 0.160715 -0.00647758 -7.32347e-05 -0.000518927 0.00929091 -0.0131927
1.68 -0.0384276 -0.00673908 -0.000221452 -0.000490412 -0.00820418 -0.0120301
1.69 -0.245564 -0.00700897 -3.68894e-05 -0.000237455 -0.0243368 -0.0118027
1.7 -0.458943 -0.0065578 -0.000106327 0.000153523 -0.0427617 -0.0135592
1.71 -0.673518 -0.00622728 0.000113895 0.000328303 -0.0591848 -0.0165862
1.72 -0.885763 -0.00561687 -3.24083e-05 0.000680907 -0.0774463 -0.0199689
1.73 -1.08902 -0.0051934 0.000229007 0.000826851 -0.0927314 -0.0233472
1.74 -1.2798 -0.00508884 1.78094e-05 0.000907762 -0.109116 -0.0246348
1.75 -1.45199 -0.00528087 0.00017105 0.000938677 -0.122195 -0.0252425
1.76 -1.60469 -0.00613991 6.82304e-05 0.00124255 -0.135347 -0.0213203
1.77 -1.7337 -0.00694097 7.63892e-05 0.000901224 -0.145006 -0.0175169
1.78 -1.84155 -0.0082754 3.40589e-05 0.00148916 -0.154856 -0.00900851
1.79 -1.92625 -0.00938523 5.40394e-06 0.00080735 -0.160642 -0.00188267
1.8 -1.99209 -0.0105473 -9.00168e-05 0.00130848 -0.167355 0.00776026
1.81 -2.03844 -0.0113168 -6.40594e-05 0.000569519 -0.169647 0.0150949
1.82 -2.0683 -0.0117463 -0.000192644 0.00095767 -0.173379 0.021661
1.83 -2.02429 -0.0149899 0.00147015 -0.000961266 -0.120038 0.0640911
1.84 -1.92787 -0.0166342 -0.00382584 0.00562314 -0.159516 0.0949377
1.85 -1.84232 -0.0142246 0.000197552 0.000656793 -0.184102 0.0912206
1.86 -1.76605 -0.0117899 0.00597439 -0.00106842 -0.121301 0.0846843
1.87 -1.71097 -0.00776711 -0.00489065 0.00498915 -0.161484 0.052869
1.88 -1.64777 -0.00458695 -0.000391424 -0.00371103 -0.131262 0.0440171
1.89 -1.58537 -0.00280006 0.00181102 -0.00285715 -0.131275 0.042475
1.9 -1.50453 0.000794584 -0.00181126 -0.00146955 -0.129469 0.0256333
1.91 -1.40693 0.00397756 0.000649456 0.00500906 -0.110056 0.0140295
1.92 -1.27861 0.00757411 0.000833892 0.00198871 -0.106526 -0.00928406
1.93 -1.10305 0.00954396 0.000773084 0.00217937 -0.0896033 -0.0360718
1.94 -0.894722 0.00657941 0.000130595 0.00212433 -0.0710187 -0.0156085
1.95 -0.647485 0.00471163 -0.000759986 -0.00151488 -0.0521546 -0.0077758
1.96 -0.381194 0.0020665 -0.000240121 -0.00341707 -0.0327317 0.00441518
1.97 -0.112988 0.000749243 -0.000502015 -0.00209891 -0.00979773 0.0134642
1.98 0.149232 0.00147813 0.000192517 -0.000871872 0.011399 0.0135501
1.99 0.394264 0.00224104 -0.000156905 -0.00148843 0.0302979 0.00912692
2 0.617346 0.00195159 -0.000422321 -0.00113558 0.0483388 0.0137076
2.01 0.804944 0.00180959 0.000481453 0.00150755 0.0649243 0.0264264
2.02 0.963676 0.0049843 0.000597058 -0.00063514 0.0789879 0.0170807
2.03 1.08671 0.00836767 -0.000345588 -0.00230385 0.0878882 -0.00304846
2.04 1.19086 0.0137072 -0.000393619 -0.00261531 0.100235 -0.0334779
2.05 1.28741 0.0188906 0.000328393 -0.00159449 0.108575 -0.0651838
2.06 1.39041 0.0216205 -0.000190557 -0.00237109 0.117707 -0.0813143
2.07 1.50667 0.0213998 8.73303e-05 0.00024683 0.127637 -0.0822741
2.08 1.63331 0.0202896 0.000706665 0.00177334 0.138135 -0.0624543
2.09 1.76725 0.0190388 0.000837097 0.000531798 0.149384 -0.0484029
2.1 1.89509 0.0157608 -0.000494749 -0.00171409 0.157588 -0.0278658
2.11 2.00905 0.0122904 -0.000529401 -0.0021743 0.167792 -0.0117868
2.12 2.09921 0.00924192 -0.000171593 -0.00277068 0.174138 0.00487099
2.13 2.15247 0.00493502 -0.000500959 -0.00293227 0.177388 0.0218561
2.14 2.16418 0.0019697 -0.000392159 -0.00136037 0.178301 0.033301
2.15 2.12768 0.00122996 0.00019847 0.000332372 0.175093 0.035402
2.16 2.04661 0.00178431 0.000503973 0.000965534 0.168989 0.0293751
2.17 1.924 0.000965097 0.000131281 0.000668216 0.159036 0.0197264
2.18 1.77705 0.00137382 6.19397e-05 0.000644936 0.148061 0.00284842
2.19 1.60803 0.000872055 0.000230167 -4.15962e-05 0.134273 -0.0033804
2.2 1.43397 0.0004353 -7.60477e-05 -0.000429006 0.121325 -0.0136481
2.21 1.25832 0.000246306 -9.0123e-05 -0.000285349 0.105536 -0.0230404
2.22 1.0899 0.00101266 -0.000175293 0.000446246 0.0927744 -0.03058
2.23 0.929879 0.0003752 0.000664116 0.00185148 0.0784963 -0.0328424
2.24 0.778386 -0.00238034 1.98809e-05 0.00108838 0.0656602 -0.0258912
2.25 0.632067 -0.00528882 4.65653e-05 0.000470079 0.052213 -0.01556
2.26 0.478905 -0.00853484 -0.000239679 -5.37379e-05 0.038872 0.00602665
2.27 0.313722 -0.0110615 -0.000156078 -0.00140566 0.0248842 0.0193221
2.28 0.127462 -0.0121111 -0.000646506 -0.00167871 0.00806151 0.0257607
2.29 -0.080132 -0.0114216 -0.000448747 -0.00125926 -0.00853227 0.0215547
2.3 -0.307422 -0.0109691 0.000165784 0.00106811 -0.0271643 0.0141925
2.31 -0.546075 -0.010514 0.000285357 0.000975559 -0.0463835 0.00044319
2.32 -0.785136 -0.00945153 2.73929e-05 0.00179933 -0.0656364 -0.0143265
2.33 -1.01772 -0.00868885 0.000544405 0.0027588 -0.0842962 -0.0212211
2.34 -1.22732 -0.00771867 0.000398801 0.00140758 -0.0999709 -0.0317109
2.35 -1.41112 -0.0078594 -0.000179866 0.000717186 -0.116507 -0.0333722
2.36 -1.55841 -0.00821569 -8.23832e-05 0.00114073 -0.12714 -0.0313786
2.37 -1.6702 -0.00989214 2.46775e-05 0.00116262 -0.137367 -0.0215897
2.38 -1.74736 -0.012035 3.60884e-05 0.00167047 -0.143838 -0.00747214
2.39 -1.7951 -0.0133564 -0.00017883 0.00166055 -0.148923 0.00684184
2.4 -1.82181 -0.0142616 0.000135547 0.00238592 -0.151738 0.0246813
2.41 -1.83307 -0.0145331 6.37861e-05 0.000924523 -0.152912 0.0374457
2.42 -1.83735 -0.0147961 -0.00042641 0.000130252 -0.154299 0.049946
2.43 -1.83763 -0.0140423 -0.0003501 -3.55839e-05 -0.154453 0.0573787
2.44 -1.8369 -0.0127088 -0.000154756 -0.000321158 -0.153919 0.0612771
2.45 -1.83422 -0.0102907 -0.000203925 0.000262892 -0.153819 0.0576306
2.46 -1.82481 -0.00660092 0.000111014 0.00118171 -0.152321 0.0473184
2.47 -1.80305 -0.00258975 0.000226708 0.00167421 -0.150333 0.0327198
2.48 -1.75867 0.000800969 0.000508457 0.00162067 -0.145103 0.0150968
2.49 -1.68821 0.00256319 0.000171584 0.00135678 -0.139997 0.00413326
2.5 -1.58241 0.00397939 0.000167769 5.00955e-05 -0.129986 -0.00635386
2.51 -1.44478 0.00410143 -0.000119925 -0.000353806 -0.119571 -0.00668785
2.52 -1.27609 0.00385937 3.81752e-05 -0.0006769 -0.104748 -0.00317642
2.53 -1.08349 0.00383913 -0.0003725 -0.00116444 -0.0905461 0.00151514
2.54 -0.875899 0.00331686 -7.98769e-05 -0.000522469 -0.0731819 0.00838193
2.55 -0.661894 0.00280212 -4.61408e-05 -0.000508374 -0.0558087 0.0128894
2.56 -0.45054 0.00254749 -7.14595e-05 -0.000661472 -0.0389326 0.0152125
2.57 -0.247927 0.00333504 -0.000179091 -0.00131879 -0.0222388 0.0128665
2.58 -0.0575292 0.00517017 -0.000177826 -0.00161102 -0.00591606 0.00666327
2.59 0.118636 0.0076686 1.00643e-05 -0.00143413 0.00894648 -0.000250339
2.6 0.284324 0.0109904 -0.000178567 -0.00200095 0.0232483 -0.0120889
2.61 0.441822 0.013823 4.42742e-05 -0.000735397 0.0367583 -0.0223259
2.62 0.596494 0.0162165 0.000415794 -1.75175e-05 0.0509119 -0.0310687
2.63 0.751896 0.0182545 0.000282114 -0.000138791 0.0636791 -0.0378853
2.64 0.912039 0.0196564 0.000252147 -4.89781e-05 0.0774934 -0.0431839
2.65 1.0759 0.0201804 0.000239826 -0.000401348 0.0911035 -0.0412191
2.66 1.24371 0.0198614 0.00010891 -0.00137616 0.105302 -0.0372147
2.67 1.40943 0.0183781 -0.000273317 -0.00205653 0.117774 -0.0273999
2.68 1.56685 0.0156779 -0.000162432 -0.00171512 0.130931 -0.0139932
2.69 1.70821 0.0131905 -0.00018244 -0.00202073 0.142077 -9.90615e-05
2.7 1.82416 0.010394 -0.000152319 -0.00117315 0.150721 0.0132666
2.71 1.90967 0.00847681 -0.000144854 -0.00136302 0.157956 0.0208412
2.72 1.95926 0.00668524 -6.28874e-05 -0.00065828 0.16141 0.0244659
2.73 1.97354 0.00567009 8.22008e-05 -0.00111262 0.163454 0.021362
2.74 1.95412 0.00451284 -0.000230322 -0.00108942 0.161304 0.014163
2.75 1.90666 0.00371373 0.000179867 -0.000451194 0.158376 0.00433125
2.76 1.83721 0.00341373 -2.05992e-05 -0.000755816 0.152868 -0.00584845
2.77 1.7527 0.00305368 0.0002916 0.000622438 0.146339 -0.0151566
2.78 1.65833 0.00234687 0.000196521 0.000477526 0.138343 -0.0207265
2.79 1.5582 0.00127382 0.000253009 0.000924348 0.130671 -0.0239917
2.8 1.45425 -0.000296547 0.000232557 0.000640286 0.121402 -0.0242701
2.81 1.34407 -0.00257745 -5.58297e-05 0.000219185 0.112291 -0.019828
2.82 1.2281 -0.0043966 -7.82172e-05 -0.000539468 0.102066 -0.0172731
2.83 1.09966 -0.00599261 -0.000318017 -0.000596421 0.0911271 -0.0107468
2.84 0.958022 -0.00715296 -0.000128049 -0.000594618 0.0790469 -0.00643291
2.85 0.79846 -0.00811024 -0.000326843 -0.00039121 0.0653407 -0.00243169
2.86 0.621174 -0.00878772 -3.00174e-05 0.0002055 0.050716 -0.000839435
2.87 0.426497 -0.0090662 -5.31363e-05 0.00063928 0.0348782 -0.0017372
2.88 0.217675 -0.00934757 0.000101996 0.000892383 0.0173454 -0.00430992
2.89 0.000904086 -0.00901377 -1.77287e-05 0.000752976 0.000418998 -0.0107229
2.9 -0.21774 -0.00868149 0.000139467 0.0012479 -0.0179615 -0.0163161
2.91 -0.430142 -0.00857772 0.000137802 0.00122682 -0.0344117 -0.0213843
2.92 -0.629493 -0.00924085 0.000100745 0.0014595 -0.0515863 -0.0240441
2.93 -0.810756 -0.010306 0.000215135 0.00208155 -0.0657608 -0.0223819
2.94 -0.970455 -0.0119381 0.000189991 0.00203618 -0.0796515 -0.0164307
2.95 -1.10915 -0.0138478 0.000134321 0.00213457 -0.0912311 -0.0061409
2.96 -1.22711 -0.0156575 -7.22845e-05 0.0014289 -0.101704 0.00505731
2.97 -1.33 -0.0172753 -3.92506e-05 0.00157441 -0.110541 0.0193003
2.98 -1.41941 -0.0182514 -0.000305844 0.000329308 -0.118645 0.0298553
2.99 -1.50117 -0.0190035 -0.000233403 0.00092726 -0.125656 0.0393499
3 -1.57626 -0.0183788 -0.00027267 0.000349215 -0.132438 0.0443775
3.01 -1.64567 -0.016886 -0.000107697 0.00103471 -0.137673 0.0450831
3.02 -1.70853 -0.0147045 -2.70181e-05 0.00100251 -0.143602 0.0434798
3.03 -1.76063 -0.0117953 1.36354e-05 0.00120475 -0.146683 0.0372035
3.04 -1.79915 -0.00889471 0.000196715 0.00127886 -0.150614 0.0310927
3.05 -1.81796 -0.00589762 3.02684e-05 0.000703879 -0.150647 0.0222411
3.06 -1.81392 -0.00362678 0.000193217 0.00100994 -0.151134 0.0152146
3.07 -1.78337 -0.00121113 4.67961e-05 0.000311898 -0.147405 0.00874453
3.08 -1.72455 0.000674426 9.60625e-05 0.000492143 -0.143258 0.0038643
3.09 -1.63902 0.00187119 0.000126667 0.000420786 -0.135566 0.0025091
3.1 -1.52824 0.00275305 -6.27381e-05 -8.50918e-05 -0.127187 0.0024314
3.11 -1.39762 0.00306777 9.30232e-05 4.9281e-05 -0.116004 0.00461067
3.12 -1.25159 0.00337285 -0.000263898 -0.000932575 -0.104684 0.00703588
3.13 -1.09635 0.00356724 -3.29021e-05 -0.00061227 -0.0913573 0.0091296
3.14 -0.936443 0.004646 -0.000370676 -0.00168377 -0.0789061 0.0095599
3.15 -0.775013 0.00607616 -0.000105704 -0.000937964 -0.0645804 0.00645575
3.16 -0.614698 0.00786523 -0.00012251 -0.00117804 -0.0519391 0.00312131
3.17 -0.454164 0.0100944 -3.62306e-05 -0.000792801 -0.0373828 -0.00457583
3.18 -0.293267 0.0122629 0.000183938 -0.000362327 -0.0246861 -0.0108463
3.19 -0.128797 0.0144764 9.17097e-05 -0.000595122 -0.00946185 -0.0180687
3.2 0.0404683 0.0162053 0.000313503 -0.000220584 0.00366376 -0.0220647
3.21 0.216297 0.0178228 3.87227e-05 -0.00111004 0.0196331 -0.024532
3.22 0.398242 0.0185798 0.000220252 -0.000572564 0.0335346 -0.0232057
3.23 0.584161 0.0186897 3.31336e-05 -0.00149411 0.0501705 -0.0190225
3.24 0.771174 0.0182228 -1.33491e-05 -0.00114911 0.0640755 -0.0134128
3.25 0.953285 0.0171864 6.58714e-05 -0.00141216 0.0800193 -0.00557206
3.26 1.12649 0.0160766 -0.000190096 -0.00172227 0.0931363 0.00116115
3.27 1.28362 0.0145774 4.04358e-05 -0.00141546 0.106484 0.00816267
3.28 1.42151 0.0134205 -0.000319199 -0.00229399 0.117246 0.012446
3.29 1.53522 0.0119778 -4.45981e-05 -0.00149106 0.126821 0.0147854
3.3 1.62397 0.0108899 -0.000214868 -0.00218274 0.134126 0.0142753
3.31 1.68702 0.00983429 -0.000106806 -0.00128052 0.139631 0.010417
3.32 1.72618 0.00911207 0.000109438 -0.00100718 0.142838 0.00508398
3.33 1.74433 0.00843658 -6.67181e-05 -0.00086865 0.145196 -0.00257685
3.34 1.74463 0.00764856 0.000383497 0.000265549 0.144826 -0.0098244
3.35 1.73049 0.00673706 -1.69887e-05 -0.000606762 0.144647 -0.0162992
3.36 1.70432 0.0052879 0.000348577 0.000569895 0.141784 -0.0210412
3.37 1.66754 0.00380648 -5.45211e-06 -0.000609967 0.139693 -0.0232871
3.38 1.6198 0.00186778 0.000100221 0.000305539 0.134667 -0.0230907
3.39 1.56018 0.000250093 3.52838e-06 -0.000533055 0.13047 -0.021154
3.4 1.48632 -0.00158577 -0.000159348 7.00072e-07 0.123245 -0.0182452
3.41 1.39615 -0.00311606 7.88591e-05 -5.62828e-05 0.116462 -0.015003
3.42 1.28771 -0.00447482 -0.000307304 -0.000198612 0.106342 -0.0126819
3.43 1.16052 -0.00569085 9.19705e-05 0.000262632 0.0966921 -0.0117987
3.44 1.01483 -0.00642075 -0.000288954 -0.000137962 0.0837409 -0.0118852
3.45 0.853306 -0.00710559 7.26819e-05 0.000496776 0.071321 -0.0136849
3.46 0.678786 -0.00748048 -0.000130183 0.00031691 0.0561217 -0.0152201
3.47 0.496408 -0.00809565 6.94919e-05 0.000934081 0.042103 -0.0176943
3.48 0.310165 -0.00886282 0.000161784 0.00134481 0.0259626 -0.0180292
3.49 0.12531 -0.00999331 5.24447e-05 0.00129823 0.0114612 -0.0181526
3.5 -0.0546669 -0.011516 0.000305984 0.00209035 -0.00415601 -0.0155654
3.51 -0.226891 -0.0132206 2.94095e-05 0.00138503 -0.0178512 -0.0113379
3.52 -0.389739 -0.0151502 0.000175742 0.00197483 -0.0323031 -0.0050463
3.53 -0.543195 -0.0171187 -4.71842e-05 0.00117351 -0.0446818 0.00274511
3.54 -0.687903 -0.0189662 -4.68842e-05 0.00155352 -0.0576825 0.0114331
3.55 -0.825423 -0.0204455 -8.42171e-05 0.00107256 -0.0687284 0.0198245
3.56 -0.95696 -0.0213384 -0.000193867 0.00133371 -0.0807056 0.02683
3.57 -1.08388 -0.0215802 -6.74886e-05 0.00115879 -0.0906571 0.0322077
3.58 -1.20539 -0.0208112 -0.000188726 0.00128022 -0.101485 0.0340169
3.59 -1.32132 -0.0195115 -3.60348e-05 0.00117195 -0.11051 0.034264
3.6 -1.42821 -0.0174366 -0.000119456 0.00120695 -0.119616 0.0308357
3.61 -1.52385 -0.0150474 4.35298e-05 0.00116599 -0.127057 0.0265654
3.62 -1.60392 -0.012315 -2.73865e-05 0.00114669 -0.133589 0.0209012
3.63 -1.66511 -0.00958963 0.000143106 0.00126328 -0.138314 0.0152747
3.64 -1.70487 -0.0070091 6.92613e-05 0.00115171 -0.141635 0.0110691
3.65 -1.72072 -0.00464703 0.000165933 0.00108278 -0.142471 0.00726352
3.66 -1.71322 -0.00274673 8.71396e-05 0.000950537 -0.14239 0.00590459
3.67 -1.6822 -0.00128849 4.99417e-05 0.000439275 -0.139233 0.00503496
3.68 -1.63063 -2.53793e-05 1.5724e-05 0.000354742 -0.135725 0.00555651
3.69 -1.56044 0.000982357 -0.000132134 -0.000346354 -0.129433 0.00608289
3.7 -1.47513 0.00202971 -3.31337e-05 -0.000136337 -0.122958 0.00661999
3.71 -1.37744 0.00313497 -0.000239328 -0.000864875 -0.114621 0.00678314
3.72 -1.26927 0.00440468 6.05329e-06 -0.000254441 -0.105744 0.00532199
3.73 -1.15292 0.00584611 -0.00020936 -0.000986339 -0.0961001 0.00407733
3.74 -1.02794 0.00735059 6.77258e-05 -0.000251088 -0.0854139 0.000526084
3.75 -0.895275 0.00914243 -7.8095e-05 -0.00100445 -0.0744165 -0.00214625
3.76 -0.753489 0.010874 6.27442e-05 -0.000392393 -0.0623379 -0.00588304
3.77 -0.60234 0.0126265 0.000113533 -0.000925524 -0.0496389 -0.00820396
3.78 -0.441716 0.0141451 -1.07099e-05 -0.000756022 -0.0363755 -0.00946522
3.79 -0.271353 0.0153999 0.000270416 -0.000759461 -0.0218931 -0.00947385
3.8 -0.0940169 0.0162814 -6.35988e-05 -0.00116969 -0.00766881 -0.00688364
3.81 0.0893392 0.0167592 0.000223506 -0.000929372 0.00786963 -0.00402139
3.82 0.273554 0.0170354 -4.70551e-05 -0.00153609 0.0225552 0.00102713
3.83 0.456094 0.0170061 -3.12588e-05 -0.00160673 0.0378294 0.00517222
3.84 0.631531 0.0168336 6.03964e-06 -0.00172845 0.052004 0.00949281
3.85 0.796703 0.0165772 -0.000279324 -0.00230358 0.0656886 0.0120693
3.86 0.948083 0.0162293 6.63176e-05 -0.00158227 0.0781858 0.01283
3.87 1.08341 0.0159694 -0.000308326 -0.00241038 0.0894728 0.0119117
3.88 1.20198 0.0155235 8.04431e-05 -0.00122293 0.0994353 0.00845889
3.89 1.30319 0.0152394 -0.000104842 -0.00186031 0.108058 0.00436851
3.9 1.38836 0.0146314 2.38271e-05 -0.000999866 0.115338 -0.0014264
3.91 1.45833 0.0138976 0.000141306 -0.00105308 0.121382 -0.00697675
3.92 1.51432 0.0128802 -4.78417e-05 -0.000950134 0.126274 -0.0120852
3.93 1.55782 0.0115289 0.000276078 -0.000369358 0.129907 -0.0170001
3.94 1.58826 0.0100578 -7.78451e-05 -0.000886589 0.132699 -0.0193954
3.95 1.60672 0.0081722 0.000245799 4.20731e-05 0.133959 -0.0220822
3.96 1.61077 0.00640137 -2.96903e-05 -0.000699207 0.134497 -0.0215256
3.97 1.60052 0.00431592 4.07406e-05 -3.01708e-05 0.133249 -0.0218425
3.98 1.57321 0.00240507 6.64481e-05 -0.000351807 0.131115 -0.0199803
3.99 1.52822 0.000507791 -0.000219483 -0.000466061 0.127007 -0.0189403
4 1.46463 -0.00115189 0.000137537 6.16412e-05 0.121887 -0.017951
4.01 1.38188 -0.00260783 -0.000332099 -0.000668166 0.114731 -0.0169737
4.02 1.28201 -0.00390644 0.000145259 0.000489715 0.106762 -0.0175668
4.03 1.16537 -0.00504279 -0.000196004 -0.000238612 0.0967339 -0.0171095
4.04 1.03621 -0.00623397 7.75954e-05 0.000779644 0.086588 -0.0181689
4.05 0.895968 -0.0075173 7.08695e-05 0.000634206 0.0744371 -0.0173079
4.06 0.749048 -0.00892727 -2.01529e-05 0.00084917 0.0629189 -0.0166434
4.07 0.597478 -0.0106061 0.000233974 0.00135253 0.0496541 -0.0141404
4.08 0.443764 -0.012399 -6.30364e-05 0.00092519 0.0374973 -0.0102792
4.09 0.28985 -0.0144392 0.000195386 0.00162265 0.0239463 -0.005774
4.1 0.135679 -0.0164486 -3.29234e-05 0.00117317 0.0115674 0.000659567
4.11 -0.0171901 -0.0184277 3.2817e-05 0.00157023 -0.0018522 0.00597487
4.12 -0.17026 -0.0201852 1.85339e-05 0.00149292 -0.0142857 0.0126441
4.13 -0.322221 -0.0214513 -0.000141837 0.00136161 -0.0274847 0.0169927
4.14 -0.474049 -0.0223417 4.60215e-05 0.00171461 -0.0398112 0.0213029
4.15 -0.624239 -0.0224549 -0.000237727 0.001175 -0.0527107 0.0231345
4.16 -0.771878 -0.0221464 4.84587e-05 0.00181101 -0.0644629 0.0237575
4.17 -0.914752 -0.0210667 -0.000198019 0.00122236 -0.0767922 0.0224042
4.18 -1.05028 -0.0196368 4.4145e-05 0.00182178 -0.0872404 0.0201219
4.19 -1.17558 -0.0177225 -3.34688e-05 0.00150992 -0.0981712 0.0166182
4.2 -1.28768 -0.015582 1.55255e-05 0.00165576 -0.106634 0.0132093
4.21 -1.38401 -0.0134113 0.000147064 0.00175385 -0.115162 0.00977949
4.22 -1.46241 -0.0111686 -3.56452e-05 0.00120383 -0.120957 0.00704155
4.23 -1.52179 -0.00925155 0.000187228 0.0016411 -0.126531 0.00524619
4.24 -1.56152 -0.00733273 -3.89879e-05 0.000685656 -0.129144 0.00434196
4.25 -1.58222 -0.00580201 5.96803e-05 0.00110922 -0.131784 0.00432644
4.26 -1.58459 -0.00425255 1.47346e-05 0.000338728 -0.131118 0.00473976
4.27 -1.57038 -0.0029376 -0.000117693 0.000413893 -0.131161 0.00542784
4.28 -1.54053 -0.00157627 7.03767e-05 0.000112811 -0.127557 0.00578237
4.29 -1.49675 -0.000238616 -0.000220577 -0.000189744 -0.12524 0.00572513
4.3 -1.4395 0.00113981 7.25365e-05 -0.000114279 -0.119244 0.00523307
4.31 -1.36946 0.00268555 -0.000188218 -0.000544224 -0.114573 0.0040762
4.32 -1.28657 0.0042346 3.71608e-05 -0.00036616 -0.106541 0.00298074
4.33 -1.19066 0.00594917 -5.83865e-05 -0.000604569 -0.0994796 0.00162007
4.34 -1.08166 0.00762693 1.15557e-05 -0.000604264 -0.0894234 0.000921386
4.35 -0.959514 0.00928383 8.46697e-05 -0.000525269 -0.0801427 0.000594975
4.36 -0.824883 0.010894 -4.66152e-07 -0.000905711 -0.0679608 0.00121956
4.37 -0.678904 0.0122989 0.000139385 -0.000575809 -0.0569298 0.00265492
4.38 -0.523303 0.0137145 -5.42686e-06 -0.00130787 -0.0428682 0.00461016
4.39 -0.360775 0.0148312 6.72566e-05 -0.000922458 -0.0307479 0.00732581
4.4 -0.193849 0.015982 6.06091e-06 -0.00163122 -0.0156031 0.00959034
4.41 -0.0260551 0.0168743 -7.52292e-05 -0.00145514 -0.003135 0.011972
4.42 0.13995 0.0177262 3.91815e-05 -0.00170661 0.0119559 0.0129827
4.43 0.301134 0.0184643 -0.000176568 -0.00190372 0.0240724 0.0132821
4.44 0.455356 0.0189942 5.10791e-05 -0.00161381 0.0380902 0.011978
4.45 0.601231 0.0195606 -0.000162043 -0.00204266 0.0492421 0.00925549
4.46 0.73724 0.0196566 2.72826e-05 -0.00151774 0.0616553 0.00585586
4.47 0.863845 0.0198302 -5.63198e-05 -0.00182377 0.0713909 0.000788492
4.48 0.979842 0.0193446 1.3382e-06 -0.00142029 0.082114 -0.00348326
4.49 1.08655 0.0188467 6.69513e-05 -0.00137631 0.0901451 -0.00891965
4.5 1.18264 0.0177199 5.53605e-06 -0.00126646 0.0992492 -0.0124898
4.51 1.26898 0.0164585 0.000128356 -0.000944241 0.105379 -0.0164541
4.52 1.34386 0.0147635 2.27311e-05 -0.00109614 0.112727 -0.0183783
4.53 1.40699 0.0128887 0.000104783 -0.000716839 0.116761 -0.0201173
4.54 1.45654 0.0108375 1.47575e-05 -0.000982546 0.121967 -0.0205532
4.55 1.49126 0.00871082 2.65903e-05 -0.000652778 0.123569 -0.0205344
4.56 1.5099 0.00661794 -5.52038e-06 -0.00087382 0.126229 -0.0202575
4.57 1.51119 0.00462554 -4.84292e-05 -0.000574796 0.125027 -0.0195425
4.58 1.49493 0.00273138 -8.61119e-06 -0.000654109 0.124899 -0.0191582
4.59 1.46092 0.00102365 -7.60814e-05 -0.000368913 0.120744 -0.0186503
4.6 1.40995 -0.000660267 5.97343e-06 -0.000326572 0.117876 -0.0180753
4.61 1.34332 -0.0021938 -4.67803e-05 -1.3674e-05 0.111067 -0.0176734
4.62 1.26237 -0.00380648 2.13546e-05 4.98576e-05 0.105619 -0.0165364
4.63 1.16929 -0.00541526 1.55346e-05 0.000418393 0.0967861 -0.0154015
4.64 1.06538 -0.00715155 2.57689e-05 0.000434102 0.0892164 -0.013002
4.65 0.952764 -0.00900951 6.70032e-05 0.000885042 0.0788935 -0.0104367
4.66 0.832199 -0.0109826 2.08169e-05 0.000797704 0.0697122 -0.00656947
4.67 0.70511 -0.0130451 8.64979e-05 0.00130941 0.0582088 -0.00280695
4.68 0.571742 -0.0150998 -7.55206e-06 0.00105295 0.0479544 0.0018028
4.69 0.432835 -0.0170684 4.51229e-05 0.00161639 0.0353306 0.00567801
4.7 0.288708 -0.018846 -3.52197e-05 0.00122972 0.0243196 0.00958252
4.71 0.140022 -0.0202857 -1.74351e-05 0.00178761 0.010818 0.0121285
4.72 -0.0122095 -0.0213813 -4.7777e-05 0.00141748 -0.000717361 0.0140838
4.73 -0.166718 -0.021999 -6.46124e-05 0.00190761 -0.014696 0.0144604
4.74 -0.321473 -0.0221801 -1.37195e-05 0.00163828 -0.0263462 0.0140115
4.75 -0.474486 -0.0218899 -7.48876e-05 0.0019694 -0.0401043 0.0125499
4.76 -0.622981 -0.0212099 3.45836e-05 0.00182548 -0.0512513 0.0104599
4.77 -0.764705 -0.0202002 -4.58618e-05 0.00194419 -0.0640432 0.00825648
4.78 -0.896913 -0.0189257 6.77333e-05 0.00181578 -0.0738484 0.00592831
4.79 -1.01778 -0.017498 -4.79019e-06 0.00181936 -0.0849751 0.00419147
4.8 -1.12538 -0.0159854 5.45836e-05 0.00158394 -0.0928018 0.00283046
4.81 -1.21876 -0.014427 4.28318e-05 0.00160008 -0.101713 0.00219274
4.82 -1.29717 -0.0128786 -6.14903e-07 0.00115605 -0.107189 0.00219077
4.83 -1.36039 -0.0113479 6.81425e-05 0.00131901 -0.113596 0.00251416
4.84 -1.40877 -0.00985712 -7.41548e-05 0.000621675 -0.116714 0.00351403
4.85 -1.44206 -0.00833139 6.39687e-05 0.000955441 -0.120436 0.00393312
4.86 -1.4614 -0.00684329 -0.000120408 0.00015338 -0.121338 0.0053114
4.87 -1.46578 -0.00525319 2.03678e-05 0.0005512 -0.122361 0.00513895
4.88 -1.45658 -0.00366821 -8.64463e-05 -0.000108255 -0.12107 0.00628013
4.89 -1.43221 -0.00193568 -3.90115e-05 0.000159543 -0.119467 0.00578126
4.9 -1.39375 -0.000220918 2.47853e-06 -0.000175243 -0.115761 0.00649163
4.91 -1.33989 0.00161454 -7.59397e-05 -0.000150403 -0.111768 0.00631472
4.92 -1.27131 0.00342289 9.4032e-05 -0.00024102 -0.105376 0.00702507
4.93 -1.18799 0.00530429 -8.39865e-05 -0.000417917 -0.0991773 0.007909
4.94 -1.09047 0.00711864 0.000116389 -0.000430859 -0.0902026 0.00891073
4.95 -0.980446 0.00898048 -4.67567e-05 -0.000656265 -0.0820056 0.0107791
4.96 -0.858671 0.010778 6.23536e-05 -0.000793151 -0.0709519 0.0118741
4.97 -0.728079 0.0125482 1.36316e-05 -0.000851279 -0.0610797 0.0138049
4.98 -0.589966 0.0142757 -4.55901e-05 -0.00127842 -0.0487515 0.0145142
4.99 -0.447156 0.01591 7.53925e-05 -0.00101144 -0.037728 0.0149864
5 -0.301699 0.0174944 -0.000141859 -0.00177351 -0.0249014 0.0147441
5.01 -0.15509 0.0188891 9.54132e-05 -0.00115409 -0.013348 0.0128427
5.02 -0.00987939 0.0201598 -0.000156734 -0.00208903 -0.000671623 0.0111787
5.03 0.134011 0.0211732 5.42129e-05 -0.00134452 0.0108793 0.00713708
5.04 0.274051 0.0218959 -6.82228e-05 -0.00207655 0.0230163 0.0041877
5.05 0.411031 0.0223085 -2.66099e-05 -0.0015541 0.0341152 -0.000641655
5.06 0.543005 0.0223117 7.38433e-05 -0.00180152 0.0454927 -0.00434315
5.07 0.670114 0.0219732 -9.30372e-05 -0.00172247 0.0557816 -0.0083279
5.08 0.791269 0.0211892 0.000167507 -0.00147942 0.0662291 -0.0118934
5.09 0.905102 0.0200896 -0.000100103 -0.0017524 0.0752751 -0.014055
5.1 1.01121 0.0186493 0.000148793 -0.00132589 0.0845407 -0.0167088
5.11 1.10699 0.0169705 -3.84926e-05 -0.00156475 0.0919054 -0.0171509
5.12 1.19218 0.015135 4.08118e-05 -0.00133149 0.0995283 -0.0184195
5.13 1.26424 0.0131886 4.58787e-05 -0.00122296 0.104813 -0.0181551
5.14 1.32257 0.011264 -7.61266e-05 -0.00135135 0.110276 -0.0181065
5.15 1.36603 0.00932272 0.000102614 -0.000828212 0.113227 -0.0179934
5.16 1.39354 0.00747778 -0.000140133 -0.00124605 0.116081 -0.016969
5.17 1.40597 0.00570066 0.000110828 -0.000464637 0.116655 -0.0172226
5.18 1.40198 0.00393131 -0.000121889 -0.00092733 0.116729 -0.0154988
5.19 1.38391 0.0022787 7.09041e-05 -0.000157291 0.115022 -0.0155274
5.2 1.35057 0.000467632 -3.53409e-05 -0.000392776 0.112419 -0.01332
5.21 1.30458 -0.00122922 7.3673e-06 9.90551e-05 0.108603 -0.0123342
5.22 1.2453 -0.00320686 6.72918e-05 0.000256145 0.103653 -0.00976341
5.23 1.17446 -0.00511776 -4.69746e-05 0.000348907 0.0978075 -0.00743193
5.24 1.09222 -0.00727399 0.000113399 0.000818913 0.0909146 -0.00478675
5.25 0.999068 -0.00938739 -4.91695e-05 0.000679321 0.0831066 -0.00165053
5.26 0.895883 -0.0116054 5.864e-05 0.00115016 0.0745621 0.000686136
5.27 0.782567 -0.0137266 1.20058e-05 0.00114718 0.0649402 0.00342739
5.28 0.660458 -0.0157503 -5.73677e-05 0.00126533 0.0549434 0.00498481
5.29 0.529907 -0.017603 9.1834e-05 0.00167365 0.0438539 0.00625052
5.3 0.392441 -0.0191465 -0.000151407 0.00131284 0.0326195 0.0067503
5.31 0.2496 -0.0204771 0.000135144 0.00208841 0.0205855 0.00614084
5.32 0.102891 -0.0213358 -0.000168108 0.00139304 0.00855956 0.00568959
5.33 -0.0450007 -0.0220046 0.000121249 0.0022944 -0.00379965 0.00376744
5.34 -0.192712 -0.0221611 -0.00010755 0.00151369 -0.0159753 0.0028878
5.35 -0.33716 -0.0221442 6.24354e-05 0.00226037 -0.027987 0.000785921
5.36 -0.477145 -0.021716 -2.12205e-06 0.0016462 -0.0395916 9.47684e-05
5.37 -0.610219 -0.0211173 -2.08477e-05 0.00200297 -0.0506682 -0.00102142
5.38 -0.735181 -0.0202519 9.98627e-05 0.00172543 -0.0610637 -0.00122153
5.39 -0.850917 -0.0192249 -9.51052e-05 0.0015884 -0.0707511 -0.000843445
5.4 -0.956037 -0.0180487 0.000138085 0.00166127 -0.0794809 -0.000544241
5.41 -1.05071 -0.0167388 -0.000109665 0.00118487 -0.0874911 0.00101724
5.42 -1.13331 -0.0153178 7.42394e-05 0.00136018 -0.094275 0.00160137
5.43 -1.20461 -0.013817 -3.81801e-05 0.000974794 -0.100378 0.0035784
5.44 -1.26295 -0.0121858 -5.71543e-05 0.000864346 -0.105081 0.00428723
5.45 -1.30885 -0.0105588 7.05473e-05 0.000945 -0.109048 0.00599482
5.46 -1.34103 -0.00873662 -0.000160298 0.000363202 -0.111554 0.00683402
5.47 -1.35931 -0.0070273 0.000133098 0.000909165 -0.113152 0.0080265
5.48 -1.36322 -0.00507233 -0.000168255 3.51081e-05 -0.113378 0.00922261
5.49 -1.35192 -0.00326593 0.00011421 0.000699608 -0.112393 0.00996669
5.5 -1.3262 -0.00125743 -9.05406e-05 -9.33463e-05 -0.110332 0.0117021
5.51 -1.2849 0.000685838 3.79452e-05 0.000293881 -0.106676 0.0122075
5.52 -1.23008 0.00268377 1.8696e-05 -0.000125057 -0.102462 0.0142427
5.53 -1.16088 0.00478732 -5.50909e-05 -0.000255942 -0.0962684 0.0145903
5.54 -1.08001 0.00676498 0.00010978 -0.000176778 -0.0901336 0.0161971
5.55 -0.987425 0.00897827 -0.000132866 -0.000870422 -0.0818503 0.0161937
5.56 -0.885636 0.0109455 0.000146059 -0.000345854 -0.0740516 0.0165137
5.57 -0.775494 0.0131572 -0.00015212 -0.00140791 -0.0643037 0.0157126
5.58 -0.658676 0.015046 9.54023e-05 -0.000707157 -0.0551432 0.0142991
5.59 -0.536635 0.0170672 -7.48429e-05 -0.00169269 -0.0445184 0.0123872
5.6 -0.410132 0.0187288 -3.33344e-05 -0.00126881 -0.0343544 0.0094202
5.61 -0.280806 0.0203086 7.15737e-05 -0.00167984 -0.0232513 0.00653029
5.62 -0.148948 0.0215422 -0.000169691 -0.00188264 -0.0125114 0.00281915
5.63 -0.0160454 0.0224398 0.00019875 -0.00153143 -0.00117075 -0.000540326
5.64 0.117327 0.0230695 -0.000231367 -0.0023209 0.00969483 -0.0039015
5.65 0.250051 0.0231572 0.000232296 -0.00144034 0.0210454 -0.00712892
5.66 0.380629 0.0230753 -0.000189107 -0.00244091 0.0315585 -0.00924606
5.67 0.508395 0.0224274 0.000164292 -0.00148148 0.0425938 -0.0118912
5.68 0.630877 0.0216535 -7.3653e-05 -0.00224649 0.0522743 -0.0125663
5.69 0.747676 0.0204817 3.3386e-05 -0.00161219 0.0625033 -0.0143008
5.7 0.856081 0.0191793 6.37753e-05 -0.0018315 0.0709171 -0.0140662
5.71 0.955559 0.017728 -0.000106556 -0.00175205 0.0797601 -0.0147486
5.72 1.0442 0.0161293 0.000168175 -0.00131074 0.0865503 -0.0143249
5.73 1.12106 0.0145716 -0.000186941 -0.00177684 0.0934887 -0.0140376
5.74 1.18563 0.0128754 0.000181806 -0.000842887 0.0983738 -0.0137845
5.75 1.23663 0.0112684 -0.00014646 -0.00152353 0.103112 -0.012768
5.76 1.27476 0.00954806 8.07439e-05 -0.000572466 0.105866 -0.0125032
5.77 1.29876 0.00783204 4.41034e-06 -0.000941597 0.108331 -0.0110281
5.78 1.30975 0.00605414 -7.79302e-05 -0.000491805 0.108825 -0.0102972
5.79 1.30695 0.00411703 0.000164267 -0.000201043 0.109056 -0.0086716
5.8 1.291 0.00219444 -0.000185683 -0.000407093 0.10725 -0.00712319
5.81 1.26197 -9.07253e-06 0.000222547 0.000416926 0.105319 -0.00575886
5.82 1.21957 -0.00214319 -0.000173319 -0.000108754 0.101219 -0.00350607
5.83 1.16488 -0.00453161 0.000149162 0.000751767 0.0972244 -0.0027794
5.84 1.0969 -0.00686112 -5.98945e-05 0.000445299 0.0908665 -0.000505939
5.85 1.01749 -0.00923854 1.69713e-06 0.000839297 0.084966 -0.000524418
5.86 0.925872 -0.0116225 7.80059e-05 0.00112824 0.0764987 0.000823929
5.87 0.824047 -0.0137692 -0.00013124 0.000830942 0.0688978 0.000283341
5.88 0.712427 -0.0159636 0.000163141 0.00174469 0.058687 0.000171648
5.89 0.592596 -0.0177 -0.000174582 0.000896309 0.0496715 -0.000582876
5.9 0.46642 -0.0194539 0.000142611 0.00210986 0.0382728 -0.00181737
5.91 0.334972 -0.0206709 -9.05997e-05 0.00116555 0.0282528 -0.00254387
5.92 0.200923 -0.0217971 1.17522e-05 0.00210203 0.0162925 -0.00391775
5.93 0.0651664 -0.0224609 8.46578e-05 0.00163991 0.00580729 -0.00443467
5.94 -0.0698544 -0.0228756 -0.000159473 0.00177598 -0.00614965 -0.00494267
5.95 -0.203035 -0.0230099 0.000239771 0.0021183 -0.0165176 -0.00510375
5.96 -0.332875 -0.0227325 -0.000255501 0.001385 -0.0280056 -0.00426771
5.97 -0.457873 -0.022385 0.000262618 0.00231759 -0.0377342 -0.00401489
5.98 -0.577534 -0.0215328 -0.000205078 0.00120097 -0.0483908 -0.00200917
5.99 -0.690061 -0.020739 0.000135546 0.00210103 -0.0570485 -0.00137363
6 -0.795422 -0.0194914 -4.48692e-05 0.00129144 -0.0665642 0.00113971
