0.01 -7.17971e-06 5.17682e-08 -3.97334e-08 3.48661e-08 -1.28572e-06 -6.22777e-07
0.02 -3.20228e-05 3.53803e-07 -9.19231e-08 5.60618e-08 -6.22129e-06 -4.12772e-06
0.03 -7.43824e-05 1.04841e-06 5.15379e-08 -1.60184e-07 -1.27169e-05 -1.22592e-05
0.04 -0.000131938 2.03906e-06 1.42758e-07 -4.04398e-07 -1.88014e-05 -2.45356e-05
0.05 -0.000205766 3.18729e-06 -6.5691e-08 -5.32817e-07 -2.67178e-05 -3.97467e-05
0.06 -0.000294873 4.35905e-06 -8.39274e-08 -7.56261e-07 -3.58836e-05 -5.63833e-05
0.07 -0.000397124 5.45816e-06 6.19297e-08 -7.99932e-07 -4.58275e-05 -7.38015e-05
0.08 -0.000509622 6.4508e-06 7.46213e-08 -5.18964e-07 -5.68983e-05 -9.20519e-05
0.09 -0.000629072 7.21991e-06 1.22023e-07 -2.47164e-07 -6.83617e-05 -0.000110282
0.1 -0.000752344 7.60325e-06 1.87427e-07 -2.53359e-07 -8.03932e-05 -0.000127411
0.11 -0.000877275 7.45309e-06 1.76838e-07 -4.61765e-07 -9.27008e-05 -0.000141917
0.12 -0.00100355 6.76039e-06 1.12021e-07 -7.67409e-07 -0.000105122 -0.000152703
0.13 -0.00113244 5.7442e-06 5.0498e-08 -1.15841e-06 -0.000117945 -0.000160742
0.14 -0.0012666 4.63422e-06 3.84029e-08 -1.45686e-06 -0.00013122 -0.000167205
0.15 -0.00140942 3.61141e-06 5.00849e-08 -1.55471e-06 -0.000145053 -0.000172717
0.16 -0.00156395 2.79777e-06 6.03705e-08 -1.56945e-06 -0.000159694 -0.000177949
0.17 -0.0017326 2.19701e-06 6.24648e-08 -1.59323e-06 -0.000175311 -0.000183083
0.18 -0.00191671 1.83273e-06 7.22988e-08 -1.59085e-06 -0.000191896 -0.000188186
0.19 -0.00211616 1.81954e-06 9.68173e-08 -1.59586e-06 -0.000209382 -0.000194026
0.2 -0.00232896 2.21614e-06 9.26706e-08 -1.69206e-06 -0.000227677 -0.000201529
0.21 -0.00255132 2.91102e-06 6.55675e-08 -1.77451e-06 -0.000246478 -0.00021039
0.22 -0.00277789 3.70092e-06 7.24907e-08 -1.70324e-06 -0.000265317 -0.000219182
0.23 -0.00300256 4.30526e-06 1.07513e-07 -1.49535e-06 -0.000283846 -0.000225965
0.24 -0.00321964 4.43622e-06 1.36421e-07 -1.21297e-06 -0.000301684 -0.000228884
0.25 -0.00342461 3.98123e-06 1.65277e-07 -8.9902e-07 -0.000318458 -0.000227029
0.26 -0.00361472 2.9995e-06 1.88272e-07 -6.71436e-07 -0.000333969 -0.00022072
0.27 -0.00378884 1.58028e-06 1.5493e-07 -6.41128e-07 -0.000348154 -0.000211097
0.28 -0.00394725 -1.82911e-07 8.01866e-08 -6.91774e-07 -0.00036102 -0.000199252
0.29 -0.00409106 -2.11292e-06 3.60651e-08 -6.82423e-07 -0.000372574 -0.000186142
0.3 -0.00422175 -4.0254e-06 2.7065e-08 -5.80204e-07 -0.000382947 -0.000172722
0.31 -0.00434063 -5.76676e-06 2.95397e-08 -3.69479e-07 -0.000392232 -0.00015989
0.32 -0.00444823 -7.14874e-06 5.31161e-08 -7.14713e-08 -0.000400394 -0.000148601
0.33 -0.00454389 -8.05407e-06 9.52401e-08 2.23993e-07 -0.000407374 -0.000139494
0.34 -0.00462553 -8.53986e-06 1.16308e-07 4.15006e-07 -0.000413022 -0.000132585
0.35 -0.00468975 -8.71846e-06 1.06813e-07 4.98365e-07 -0.000417078 -0.000127445
0.36 -0.00473223 -8.65497e-06 9.4771e-08 5.16937e-07 -0.000419217 -0.000123297
0.37 -0.00474839 -8.43791e-06 8.61665e-08 5.05752e-07 -0.000419111 -0.000119248
0.38 -0.00473392 -8.15899e-06 7.44601e-08 5.04009e-07 -0.000416459 -0.00011475
0.39 -0.00468534 -7.87943e-06 6.92482e-08 5.337e-07 -0.000410995 -0.000109284
0.4 -0.00460039 -7.69874e-06 7.87976e-08 5.72277e-07 -0.000402521 -0.000102194
0.41 -0.00447831 -7.74408e-06 7.89584e-08 5.45832e-07 -0.000390982 -9.30118e-05
0.42 -0.00431995 -8.04269e-06 4.77235e-08 4.10897e-07 -0.000376432 -8.1665e-05
0.43 -0.00412756 -8.46839e-06 5.41654e-11 2.01529e-07 -0.000359 -6.85967e-05
0.44 -0.00390447 -8.85643e-06 -4.12082e-08 -5.18002e-09 -0.0003389 -5.47423e-05
0.45 -0.0036543 -9.04599e-06 -7.23278e-08 -1.56326e-07 -0.000316397 -4.14201e-05
0.46 -0.00338031 -8.90003e-06 -8.62148e-08 -1.90618e-07 -0.000291725 -2.96824e-05
0.47 -0.0030849 -8.3895e-06 -6.21321e-08 -7.16335e-08 -0.00026504 -1.98508e-05
0.48 -0.00276933 -7.57688e-06 -1.6553e-08 1.21847e-07 -0.000236467 -1.17244e-05
0.49 -0.00243375 -6.52355e-06 1.66241e-08 2.97408e-07 -0.000206075 -4.74274e-06
0.5 -0.00207764 -5.27881e-06 3.38592e-08 4.31301e-07 -0.000173864 1.95804e-06
0.51 -0.00170015 -3.93298e-06 4.49735e-08 5.09663e-07 -0.000139814 9.22879e-06
0.52 -0.00130068 -2.59547e-06 3.32273e-08 5.10578e-07 -0.000103966 1.76634e-05
0.53 -0.000879353 -1.35749e-06 3.88994e-09 5.0307e-07 -6.64085e-05 2.77927e-05
0.54 -0.000437456 -2.81036e-07 -9.8191e-09 5.40736e-07 -2.72586e-05 3.9925e-05
0.55 2.2376e-05 6.12665e-07 -1.41118e-08 5.85629e-07 1.32131e-05 5.39564e-05
0.56 0.000496112 1.36931e-06 -2.49217e-08 6.06013e-07 5.46526e-05 6.9427e-05
0.57 0.000978585 2.07803e-06 -4.07557e-08 5.80262e-07 9.66578e-05 8.56148e-05
0.58 0.00146389 2.79168e-06 -5.52563e-08 4.89659e-07 0.00013877 0.000101698
0.59 0.00194592 3.53511e-06 -8.11697e-08 3.28309e-07 0.00018051 0.000116811
0.6 0.00241885 4.34241e-06 -1.11436e-07 1.73627e-07 0.000221405 0.00013021
0.61 0.00287758 5.24818e-06 -1.16523e-07 9.01293e-08 0.000261081 0.000141312
0.62 0.00331809 6.25973e-06 -1.00298e-07 7.76408e-08 0.000299209 0.000149692
0.63 0.00373752 7.35461e-06 -7.33596e-08 1.32236e-07 0.000335529 0.000155189
0.64 0.00413423 8.46365e-06 -4.17404e-08 2.0222e-07 0.000369899 0.000158047
0.65 0.00450747 9.44858e-06 -1.45967e-08 2.29649e-07 0.00040224 0.000158912
0.66 0.00485699 1.01584e-05 -7.42021e-09 1.80738e-07 0.000432492 0.000158724
0.67 0.00518255 1.05073e-05 -2.48306e-08 6.13381e-08 0.000460589 0.000158463
0.68 0.00548343 1.04905e-05 -5.17447e-08 -9.19975e-08 0.000486469 0.00015884
0.69 0.00575808 1.01454e-05 -7.93475e-08 -2.28045e-07 0.00051 0.00016025
0.7 0.00600409 9.5587e-06 -1.02906e-07 -3.20803e-07 0.000530979 0.000162605
0.71 0.00621831 8.84362e-06 -1.21182e-07 -3.76859e-07 0.000549173 0.000165441
0.72 0.00639715 8.09264e-06 -1.27194e-07 -3.94016e-07 0.000564338 0.000168224
0.73 0.0065371 7.41384e-06 -1.28003e-07 -4.08413e-07 0.000576214 0.000170355
0.74 0.00663509 6.9254e-06 -1.33212e-07 -4.36563e-07 0.000584555 0.000171311
0.75 0.006689 6.71063e-06 -1.34048e-07 -4.50379e-07 0.000589224 0.000170783
0.76 0.00669784 6.78169e-06 -1.22849e-07 -4.1249e-07 0.000590147 0.00016873
0.77 0.00666193 7.07984e-06 -1.01403e-07 -3.09016e-07 0.000587308 0.000165331
0.78 0.00658277 7.49322e-06 -7.46795e-08 -1.43816e-07 0.000580809 0.000160929
0.79 0.00646282 7.87056e-06 -3.82596e-08 8.05332e-08 0.000570825 0.000156069
0.8 0.00630508 8.07837e-06 -5.85635e-09 2.94234e-07 0.000557552 0.000151315
0.81 0.00611279 8.017e-06 4.10533e-09 4.42652e-07 0.000541195 0.000147108
0.82 0.00588891 7.60221e-06 -3.62855e-09 5.30558e-07 0.000521983 0.000143837
0.83 0.00563593 6.77803e-06 -2.26715e-08 5.62896e-07 0.00050011 0.000141754
0.84 0.00535564 5.53334e-06 -5.28687e-08 5.62139e-07 0.0004757 0.000140811
0.85 0.00504913 3.9061e-06 -8.38474e-08 5.80275e-07 0.000448863 0.000140738
0.86 0.00471693 1.99827e-06 -9.98896e-08 6.42903e-07 0.000419696 0.000141023
0.87 0.00435934 -3.67236e-08 -1.04692e-07 7.30466e-07 0.00038825 0.000140894
0.88 0.00397676 -2.04567e-06 -1.045e-07 8.26567e-07 0.000354599 0.000139528
0.89 0.00357017 -3.89936e-06 -9.72245e-08 9.12724e-07 0.000318889 0.000136201
0.9 0.00314138 -5.5076e-06 -8.46855e-08 9.74154e-07 0.000281303 0.000130462
0.91 0.00269326 -6.82668e-06 -7.15324e-08 1.01375e-06 0.000242095 0.000122206
0.92 0.00222968 -7.84592e-06 -5.56828e-08 1.0531e-06 0.000201594 0.000111676
0.93 0.00175531 -8.57488e-06 -3.18723e-08 1.10114e-06 0.000160196 9.94093e-05
0.94 0.00127532 -9.05109e-06 -7.0891e-09 1.14581e-06 0.000118314 8.60703e-05
0.95 0.000794922 -9.34713e-06 1.18462e-08 1.17011e-06 7.63561e-05 7.23407e-05
0.96 0.000319012 -9.5401e-06 2.03335e-08 1.14005e-06 3.47328e-05 5.88003e-05
0.97 -0.000148169 -9.68241e-06 1.4997e-08 1.0402e-06 -6.20471e-06 4.5819e-05
0.98 -0.000603242 -9.79893e-06 -3.94326e-09 8.80366e-07 -4.61807e-05 3.3584e-05
0.99 -0.00104372 -9.8722e-06 -3.09975e-08 6.81973e-07 -8.49696e-05 2.20672e-05
1 -0.00146791 -9.84814e-06 -5.51551e-08 4.88406e-07 -0.000122399 1.10426e-05
1.01 -0.0018747 -9.68561e-06 -6.7233e-08 3.44792e-07 -0.000158355 2.52781e-07
1.02 -0.00226327 -9.36501e-06 -6.4961e-08 2.59345e-07 -0.000192746 -1.06138e-05
1.03 -0.00263277 -8.87655e-06 -5.04243e-08 2.25461e-07 -0.000225473 -2.1865e-05
1.04 -0.00298211 -8.2213e-06 -2.49529e-08 2.34129e-07 -0.000256427 -3.367e-05
1.05 -0.00330976 -7.41045e-06 4.15316e-09 2.54657e-07 -0.000285486 -4.60762e-05
1.06 -0.00361368 -6.47014e-06 3.06172e-08 2.69037e-07 -0.000312495 -5.89642e-05
1.07 -0.00389147 -5.43963e-06 5.52093e-08 2.81539e-07 -0.000337262 -7.20415e-05
1.08 -0.00414052 -4.38798e-06 7.88289e-08 2.96898e-07 -0.000359607 -8.48349e-05
1.09 -0.00435837 -3.40071e-06 9.78721e-08 3.04148e-07 -0.000379354 -9.68083e-05
1.1 -0.00454299 -2.53929e-06 1.09826e-07 2.93889e-07 -0.000396353 -0.000107488
1.11 -0.00469312 -1.83137e-06 1.14905e-07 2.54485e-07 -0.00041051 -0.000116503
1.12 -0.00480844 -1.27034e-06 1.08103e-07 1.55543e-07 -0.000421805 -0.000123725
1.13 -0.00488969 -8.18845e-07 8.76246e-08 -8.96403e-09 -0.000430283 -0.000129317
1.14 -0.00493852 -4.14932e-07 6.09547e-08 -2.18521e-07 -0.000436048 -0.000133665
1.15 -0.0049573 7.29604e-09 3.54811e-08 -4.49673e-07 -0.00043926 -0.000137303
1.16 -0.00494881 5.07342e-07 1.69785e-08 -6.72788e-07 -0.00044011 -0.000140845
1.17 -0.0049159 1.13985e-06 1.16702e-08 -8.5775e-07 -0.000438794 -0.000144821
1.18 -0.00486117 1.94112e-06 2.24873e-08 -9.98868e-07 -0.000435484 -0.000149597
1.19 -0.00478672 2.90275e-06 4.35537e-08 -1.10928e-06 -0.000430341 -0.000155343
1.2 -0.00469412 3.97093e-06 6.90041e-08 -1.20163e-06 -0.00042348 -0.000161982
1.21 -0.00458434 5.07183e-06 9.34411e-08 -1.29377e-06 -0.000414978 -0.000169259
1.22 -0.00445796 6.11501e-06 1.12302e-07 -1.38984e-06 -0.0004049 -0.00017677
1.23 -0.00431538 7.0138e-06 1.24606e-07 -1.48395e-06 -0.000393293 -0.000184037
1.24 -0.00415705 7.71159e-06 1.29929e-07 -1.56932e-06 -0.000380219 -0.000190579
1.25 -0.00398371 8.17864e-06 1.30215e-07 -1.63903e-06 -0.000365758 -0.00019597
1.26 -0.00379662 8.39882e-06 1.25203e-07 -1.6936e-06 -0.000350027 -0.0001999
1.27 -0.00359758 8.37745e-06 1.14665e-07 -1.73823e-06 -0.000333189 -0.000202187
1.28 -0.00338898 8.15838e-06 9.84313e-08 -1.78205e-06 -0.000315437 -0.000202838
1.29 -0.00317363 7.80819e-06 7.90785e-08 -1.81675e-06 -0.000296999 -0.000202014
1.3 -0.00295453 7.40755e-06 6.16522e-08 -1.82957e-06 -0.000278117 -0.000199974
1.31 -0.00273464 7.04449e-06 4.98115e-08 -1.8079e-06 -0.000259032 -0.000197041
1.32 -0.00251658 6.78384e-06 4.85188e-08 -1.73269e-06 -0.000239955 -0.000193513
1.33 -0.00230244 6.64118e-06 6.02837e-08 -1.59797e-06 -0.000221059 -0.000189562
1.34 -0.00209361 6.59233e-06 8.13535e-08 -1.42113e-06 -0.000202474 -0.000185208
1.35 -0.00189079 6.58772e-06 1.05063e-07 -1.22535e-06 -0.000184276 -0.000180325
1.36 -0.0016941 6.55029e-06 1.26921e-07 -1.02921e-06 -0.000166497 -0.000174631
1.37 -0.00150324 6.39393e-06 1.402e-07 -8.59007e-07 -0.00014914 -0.000167779
1.38 -0.00131779 6.03854e-06 1.4136e-07 -7.20433e-07 -0.000132199 -0.000159454
1.39 -0.00113739 5.41601e-06 1.32023e-07 -6.0631e-07 -0.000115659 -0.000149434
1.4 -0.00096198 4.47878e-06 1.14489e-07 -5.08322e-07 -9.95268e-05 -0.000137653
1.41 -0.000791893 3.21851e-06 9.13257e-08 -4.20249e-07 -8.38334e-05 -0.000124238
1.42 -0.000627868 1.67335e-06 6.4098e-08 -3.38002e-07 -6.86296e-05 -0.000109494
1.43 -0.000470949 -8.84006e-08 3.72167e-08 -2.56429e-07 -5.39819e-05 -9.38383e-05
1.44 -0.000322307 -1.97654e-06 1.08304e-08 -1.80209e-07 -3.99661e-05 -7.7767e-05
1.45 -0.000183025 -3.8918e-06 -1.20848e-08 -9.81359e-08 -2.66528e-05 -6.17812e-05
1.46 -5.38703e-05 -5.73956e-06 -2.76787e-08 5.77954e-10 -1.40821e-05 -4.63196e-05
1.47 6.48914e-05 -7.43803e-06 -3.40423e-08 1.25866e-07 -2.26389e-06 -3.17197e-05
1.48 0.000173616 -8.92029e-06 -2.98548e-08 2.84126e-07 8.83079e-06 -1.81769e-05
1.49 0.000273303 -1.01389e-05 -1.73757e-08 4.6878e-07 1.92756e-05 -5.72014e-06
1.5 0.00036553 -1.10758e-05 3.90017e-10 6.63911e-07 2.91866e-05 5.77851e-06
1.51 0.000452295 -1.17413e-05 1.61485e-08 8.45514e-07 3.87018e-05 1.65666e-05
1.52 0.000535794 -1.21656e-05 2.58565e-08 9.97444e-07 4.79687e-05 2.69794e-05
1.53 0.000618184 -1.2385e-05 2.54103e-08 1.10407e-06 5.71392e-05 3.73565e-05
1.54 0.000701359 -1.24319e-05 1.47771e-08 1.17017e-06 6.63411e-05 4.79706e-05
1.55 0.000786779 -1.23266e-05 -3.21554e-09 1.20578e-06 7.56696e-05 5.89946e-05
1.56 0.000875393 -1.20759e-05 -2.61358e-08 1.2206e-06 8.51868e-05 7.04508e-05
1.57 0.00096765 -1.16812e-05 -4.90578e-08 1.22905e-06 9.4924e-05 8.22056e-05
1.58 0.0010636 -1.11448e-05 -7.00402e-08 1.2367e-06 0.000104882 9.40195e-05
1.59 0.00116305 -1.04694e-05 -8.61655e-08 1.24751e-06 0.000115043 0.000105603
1.6 0.00126576 -9.65962e-06 -9.73697e-08 1.25938e-06 0.000125393 0.000116661
1.61 0.00137163 -8.72845e-06 -1.02188e-07 1.2803e-06 0.000135923 0.000126978
1.62 0.00148077 -7.69927e-06 -9.93471e-08 1.31316e-06 0.000146636 0.000136456
1.63 0.0015936 -6.60893e-06 -9.08411e-08 1.3557e-06 0.000157559 0.000145105
1.64 0.00171077 -5.50757e-06 -7.69344e-08 1.40968e-06 0.000168735 0.000153041
1.65 0.00183305 -4.44925e-06 -6.159e-08 1.46144e-06 0.000180213 0.000160449
1.66 0.00196119 -3.47925e-06 -4.90656e-08 1.49381e-06 0.000192037 0.000167529
1.67 0.00209568 -2.62299e-06 -4.33192e-08 1.48983e-06 0.00020424 0.000174444
1.68 0.00223664 -1.88417e-06 -4.69864e-08 1.43848e-06 0.000216825 0.000181298
1.69 0.00238368 -1.24244e-06 -6.02578e-08 1.33676e-06 0.000229755 0.00018809
1.7 0.0025358 -6.59317e-07 -8.10404e-08 1.19185e-06 0.000242956 0.000194699
1.71 0.00269148 -8.30894e-08 -1.04577e-07 1.02082e-06 0.000256316 0.000200901
1.72 0.00284876 5.485e-07 -1.26736e-07 8.38203e-07 0.000269689 0.000206381
1.73 0.00300538 1.29658e-06 -1.44064e-07 6.5587e-07 0.000282905 0.000210772
1.74 0.00315898 2.21319e-06 -1.54132e-07 4.81989e-07 0.000295787 0.000213716
1.75 0.00330732 3.32891e-06 -1.56028e-07 3.19738e-07 0.000308166 0.000214917
1.76 0.00344842 4.6444e-06 -1.50861e-07 1.70131e-07 0.000319882 0.000214183
1.77 0.00358066 6.12736e-06 -1.38782e-07 3.75999e-08 0.000330797 0.000211471
1.78 0.00370279 7.71949e-06 -1.21317e-07 -7.68204e-08 0.000340804 0.000206889
1.79 0.0038139 9.34571e-06 -1.00983e-07 -1.7144e-07 0.000349808 0.000200672
1.8 0.0039133 1.092e-05 -7.97993e-08 -2.47839e-07 0.000357732 0.000193158
1.81 0.00400035 1.23585e-05 -6.15766e-08 -3.14886e-07 0.0003645 0.000184715
1.82 0.00407431 1.35885e-05 -4.89323e-08 -3.79189e-07 0.000370034 0.000175691
1.83 0.00413423 1.45558e-05 -4.40191e-08 -4.48221e-07 0.000374242 0.000166357
1.84 0.00417886 1.52316e-05 -4.70209e-08 -5.23745e-07 0.000377009 0.000156893
1.85 0.00420668 1.56192e-05 -5.59788e-08 -6.02168e-07 0.000378213 0.000147363
1.86 0.00421592 1.57481e-05 -6.78721e-08 -6.72916e-07 0.000377713 0.000137738
1.87 0.00420472 1.56617e-05 -7.81551e-08 -7.24754e-07 0.000375367 0.000127941
1.88 0.00417131 1.541e-05 -8.35281e-08 -7.50737e-07 0.000371043 0.000117862
1.89 0.0041141 1.50366e-05 -8.22186e-08 -7.47701e-07 0.000364629 0.000107413
1.9 0.0040319 1.45722e-05 -7.37664e-08 -7.18825e-07 0.000356042 9.65483e-05
1.91 0.00392396 1.40317e-05 -5.9521e-08 -6.72368e-07 0.000345231 8.52947e-05
1.92 0.00379006 1.34162e-05 -4.20283e-08 -6.18042e-07 0.000332191 7.37445e-05
1.93 0.00363042 1.27116e-05 -2.27228e-08 -5.59666e-07 0.000316943 6.20601e-05
1.94 0.00344564 1.18901e-05 -4.45703e-09 -5.05486e-07 0.000299544 5.0445e-05
1.95 0.00323661 1.09177e-05 1.10845e-08 -4.57793e-07 0.000280072 3.91074e-05
1.96 0.00300433 9.76218e-06 2.24e-08 -4.19211e-07 0.000258612 2.82319e-05
1.97 0.0027498 8.40149e-06 2.73754e-08 -3.94683e-07 0.00023526 1.79294e-05
1.98 0.00247396 6.83133e-06 2.62874e-08 -3.82863e-07 0.000210102 8.22741e-06
1.99 0.00217765 5.07088e-06 1.9085e-08 -3.84565e-07 0.000183226 -9.57023e-07
2 0.00186162 3.15803e-06 7.64387e-09 -3.91304e-07 0.000154712 -9.79299e-06
2.01 0.00152663 1.14523e-06 -4.75233e-09 -3.92064e-07 0.000124644 -1.85162e-05
2.02 0.00117359 -9.05933e-07 -1.44232e-08 -3.75124e-07 9.31191e-05 -2.73916e-05
2.03 0.000803654 -2.93081e-06 -1.81986e-08 -3.28483e-07 6.02493e-05 -3.66496e-05
2.04 0.000418384 -4.86898e-06 -1.41203e-08 -2.48137e-07 2.61793e-05 -4.64624e-05
2.05 1.97847e-05 -6.67145e-06 -2.77384e-09 -1.36569e-07 -8.91932e-06 -5.68931e-05
2.06 -0.000389646 -8.3021e-06 1.51012e-08 -3.44923e-10 -4.48374e-05 -6.78946e-05
2.07 -0.000806967 -9.7426e-06 3.62077e-08 1.46896e-07 -8.13344e-05 -7.93127e-05
2.08 -0.00122888 -1.09903e-05 5.73794e-08 2.94954e-07 -0.000118148 -9.09092e-05
2.09 -0.0016519 -1.20515e-05 7.69612e-08 4.33349e-07 -0.000154996 -0.000102401
2.1 -0.00207244 -1.29367e-05 9.12873e-08 5.51943e-07 -0.000191594 -0.000113499
2.11 -0.00248706 -1.36568e-05 1.00856e-07 6.49251e-07 -0.000227662 -0.000123946
2.12 -0.0028925 -1.42216e-05 1.04246e-07 7.17424e-07 -0.000262932 -0.000133541
2.13 -0.0032858 -1.4637e-05 1.01468e-07 7.5554e-07 -0.000297157 -0.000142167
2.14 -0.00366434 -1.49071e-05 9.41939e-08 7.64383e-07 -0.000330107 -0.000149781
2.15 -0.00402576 -1.50345e-05 8.32852e-08 7.46023e-07 -0.000361575 -0.00015642
2.16 -0.00436795 -1.50199e-05 7.18758e-08 7.08518e-07 -0.000391368 -0.000162164
2.17 -0.00468891 -1.48649e-05 6.19018e-08 6.59961e-07 -0.000419299 -0.00016712
2.18 -0.00498671 -1.45773e-05 5.65551e-08 6.11388e-07 -0.000445192 -0.000171385
2.19 -0.00525938 -1.41731e-05 5.71184e-08 5.67602e-07 -0.000468867 -0.000175012
2.2 -0.00550488 -1.3676e-05 6.32239e-08 5.30254e-07 -0.000490145 -0.000178017
2.21 -0.00572117 -1.31164e-05 7.35778e-08 4.96646e-07 -0.000508847 -0.000180347
2.22 -0.0059062 -1.2525e-05 8.62378e-08 4.60516e-07 -0.000524798 -0.000181912
2.23 -0.00605802 -1.19269e-05 9.77697e-08 4.12961e-07 -0.000537842 -0.000182597
2.24 -0.00617496 -1.13357e-05 1.05764e-07 3.49479e-07 -0.000547836 -0.000182293
2.25 -0.00625567 -1.07523e-05 1.09583e-07 2.6816e-07 -0.000554673 -0.000180931
2.26 -0.00629925 -1.01614e-05 1.07528e-07 1.66301e-07 -0.000558279 -0.000178511
2.27 -0.00630531 -9.53308e-06 1.0107e-07 4.94925e-08 -0.000558621 -0.000175107
2.28 -0.00627395 -8.82526e-06 9.05051e-08 -8.14934e-08 -0.000555706 -0.000170869
2.29 -0.00620574 -7.98844e-06 7.78181e-08 -2.214e-07 -0.000549578 -0.000166013
2.3 -0.00610165 -6.97392e-06 6.4921e-08 -3.65469e-07 -0.000540315 -0.000160775
2.31 -0.0059629 -5.74145e-06 5.28188e-08 -5.09837e-07 -0.000528015 -0.000155396
2.32 -0.00579088 -4.26921e-06 4.46216e-08 -6.44754e-07 -0.000512796 -0.000150074
2.33 -0.00558704 -2.55682e-06 4.07999e-08 -7.67266e-07 -0.000494783 -0.00014495
2.34 -0.00535284 -6.2923e-07 4.23463e-08 -8.71036e-07 -0.000474107 -0.000140078
2.35 -0.0050897 1.46568e-06 4.8882e-08 -9.55153e-07 -0.000450898 -0.000135428
2.36 -0.00479902 3.66068e-06 5.8632e-08 -1.02326e-06 -0.00042529 -0.000130897
2.37 -0.00448228 5.87422e-06 6.94427e-08 -1.07939e-06 -0.000397425 -0.000126315
2.38 -0.00414105 8.01997e-06 7.85394e-08 -1.13102e-06 -0.000367451 -0.000121486
2.39 -0.00377711 1.00135e-05 8.36075e-08 -1.18283e-06 -0.000335534 -0.00011621
2.4 -0.00339253 1.1783e-05 8.35283e-08 -1.23632e-06 -0.000301858 -0.000110319
2.41 -0.00298969 1.32755e-05 7.79703e-08 -1.29175e-06 -0.000266629 -0.000103697
2.42 -0.00257131 1.44604e-05 6.72234e-08 -1.34522e-06 -0.00023008 -9.62906e-05
2.43 -0.0021404 1.53302e-05 5.37208e-08 -1.39113e-06 -0.000192457 -8.81182e-05
2.44 -0.00170017 1.58961e-05 3.83319e-08 -1.42703e-06 -0.000154026 -7.9248e-05
2.45 -0.00125397 1.61844e-05 2.33959e-08 -1.44734e-06 -0.000115058 -6.97881e-05
2.46 -0.000805141 1.62297e-05 1.05375e-08 -1.4503e-06 -7.58248e-05 -5.98557e-05
2.47 -0.000356919 1.60702e-05 5.91185e-10 -1.43386e-06 -3.65922e-05 -4.95552e-05
2.48 8.76515e-05 1.57414e-05 -4.8608e-09 -1.39603e-06 2.38811e-06 -3.89568e-05
2.49 0.000525768 1.52723e-05 -6.88674e-09 -1.3389e-06 4.08806e-05 -2.80921e-05
2.5 0.000954883 1.46823e-05 -5.14514e-09 -1.26134e-06 7.86654e-05 -1.69554e-05
2.51 0.00137268 1.39804e-05 -1.05475e-09 -1.16863e-06 0.00011554 -5.51364e-06
2.52 0.00177701 1.31684e-05 2.99699e-09 -1.06621e-06 0.000151312 6.26325e-06
2.53 0.00216587 1.22438e-05 5.54537e-09 -9.58262e-07 0.000185801 1.83934e-05
2.54 0.00253728 1.12047e-05 4.39655e-09 -8.50797e-07 0.000218828 3.08538e-05
2.55 0.00288932 1.00527e-05 -1.08138e-09 -7.44186e-07 0.000250218 4.35726e-05
2.56 0.00322005 8.79447e-06 -1.06926e-08 -6.36974e-07 0.000279801 5.64257e-05
2.57 0.00352756 7.44323e-06 -2.361e-08 -5.24716e-07 0.000307407 6.92346e-05
2.58 0.00381005 6.01732e-06 -3.79707e-08 -4.01557e-07 0.000332877 8.17893e-05
2.59 0.00406584 4.53952e-06 -5.21524e-08 -2.62674e-07 0.000356067 9.38615e-05
2.6 0.00429354 3.03449e-06 -6.44796e-08 -1.0376e-07 0.000376852 0.00010524
2.61 0.00449204 1.5261e-06 -7.31699e-08 7.69219e-08 0.000395135 0.000115751
2.62 0.00466067 3.51234e-08 -7.79661e-08 2.7701e-07 0.000410849 0.000125276
2.63 0.00479915 -1.42308e-06 -7.88785e-08 4.93409e-07 0.000423962 0.000133772
2.64 0.00490763 -2.83855e-06 -7.62137e-08 7.2095e-07 0.000434475 0.000141264
2.65 0.00498666 -4.2057e-06 -7.12768e-08 9.51866e-07 0.000442419 0.000147837
2.66 0.00503707 -5.52173e-06 -6.50681e-08 1.17903e-06 0.000447854 0.000153627
2.67 0.00505994 -6.78349e-06 -5.94412e-08 1.39269e-06 0.000450856 0.000158785
2.68 0.00505646 -7.98554e-06 -5.62015e-08 1.58344e-06 0.00045152 0.000163456
2.69 0.0050279 -9.11956e-06 -5.6299e-08 1.74456e-06 0.000449945 0.000167756
2.7 0.00497552 -1.01726e-05 -6.05945e-08 1.87015e-06 0.000446237 0.000171753
2.71 0.00490055 -1.11278e-05 -6.86496e-08 1.95998e-06 0.000440502 0.000175464
2.72 0.00480419 -1.19661e-05 -7.92104e-08 2.0163e-06 0.000432849 0.000178859
2.73 0.00468768 -1.26681e-05 -9.1056e-08 2.04317e-06 0.000423388 0.000181872
2.74 0.00455229 -1.32178e-05 -1.01886e-07 2.04849e-06 0.000412236 0.000184419
2.75 0.0043994 -1.3605e-05 -1.10469e-07 2.03668e-06 0.000399517 0.000186415
2.76 0.00423054 -1.38281e-05 -1.15623e-07 2.01413e-06 0.000385364 0.000187793
2.77 0.0040474 -1.3893e-05 -1.16532e-07 1.98395e-06 0.000369925 0.000188512
2.78 0.00385185 -1.3812e-05 -1.14101e-07 1.94688e-06 0.000353354 0.000188557
2.79 0.00364584 -1.36018e-05 -1.08413e-07 1.90531e-06 0.000335813 0.000187945
2.8 0.00343143 -1.3279e-05 -1.00904e-07 1.85677e-06 0.000317467 0.000186707
2.81 0.00321063 -1.28577e-05 -9.2654e-08 1.80108e-06 0.00029848 0.000184878
2.82 0.00298538 -1.2346e-05 -8.49785e-08 1.73607e-06 0.000279005 0.00018248
2.83 0.00275746 -1.1744e-05 -7.91858e-08 1.65936e-06 0.000259189 0.000179507
2.84 0.00252843 -1.10421e-05 -7.54653e-08 1.56995e-06 0.000239156 0.00017592
2.85 0.00229964 -1.02219e-05 -7.43695e-08 1.46534e-06 0.000219019 0.000171642
2.86 0.00207219 -9.25893e-06 -7.5688e-08 1.34609e-06 0.000198874 0.000166568
2.87 0.00184699 -8.12767e-06 -7.84328e-08 1.21403e-06 0.000178798 0.000160582
2.88 0.00162481 -6.8056e-06 -8.10451e-08 1.07125e-06 0.000158866 0.000153563
2.89 0.00140633 -5.27951e-06 -8.23039e-08 9.21632e-07 0.000139137 0.00014542
2.9 0.0011922 -3.54953e-06 -8.09644e-08 7.67676e-07 0.000119675 0.000136105
2.91 0.000983045 -1.63185e-06 -7.64469e-08 6.10382e-07 0.000100539 0.00012562
2.92 0.000779537 4.40169e-07 -6.85764e-08 4.5011e-07 8.17896e-05 0.000114039
2.93 0.000582343 2.6175e-06 -5.80615e-08 2.85267e-07 6.349e-05 0.000101486
2.94 0.000392105 4.8382e-06 -4.59859e-08 1.15002e-07 4.56967e-05 8.81376e-05
2.95 0.000209394 7.03326e-06 -3.32771e-08 -6.238e-08 2.84648e-05 7.41951e-05
2.96 3.46489e-05 9.13235e-06 -2.12311e-08 -2.46836e-07 1.18372e-05 5.98696e-05
2.97 -0.000131873 1.10702e-05 -1.10152e-08 -4.37758e-07 -4.15595e-06 4.53612e-05
2.98 -0.000290129 1.27911e-05 -3.13809e-09 -6.33116e-07 -1.94999e-05 3.08416e-05
2.99 -0.000440313 1.42543e-05 2.32715e-09 -8.29724e-07 -3.41982e-05 1.64474e-05
3 -0.000582838 1.54349e-05 5.44469e-09 -1.02414e-06 -4.8269e-05 2.27328e-06
3.01 -0.000716343 1.62151e-05 5.78037e-08 -1.26051e-06 -6.00042e-05 -1.03816e-05
3.02 -0.000836719 1.64233e-05 3.09756e-08 -1.36631e-06 -6.92889e-05 -1.94427e-05
3.03 -0.000939738 1.60446e-05 -8.54656e-08 -1.33016e-06 -7.80169e-05 -2.41402e-05
3.04 -0.00102292 1.5172e-05 -4.74292e-09 -1.32968e-06 -8.51052e-05 -2.47675e-05
3.05 -0.00108589 1.39458e-05 8.12965e-08 -1.22904e-06 -9.03841e-05 -2.2476e-05
3.06 -0.00112981 1.25205e-05 2.18792e-08 -1.13105e-06 -9.43885e-05 -1.8355e-05
3.07 -0.00115697 1.0984e-05 4.87242e-09 -1.25523e-06 -9.68095e-05 -1.25968e-05
3.08 -0.00117039 9.44648e-06 -2.47323e-08 -1.51163e-06 -9.81955e-05 -5.69615e-06
3.09 -0.00117336 8.05609e-06 -8.37897e-08 -1.64724e-06 -9.86036e-05 1.63264e-06
3.1 -0.001169 6.97664e-06 -9.98866e-08 -1.57601e-06 -9.82104e-05 8.31357e-06
3.11 -0.0011592 6.33598e-06 -6.67531e-08 -1.35799e-06 -9.73042e-05 1.28248e-05
3.12 -0.00114447 6.06483e-06 -1.00777e-08 -9.91786e-07 -9.5807e-05 1.49892e-05
3.13 -0.00112385 5.98763e-06 2.78304e-08 -5.83112e-07 -9.3667e-05 1.55489e-05
3.14 -0.0010952 5.92607e-06 3.95207e-08 -2.86428e-07 -9.08372e-05 1.50973e-05
3.15 -0.00105593 5.71113e-06 3.30886e-08 -1.00706e-07 -8.71553e-05 1.43068e-05
3.16 -0.00100365 5.26166e-06 2.43104e-08 5.85735e-08 -8.24351e-05 1.35689e-05
3.17 -0.000936456 4.54652e-06 2.01972e-08 2.01394e-07 -7.65825e-05 1.29154e-05
3.18 -0.000853322 3.48632e-06 5.74896e-10 3.22482e-07 -6.9589e-05 1.26722e-05
3.19 -0.000754578 1.97452e-06 -1.49357e-08 5.08713e-07 -6.14652e-05 1.37373e-05
3.2 -0.000642032 1.04358e-08 -2.04586e-10 7.54331e-07 -5.23211e-05 1.65885e-05
3.21 -0.000519027 -2.29561e-06 1.33561e-08 9.41424e-07 -4.24663e-05 2.07563e-05
3.22 -0.000390077 -4.7395e-06 1.86548e-09 1.0152e-06 -3.21903e-05 2.50102e-05
3.23 -0.000260045 -7.03842e-06 -1.81444e-08 9.93713e-07 -2.17903e-05 2.76676e-05
3.24 -0.000133275 -8.96192e-06 -3.70732e-08 8.95161e-07 -1.15905e-05 2.73367e-05
3.25 -1.28735e-05 -1.04174e-05 -6.284e-08 7.75342e-07 -1.81311e-06 2.34996e-05
3.26 9.95795e-05 -1.14051e-05 -6.34574e-08 7.70526e-07 7.43038e-06 1.66779e-05
3.27 0.000204021 -1.19411e-05 -1.62975e-08 8.79825e-07 1.61543e-05 7.81416e-06
3.28 0.000301565 -1.20998e-05 3.67286e-08 9.98649e-07 2.43837e-05 -2.11967e-06
3.29 0.000394052 -1.20034e-05 6.40176e-08 1.06006e-06 3.22446e-05 -1.21336e-05
3.3 0.000483627 -1.17633e-05 7.17357e-08 1.02467e-06 3.9905e-05 -2.13506e-05
3.31 0.000572166 -1.1519e-05 6.23994e-08 8.81214e-07 4.74503e-05 -2.88631e-05
3.32 0.00066077 -1.14079e-05 2.80572e-08 6.64647e-07 5.4939e-05 -3.38528e-05
3.33 0.000749436 -1.14614e-05 -8.97017e-09 4.7361e-07 6.23564e-05 -3.59367e-05
3.34 0.000836859 -1.16148e-05 -2.4108e-08 3.60561e-07 6.95988e-05 -3.5185e-05
3.35 0.000920554 -1.18086e-05 -2.45145e-08 3.23334e-07 7.64769e-05 -3.2064e-05
3.36 0.000997315 -1.19803e-05 -2.13071e-08 3.4262e-07 8.27552e-05 -2.73768e-05
3.37 0.00106366 -1.20614e-05 -1.53994e-08 3.83643e-07 8.819e-05 -2.18243e-05
3.38 0.00111633 -1.20077e-05 -7.81255e-09 4.15779e-07 9.25499e-05 -1.5983e-05
3.39 0.00115274 -1.17615e-05 -1.16719e-08 4.21147e-07 9.56296e-05 -1.0533e-05
3.4 0.00117136 -1.12252e-05 -2.18839e-08 4.37809e-07 9.73075e-05 -6.14768e-06
3.41 0.00117187 -1.03207e-05 -1.66392e-08 5.183e-07 9.7563e-05 -3.31582e-06
3.42 0.00115529 -9.08156e-06 9.68439e-09 6.76344e-07 9.64497e-05 -2.14655e-06
3.43 0.00112376 -7.61727e-06 4.15954e-08 8.64264e-07 9.41003e-05 -2.32048e-06
3.44 0.00108013 -6.06876e-06 6.78689e-08 1.03314e-06 9.07058e-05 -2.99791e-06
3.45 0.00102734 -4.58757e-06 8.73984e-08 1.12902e-06 8.64776e-05 -3.14737e-06
3.46 0.000967875 -3.26617e-06 8.13183e-08 1.08313e-06 8.15721e-05 -2.10852e-06
3.47 0.000903302 -2.11049e-06 4.58594e-08 9.07321e-07 7.61014e-05 2.95174e-07
3.48 0.000834093 -1.08842e-06 3.2454e-09 6.71757e-07 7.01243e-05 3.84137e-06
3.49 0.000759737 -1.71519e-07 -2.73965e-08 4.27761e-07 6.3629e-05 7.93599e-06
3.5 0.000679043 6.87659e-07 -5.14325e-08 1.93689e-07 5.6545e-05 1.17866e-05
3.51 0.000590508 1.55393e-06 -6.10725e-08 1.13802e-08 4.87983e-05 1.47409e-05
3.52 0.000492818 2.49125e-06 -4.57197e-08 -1.3624e-07 4.03508e-05 1.62352e-05
3.53 0.000385269 3.54584e-06 -2.89118e-08 -3.09888e-07 3.11622e-05 1.58309e-05
3.54 0.000268084 4.73152e-06 -2.03887e-08 -5.07256e-07 2.12812e-05 1.33896e-05
3.55 0.000142616 6.01168e-06 -1.38175e-08 -7.07837e-07 1.08414e-05 9.09848e-06
3.56 1.12906e-05 7.2938e-06 -3.33639e-09 -8.84738e-07 2.85469e-08 3.4503e-06
3.57 -0.000122609 8.48675e-06 5.02978e-09 -1.01604e-06 -1.09141e-05 -2.89479e-06
3.58 -0.000255328 9.52564e-06 1.68841e-08 -1.06846e-06 -2.17185e-05 -9.16271e-06
3.59 -0.000383071 1.03598e-05 3.90639e-08 -1.06665e-06 -3.20912e-05 -1.46081e-05
3.6 -0.000502438 1.09422e-05 5.1075e-08 -1.07197e-06 -4.17968e-05 -1.85994e-05
3.61 -0.000610789 1.12414e-05 4.46961e-08 -1.10459e-06 -5.06488e-05 -2.06228e-05
3.62 -0.000706486 1.12522e-05 2.357e-08 -1.17906e-06 -5.85119e-05 -2.03378e-05
3.63 -0.000789007 1.10049e-05 -6.63951e-09 -1.27405e-06 -6.53433e-05 -1.7694e-05
3.64 -0.000858867 1.05927e-05 -3.95762e-08 -1.34401e-06 -7.1179e-05 -1.3011e-05
3.65 -0.000917362 1.0155e-05 -6.35937e-08 -1.3443e-06 -7.61065e-05 -6.9615e-06
3.66 -0.000966142 9.82055e-06 -6.64477e-08 -1.25706e-06 -8.0219e-05 -4.6901e-07
3.67 -0.00100679 9.65664e-06 -5.23932e-08 -1.09341e-06 -8.36283e-05 5.59696e-06
3.68 -0.00104035 9.67849e-06 -2.96079e-08 -8.93811e-07 -8.64078e-05 1.05315e-05
3.69 -0.0010671 9.85017e-06 -6.41448e-09 -7.01166e-07 -8.85691e-05 1.39752e-05
3.7 -0.00108648 1.00868e-05 1.54417e-08 -5.27004e-07 -9.00708e-05 1.60057e-05
3.71 -0.00109718 1.03006e-05 2.89242e-08 -3.87917e-07 -9.08333e-05 1.69107e-05
3.72 -0.00109749 1.03922e-05 3.25757e-08 -2.68998e-07 -9.07552e-05 1.713e-05
3.73 -0.00108564 1.02441e-05 3.57116e-08 -1.45599e-07 -8.96991e-05 1.71424e-05
3.74 -0.00106017 9.74455e-06 3.82187e-08 -2.06077e-08 -8.75767e-05 1.73433e-05
3.75 -0.00102032 8.8241e-06 3.40826e-08 8.06748e-08 -8.43493e-05 1.79403e-05
3.76 -0.000966161 7.47769e-06 2.0244e-08 1.34864e-07 -8.00108e-05 1.89325e-05
3.77 -0.000898717 5.76025e-06 1.20776e-09 1.38504e-07 -7.4631e-05 2.01795e-05
3.78 -0.000819836 3.78625e-06 -2.52253e-08 7.98521e-08 -6.83446e-05 2.1352e-05
3.79 -0.000731948 1.69194e-06 -5.64317e-08 -9.44034e-09 -6.13225e-05 2.20153e-05
3.8 -0.000637753 -3.98444e-07 -7.55292e-08 -6.93313e-08 -5.37396e-05 2.17924e-05
3.81 -0.000539869 -2.36731e-06 -7.68339e-08 -7.99251e-08 -4.57802e-05 2.03619e-05
3.82 -0.00044049 -4.10733e-06 -6.48884e-08 -3.58307e-08 -3.76126e-05 1.74557e-05
3.83 -0.000341167 -5.53744e-06 -3.94872e-08 6.09557e-08 -2.93446e-05 1.30129e-05
3.84 -0.000242674 -6.60872e-06 -5.7203e-09 1.7204e-07 -2.10329e-05 7.17301e-06
3.85 -0.00014501 -7.32123e-06 2.29202e-08 2.5872e-07 -1.27088e-05 2.72963e-07
3.86 -4.75885e-05 -7.73464e-06 4.0181e-08 3.135e-07 -4.34989e-06 -7.08939e-06
3.87 5.05022e-05 -7.93971e-06 4.92069e-08 3.43081e-07 4.09597e-06 -1.41691e-05
3.88 0.000150119 -8.03058e-06 5.10095e-08 3.61213e-07 1.26526e-05 -2.01839e-05
3.89 0.000251716 -8.08638e-06 4.49654e-08 3.82508e-07 2.1324e-05 -2.44883e-05
3.9 0.000355075 -8.15789e-06 3.56049e-08 4.18789e-07 3.00723e-05 -2.66942e-05
3.91 0.000459157 -8.26817e-06 2.46531e-08 4.58246e-07 3.88068e-05 -2.67261e-05
3.92 0.000562142 -8.42441e-06 8.40653e-09 4.87398e-07 4.7375e-05 -2.48452e-05
3.93 0.000661606 -8.6189e-06 -1.1548e-08 5.06374e-07 5.55897e-05 -2.15366e-05
3.94 0.000754822 -8.81782e-06 -3.0162e-08 5.20636e-07 6.32573e-05 -1.74155e-05
3.95 0.000839112 -8.9696e-06 -4.19153e-08 5.52786e-07 7.01738e-05 -1.31111e-05
3.96 0.000912168 -9.03054e-06 -4.27285e-08 6.25283e-07 7.61625e-05 -9.12774e-06
3.97 0.000972325 -8.97473e-06 -3.00013e-08 7.43053e-07 8.11044e-05 -5.81774e-06
3.98 0.00101871 -8.80418e-06 -5.91867e-09 8.96146e-07 8.49329e-05 -3.35567e-06
3.99 0.00105121 -8.56014e-06 2.37038e-08 1.06016e-06 8.76288e-05 -1.69829e-06
4 0.00107043 -8.29037e-06 4.8683e-08 1.18807e-06 8.92307e-05 -6.97561e-07
4.01 0.0010774 -8.02688e-06 6.26394e-08 1.25401e-06 8.98112e-05 -1.32869e-07
4.02 0.00107335 -7.78624e-06 6.50748e-08 1.2502e-06 8.94552e-05 2.81727e-07
4.03 0.00105947 -7.56892e-06 5.46461e-08 1.17336e-06 8.82419e-05 7.81833e-07
4.04 0.0010366 -7.36516e-06 3.61861e-08 1.04425e-06 8.62363e-05 1.53575e-06
4.05 0.00100516 -7.152e-06 1.51682e-08 8.83456e-07 8.34828e-05 2.6036e-06
4.06 0.000965072 -6.89841e-06 -4.27023e-09 7.03584e-07 7.99807e-05 3.91807e-06
4.07 0.000915843 -6.55451e-06 -2.28663e-08 5.01762e-07 7.57109e-05 5.25319e-06
4.08 0.000856773 -6.05052e-06 -3.92901e-08 2.85312e-07 7.06447e-05 6.26298e-06
4.09 0.000787182 -5.32414e-06 -5.00186e-08 6.58152e-08 6.47494e-05 6.59243e-06
4.1 0.000706708 -4.33883e-06 -5.56778e-08 -1.49618e-07 5.80139e-05 5.91031e-06
4.11 0.000615538 -3.09427e-06 -5.26408e-08 -3.32409e-07 5.04671e-05 4.0224e-06
4.12 0.000514559 -1.62634e-06 -3.77498e-08 -4.61968e-07 4.21872e-05 9.61523e-07
4.13 0.000405389 -5.13731e-09 -1.33652e-08 -5.37364e-07 3.32948e-05 -3.012e-06
4.14 0.000290279 1.67983e-06 1.44901e-08 -5.68946e-07 2.39552e-05 -7.45942e-06
4.15 0.000171896 3.33375e-06 4.01436e-08 -5.73991e-07 1.43624e-05 -1.18034e-05
4.16 5.30402e-05 4.86238e-06 5.76284e-08 -5.79074e-07 4.72107e-06 -1.5453e-05
4.17 -6.36469e-05 6.17987e-06 6.09024e-08 -6.00201e-07 -4.78303e-06 -1.79143e-05
4.18 -0.000175956 7.22963e-06 5.14202e-08 -6.3401e-07 -1.39853e-05 -1.88425e-05
4.19 -0.000282274 8.00179e-06 3.26049e-08 -6.73861e-07 -2.27608e-05 -1.81144e-05
4.2 -0.00038166 8.52095e-06 1.01732e-08 -7.02071e-07 -3.1037e-05 -1.58056e-05
4.21 -0.000473799 8.84193e-06 -1.0901e-08 -7.09061e-07 -3.87756e-05 -1.2174e-05
4.22 -0.000558855 9.03656e-06 -2.73903e-08 -6.92399e-07 -4.59754e-05 -7.60602e-06
4.23 -0.000637259 9.16984e-06 -3.70591e-08 -6.57549e-07 -5.26469e-05 -2.5574e-06
4.24 -0.000709476 9.28816e-06 -4.12021e-08 -6.13418e-07 -5.88078e-05 2.50954e-06
4.25 -0.000775786 9.42381e-06 -3.92955e-08 -5.64252e-07 -6.44628e-05 7.19341e-06
4.26 -0.000836114 9.59681e-06 -3.27429e-08 -5.15434e-07 -6.95893e-05 1.11706e-05
4.27 -0.000889956 9.7985e-06 -2.0474e-08 -4.58561e-07 -7.41428e-05 1.42602e-05
4.28 -0.000936393 9.99387e-06 -3.40561e-09 -3.96771e-07 -7.80488e-05 1.64378e-05
4.29 -0.000974198 1.0127e-05 1.45565e-08 -3.39103e-07 -8.12151e-05 1.78008e-05
4.3 -0.00100202 1.01238e-05 3.0209e-08 -2.95272e-07 -8.35401e-05 1.85518e-05
4.31 -0.00101862 9.91021e-06 3.86873e-08 -2.8172e-07 -8.49335e-05 1.89499e-05
4.32 -0.00102307 9.43984e-06 3.62148e-08 -3.11305e-07 -8.53297e-05 1.92148e-05
4.33 -0.00101493 8.70342e-06 2.19738e-08 -3.81236e-07 -8.46959e-05 1.94718e-05
4.34 -0.000994358 7.72111e-06 6.28073e-10 -4.73083e-07 -8.30419e-05 1.97354e-05
4.35 -0.000962062 6.54498e-06 -2.39802e-08 -5.7027e-07 -8.04197e-05 1.9878e-05
4.36 -0.000919222 5.24825e-06 -4.56128e-08 -6.45541e-07 -7.69144e-05 1.96645e-05
4.37 -0.000867293 3.91354e-06 -5.90249e-08 -6.82529e-07 -7.26276e-05 1.88257e-05
4.38 -0.00080779 2.62433e-06 -6.2778e-08 -6.76618e-07 -6.7672e-05 1.71306e-05
4.39 -0.000742065 1.45899e-06 -5.71062e-08 -6.3157e-07 -6.21509e-05 1.44337e-05
4.4 -0.000671154 4.76286e-07 -4.46343e-08 -5.54156e-07 -5.6147e-05 1.0739e-05
4.41 -0.000595686 -2.99177e-07 -2.58422e-08 -4.48692e-07 -4.97166e-05 6.21657e-06
4.42 -0.000515884 -8.72686e-07 -5.5472e-09 -3.26422e-07 -4.28934e-05 1.16166e-06
4.43 -0.000431671 -1.27625e-06 1.53127e-08 -1.85526e-07 -3.5692e-05 -4.02766e-06
4.44 -0.000342819 -1.55827e-06 3.46727e-08 -3.55127e-08 -2.81126e-05 -8.91424e-06
4.45 -0.000249151 -1.7733e-06 4.91468e-08 1.12529e-07 -2.01652e-05 -1.30809e-05
4.46 -0.000150724 -1.97324e-06 5.66412e-08 2.45516e-07 -1.18737e-05 -1.61816e-05
4.47 -4.79904e-05 -2.20407e-06 5.40959e-08 3.49341e-07 -3.28758e-06 -1.79818e-05
4.48 5.81135e-05 -2.50364e-06 4.27119e-08 4.19988e-07 5.51325e-06 -1.83901e-05
4.49 0.000166159 -2.89383e-06 2.3166e-08 4.59085e-07 1.44132e-05 -1.74728e-05
4.5 0.000274292 -3.37718e-06 9.93333e-10 4.82906e-07 2.327e-05 -1.54366e-05
4.51 0.000380389 -3.93716e-06 -1.95846e-08 5.04208e-07 3.19292e-05 -1.26118e-05
4.52 0.000482245 -4.54744e-06 -3.33375e-08 5.40799e-07 4.02257e-05 -9.39553e-06
4.53 0.000577781 -5.18019e-06 -3.75456e-08 5.96471e-07 4.80064e-05 -6.1813e-06
4.54 0.000665239 -5.81503e-06 -3.32333e-08 6.66696e-07 5.51425e-05 -3.31067e-06
4.55 0.000743313 -6.44271e-06 -2.12674e-08 7.44297e-07 6.15374e-05 -1.02151e-06
4.56 0.0008112 -7.06142e-06 -6.1596e-09 8.1526e-07 6.71264e-05 5.8893e-07
4.57 0.00086858 -7.67076e-06 1.02978e-08 8.72594e-07 7.18781e-05 1.55375e-06
4.58 0.000915512 -8.26713e-06 2.42254e-08 9.07111e-07 7.57916e-05 2.00176e-06
4.59 0.00095228 -8.84364e-06 3.44827e-08 9.2e-07 7.88774e-05 2.12325e-06
4.6 0.000979223 -9.38561e-06 3.97469e-08 9.06162e-07 8.11509e-05 2.10401e-06
4.61 0.000996589 -9.86871e-06 3.80704e-08 8.61647e-07 8.26248e-05 2.07079e-06
4.62 0.00100442 -1.02559e-05 3.08104e-08 7.88165e-07 8.32994e-05 2.07096e-06
4.63 0.00100254 -1.04968e-05 1.70197e-08 6.8212e-07 8.31585e-05 2.0627e-06
4.64 0.000990566 -1.05337e-05 -3.75111e-10 5.52039e-07 8.21743e-05 1.93203e-06
4.65 0.000968024 -1.03108e-05 -1.82013e-08 4.09812e-07 8.03174e-05 1.52414e-06
4.66 0.000934486 -9.78815e-06 -3.27606e-08 2.72537e-07 7.756e-05 6.91698e-07
4.67 0.00088972 -8.94947e-06 -4.03945e-08 1.56405e-07 7.3888e-05 -6.7668e-07
4.68 0.000833827 -7.80673e-06 -3.91994e-08 7.21247e-08 6.93152e-05 -2.62687e-06
4.69 0.000767327 -6.3995e-06 -2.86425e-08 2.39217e-08 6.38842e-05 -5.10588e-06
4.7 0.000691196 -4.79045e-06 -1.19432e-08 3.7303e-09 5.76686e-05 -7.96639e-06
4.71 0.000606828 -3.06368e-06 7.27844e-09 1.20836e-09 5.07726e-05 -1.09697e-05
4.72 0.000515931 -1.31434e-06 2.53736e-08 5.8382e-09 4.33247e-05 -1.38068e-05
4.73 0.000420384 3.58962e-07 3.93027e-08 9.19226e-09 3.54664e-05 -1.61422e-05
4.74 0.000322062 1.86633e-06 4.68582e-08 7.02335e-09 2.73372e-05 -1.76603e-05
4.75 0.000222672 3.1397e-06 4.79619e-08 -1.65125e-09 1.90709e-05 -1.81124e-05
4.76 0.000123625 4.14131e-06 4.24694e-08 -1.92637e-08 1.07823e-05 -1.73615e-05
4.77 2.59606e-05 4.86565e-06 3.10371e-08 -4.65476e-08 2.55909e-06 -1.54049e-05
4.78 -6.9655e-05 5.33464e-06 1.54942e-08 -8.49903e-08 -5.53274e-06 -1.23759e-05
4.79 -0.000162869 5.5945e-06 -2.47174e-09 -1.34582e-07 -1.34492e-05 -8.53088e-06
4.8 -0.000253527 5.70573e-06 -1.9687e-08 -1.90444e-07 -2.11583e-05 -4.20116e-06
4.81 -0.000341526 5.73373e-06 -3.33228e-08 -2.468e-07 -2.86338e-05 2.52942e-07
4.82 -0.00042668 5.7408e-06 -4.0845e-08 -2.96743e-07 -3.5845e-05 4.50443e-06
4.83 -0.0005086 5.77716e-06 -4.08865e-08 -3.35911e-07 -4.27458e-05 8.2928e-06
4.84 -0.000586629 5.87178e-06 -3.35384e-08 -3.62603e-07 -4.92793e-05 1.14523e-05
4.85 -0.000659853 6.0285e-06 -2.05938e-08 -3.8257e-07 -5.53687e-05 1.39276e-05
4.86 -0.000727143 6.23218e-06 -5.3156e-09 -4.04154e-07 -6.09263e-05 1.57372e-05
4.87 -0.000787273 6.45344e-06 8.14308e-09 -4.36323e-07 -6.58617e-05 1.69663e-05
4.88 -0.000839044 6.6573e-06 1.72392e-08 -4.83719e-07 -7.00853e-05 1.77263e-05
4.89 -0.00088142 6.81277e-06 2.0349e-08 -5.4689e-07 -7.35252e-05 1.8123e-05
4.9 -0.000913635 6.89675e-06 1.67655e-08 -6.21056e-07 -7.6125e-05 1.8233e-05
4.91 -0.000935264 6.89556e-06 8.87206e-09 -6.94772e-07 -7.78568e-05 1.80872e-05
4.92 -0.000946243 6.80689e-06 -2.80036e-09 -7.62846e-07 -7.87169e-05 1.7666e-05
4.93 -0.000946822 6.64059e-06 -1.52676e-08 -8.14229e-07 -7.87233e-05 1.69044e-05
4.94 -0.000937497 6.41719e-06 -2.69311e-08 -8.44073e-07 -7.79138e-05 1.57178e-05
4.95 -0.000918883 6.16262e-06 -3.62658e-08 -8.4783e-07 -7.63321e-05 1.40168e-05
4.96 -0.000891609 5.903e-06 -4.04477e-08 -8.19049e-07 -7.4028e-05 1.17517e-05
4.97 -0.000856205 5.65818e-06 -3.93021e-08 -7.57844e-07 -7.10407e-05 8.9278e-06
4.98 -0.00081304 5.43402e-06 -3.13981e-08 -6.61497e-07 -6.74028e-05 5.63596e-06
4.99 -0.000762309 5.22358e-06 -1.83078e-08 -5.36907e-07 -6.31345e-05 2.04865e-06
5 -0.000704059 5.00828e-06 -1.54207e-09 -3.92639e-07 -5.82455e-05 -1.59684e-06
5.01 -0.000638279 4.76196e-06 1.5517e-08 -2.42331e-07 -5.27451e-05 -5.01268e-06
5.02 -0.000565004 4.4548e-06 2.98846e-08 -1.00382e-07 -4.66425e-05 -7.91798e-06
5.03 -0.000484434 4.05832e-06 3.8736e-08 2.06537e-08 -3.99631e-05 -1.00634e-05
5.04 -0.000397037 3.55146e-06 4.03877e-08 1.13195e-07 -3.27476e-05 -1.12827e-05
5.05 -0.000303612 2.92185e-06 3.51682e-08 1.75725e-07 -2.50604e-05 -1.15109e-05
5.06 -0.000205307 2.17034e-06 2.3994e-08 2.12046e-07 -1.69928e-05 -1.07916e-05
5.07 -0.000103578 1.31112e-06 1.04579e-08 2.29834e-07 -8.65367e-06 -9.27455e-06
5.08 -1.04583e-07 3.67695e-07 -4.48108e-09 2.34485e-07 -1.71229e-07 -7.183e-06
5.09 0.000103328 -6.32345e-07 -1.68928e-08 2.36732e-07 8.32085e-06 -4.78514e-06
5.1 0.00020496 -1.66192e-06 -2.58823e-08 2.38608e-07 1.6688e-05 -2.34387e-06
5.11 0.000303177 -2.69667e-06 -3.04236e-08 2.4655e-07 2.48049e-05 -9.96011e-08
5.12 0.000396603 -3.71718e-06 -2.90818e-08 2.64632e-07 3.25638e-05 1.76461e-06
5.13 0.000484153 -4.70803e-06 -2.34682e-08 2.93219e-07 3.98725e-05 3.1343e-06
5.14 0.000565038 -5.65715e-06 -1.29156e-08 3.34855e-07 4.66612e-05 3.96934e-06
5.15 0.000638729 -6.5552e-06 -4.77179e-10 3.83739e-07 5.28773e-05 4.29797e-06
5.16 0.000704883 -7.39397e-06 1.22978e-08 4.36456e-07 5.84801e-05 4.19529e-06
5.17 0.000763253 -8.1624e-06 2.27354e-08 4.83915e-07 6.34381e-05 3.76467e-06
5.18 0.000813603 -8.84302e-06 2.86251e-08 5.19777e-07 6.77201e-05 3.09932e-06
5.19 0.000855636 -9.41103e-06 2.91337e-08 5.39858e-07 7.12941e-05 2.27428e-06
5.2 0.000888964 -9.83381e-06 2.4052e-08 5.43344e-07 7.41232e-05 1.32139e-06
5.21 0.000913108 -1.00756e-05 1.51052e-08 5.33918e-07 7.61657e-05 2.34104e-07
5.22 0.000927548 -1.01031e-05 4.17223e-09 5.16981e-07 7.73831e-05 -1.02341e-06
5.23 0.000931797 -9.8916e-06 -5.72949e-09 4.99802e-07 7.77381e-05 -2.50279e-06
5.24 0.000925488 -9.42999e-06 -1.3483e-08 4.84915e-07 7.72064e-05 -4.24625e-06
5.25 0.000908464 -8.72484e-06 -1.64959e-08 4.77516e-07 7.57801e-05 -6.26173e-06
5.26 0.000880842 -7.80248e-06 -1.52665e-08 4.74638e-07 7.34727e-05 -8.49871e-06
5.27 0.00084305 -6.70899e-06 -1.00116e-08 4.7626e-07 7.03211e-05 -1.08462e-05
5.28 0.000795807 -5.50726e-06 -1.14092e-09 4.80304e-07 6.63823e-05 -1.3134e-05
5.29 0.000740081 -4.27065e-06 8.91517e-09 4.8151e-07 6.17352e-05 -1.51592e-05
5.3 0.000677002 -3.07633e-06 1.96296e-08 4.79864e-07 5.64681e-05 -1.6704e-05
5.31 0.000607762 -1.99446e-06 2.80989e-08 4.68056e-07 5.06763e-05 -1.75752e-05
5.32 0.000533516 -1.08187e-06 3.35272e-08 4.44221e-07 4.44536e-05 -1.76263e-05
5.33 0.000455305 -3.74234e-07 3.4276e-08 4.03145e-07 3.78863e-05 -1.67783e-05
5.34 0.000373996 1.15929e-07 2.94762e-08 3.43362e-07 3.105e-05 -1.50364e-05
5.35 0.000290273 3.99904e-07 2.04135e-08 2.67783e-07 2.40058e-05 -1.24867e-05
5.36 0.000204658 5.12335e-07 8.04498e-09 1.7926e-07 1.68071e-05 -9.29987e-06
5.37 0.000117572 5.03653e-07 -5.08135e-09 8.64165e-08 9.49636e-06 -5.69177e-06
5.38 2.94054e-05 4.3546e-07 -1.69492e-08 -4.47893e-09 2.11522e-06 -1.90419e-06
5.39 -5.93968e-05 3.71334e-07 -2.52134e-08 -8.73024e-08 -5.2921e-06 1.82066e-06
5.4 -0.000148269 3.69653e-07 -2.92779e-08 -1.5952e-07 -1.26752e-05 5.27141e-06
5.41 -0.000236476 4.76239e-07 -2.82661e-08 -2.19325e-07 -1.99718e-05 8.28212e-06
5.42 -0.000323107 7.19704e-07 -2.32558e-08 -2.69966e-07 -2.7111e-05 1.07542e-05
5.43 -0.00040709 1.11128e-06 -1.55226e-08 -3.13704e-07 -3.40097e-05 1.26496e-05
5.44 -0.00048726 1.64494e-06 -6.32249e-09 -3.53185e-07 -4.05805e-05 1.39885e-05
5.45 -0.000562426 2.30071e-06 1.79781e-09 -3.91938e-07 -4.67361e-05 1.48292e-05
5.46 -0.000631465 3.04816e-06 8.77458e-09 -4.29441e-07 -5.23922e-05 1.52437e-05
5.47 -0.0006934 3.85178e-06 1.22177e-08 -4.69312e-07 -5.74759e-05 1.52987e-05
5.48 -0.000747451 4.6739e-06 1.21945e-08 -5.09251e-07 -6.19278e-05 1.50376e-05
5.49 -0.000793068 5.4792e-06 8.55973e-09 -5.49967e-07 -6.57037e-05 1.44818e-05
5.5 -0.00082992 6.23788e-06 1.4272e-09 -5.88986e-07 -6.87743e-05 1.36248e-05
5.51 -0.000857859 6.92588e-06 -6.86524e-09 -6.20194e-07 -7.11233e-05 1.24517e-05
5.52 -0.00087687 7.52523e-06 -1.57199e-08 -6.40892e-07 -7.27431e-05 1.09442e-05
5.53 -0.000886997 8.02119e-06 -2.20669e-08 -6.4326e-07 -7.36317e-05 9.10019e-06
5.54 -0.000888291 8.40169e-06 -2.51837e-08 -6.26756e-07 -7.37856e-05 6.95587e-06
5.55 -0.000880764 8.65459e-06 -2.44081e-08 -5.89926e-07 -7.3203e-05 4.58767e-06
5.56 -0.000864377 8.7683e-06 -1.9547e-08 -5.36279e-07 -7.18774e-05 2.11963e-06
5.57 -0.000839052 8.73339e-06 -1.18992e-08 -4.71828e-07 -6.98022e-05 -2.95767e-07
5.58 -0.00080472 8.54266e-06 -2.45373e-09 -4.02742e-07 -6.69731e-05 -2.48519e-06
5.59 -0.000761371 8.19302e-06 6.45627e-09 -3.37463e-07 -6.33909e-05 -4.28107e-06
5.6 -0.000709129 7.68625e-06 1.40334e-08 -2.80374e-07 -5.90698e-05 -5.53861e-06
5.61 -0.000648307 7.03144e-06 1.84303e-08 -2.37597e-07 -5.40355e-05 -6.15416e-06
5.62 -0.000579453 6.24477e-06 1.94497e-08 -2.09101e-07 -4.83352e-05 -6.08672e-06
5.63 -0.000503369 5.34988e-06 1.67776e-08 -1.96293e-07 -4.20338e-05 -5.35835e-06
5.64 -0.000421095 4.37702e-06 1.1061e-08 -1.96249e-07 -3.52139e-05 -4.06399e-06
5.65 -0.000333864 3.36019e-06 3.25596e-09 -2.05431e-07 -2.79749e-05 -2.35592e-06
5.66 -0.000243037 2.33276e-06 -5.87863e-09 -2.18935e-07 -2.04241e-05 -4.23928e-07
5.67 -0.000150016 1.32429e-06 -1.37601e-08 -2.28355e-07 -1.26753e-05 1.53336e-06
5.68 -5.61701e-05 3.58927e-07 -1.99058e-08 -2.29279e-07 -4.83946e-06 3.33129e-06
5.69 3.72326e-05 -5.47716e-07 -2.25552e-08 -2.13679e-07 2.97714e-06 4.81658e-06
5.7 0.000129072 -1.38758e-06 -2.12859e-08 -1.79206e-07 1.06788e-05 5.87939e-06
5.71 0.000218392 -2.16031e-06 -1.64854e-08 -1.25415e-07 1.8181e-05 6.4627e-06
5.72 0.000304392 -2.87191e-06 -8.96704e-09 -5.41751e-08 2.541e-05 6.56202e-06
5.73 0.000386397 -3.53138e-06 -4.85001e-10 2.92555e-08 3.23022e-05 6.21305e-06
5.74 0.000463807 -4.14769e-06 7.75184e-09 1.20245e-07 3.8799e-05 5.48318e-06
5.75 0.00053605 -4.72408e-06 1.43545e-08 2.12846e-07 4.48475e-05 4.44122e-06
5.76 0.000602541 -5.25812e-06 1.83382e-08 3.02452e-07 5.03944e-05 3.15272e-06
5.77 0.000662661 -5.74087e-06 1.93153e-08 3.85494e-07 5.53872e-05 1.66958e-06
5.78 0.000715756 -6.15714e-06 1.75488e-08 4.58894e-07 5.97738e-05 2.51954e-08
5.79 0.000761161 -6.48966e-06 1.33306e-08 5.21099e-07 6.35023e-05 -1.75749e-06
5.8 0.000798241 -6.72135e-06 8.09309e-09 5.72111e-07 6.65266e-05 -3.66108e-06
5.81 0.000826442 -6.83776e-06 2.52224e-09 6.10752e-07 6.88079e-05 -5.66733e-06
5.82 0.000845345 -6.83105e-06 -2.02653e-09 6.38782e-07 7.03176e-05 -7.74721e-06
5.83 0.000854713 -6.70331e-06 -4.6076e-09 6.56385e-07 7.10422e-05 -9.8437e-06
5.84 0.000854514 -6.46799e-06 -5.00893e-09 6.64379e-07 7.09827e-05 -1.18737e-05
5.85 0.000844928 -6.14944e-06 -2.53843e-09 6.64233e-07 7.0156e-05 -1.37241e-05
5.86 0.000826326 -5.78036e-06 1.80496e-09 6.54601e-07 6.85929e-05 -1.52654e-05
5.87 0.000799225 -5.39895e-06 7.76046e-09 6.36527e-07 6.63334e-05 -1.63613e-05
5.88 0.000764236 -5.04179e-06 1.35997e-08 6.06701e-07 6.34268e-05 -1.68916e-05
5.89 0.000722008 -4.7407e-06 1.83208e-08 5.65976e-07 5.99226e-05 -1.67702e-05
5.9 0.000673169 -4.51844e-06 2.08585e-08 5.13461e-07 5.58708e-05 -1.59499e-05
5.91 0.000618299 -4.38481e-06 2.03155e-08 4.50478e-07 5.13185e-05 -1.44425e-05
5.92 0.000557904 -4.33559e-06 1.73992e-08 3.81622e-07 4.63061e-05 -1.23093e-05
5.93 0.00049243 -4.3513e-06 1.17229e-08 3.08674e-07 4.08731e-05 -9.67011e-06
5.94 0.000422286 -4.40039e-06 5.19154e-09 2.38786e-07 3.50538e-05 -6.68843e-06
5.95 0.000347889 -4.44221e-06 -2.04932e-09 1.7297e-07 2.88854e-05 -3.54493e-06
5.96 0.000269709 -4.43361e-06 -8.31277e-09 1.16705e-07 2.24084e-05 -4.22285e-07
5.97 0.000188312 -4.33242e-06 -1.29916e-08 7.03568e-08 1.567e-05 2.51455e-06
5.98 0.000104394 -4.10327e-06 -1.56574e-08 3.50536e-08 8.72754e-06 5.12996e-06
5.99 1.87832e-05 -3.72024e-06 -1.52318e-08 1.1165e-08 1.6465e-06 7.33256e-06
6 -6.75646e-05 -3.16927e-06 -1.3115e-08 -5.46785e-09 -5.49631e-06 9.068e-06
