0.01 -0.000623462 3.53542e-05 -1.68056e-05 1.58621e-05 -0.000575803 -0.000402362
0.02 -0.00214401 9.15158e-05 2.5992e-05 -3.95504e-05 -0.000621193 -0.00104741
0.03 -0.00431796 0.000134165 1.32571e-05 -2.49148e-05 -0.00056852 -0.00165473
0.04 -0.00680693 0.000167415 -3.92445e-05 -1.9265e-05 -0.000976669 -0.0021758
0.05 -0.00922952 0.000174165 1.1736e-05 -4.7129e-05 -0.00098634 -0.00238797
0.06 -0.0114091 0.00016714 1.05328e-05 -8.15671e-06 -0.00121206 -0.0025294
0.07 -0.0131104 0.000154405 -1.54612e-06 3.64904e-05 -0.0013244 -0.00265536
0.08 -0.0142745 0.000117838 1.45834e-05 4.57766e-05 -0.00136342 -0.00259369
0.09 -0.0148253 6.12557e-05 8.64923e-06 4.70196e-06 -0.00144507 -0.00243128
0.1 -0.0148862 -2.55939e-05 5.21985e-07 -1.54342e-05 -0.00142074 -0.0019692
0.11 -0.0147309 -0.000121264 -8.50428e-06 -3.81554e-05 -0.00139786 -0.0012727
0.12 -0.0145636 -0.000182986 -8.38876e-06 -5.89172e-05 -0.00139071 -0.000737321
0.13 -0.014671 -0.00021883 -3.5855e-06 -4.7481e-05 -0.00138038 -0.000288147
0.14 -0.0151811 -0.000221124 -7.95668e-07 -1.6406e-05 -0.00138423 4.50824e-05
0.15 -0.0160998 -0.000200496 1.68265e-06 -3.98132e-06 -0.00142253 0.000258924
0.16 -0.0173575 -0.000173442 -7.12387e-07 -1.10084e-06 -0.00148231 0.000430854
0.17 -0.0188277 -0.000139624 -6.40825e-08 8.70232e-06 -0.0015448 0.000594349
0.18 -0.0202934 -8.35329e-05 4.24558e-06 1.30065e-05 -0.00159622 0.00061982
0.19 -0.0214632 -1.27883e-05 -1.04848e-06 -5.37036e-06 -0.00163834 0.000461432
0.2 -0.0220641 4.39743e-05 -5.38137e-06 -2.14414e-08 -0.00163279 0.000329537
0.21 -0.0217995 7.85775e-05 -2.32487e-07 2.00639e-05 -0.0015484 0.000342328
0.22 -0.0205328 7.10326e-05 3.54889e-06 4.19628e-05 -0.00141832 0.000628725
0.23 -0.0182676 1.90763e-05 2.86906e-06 5.37993e-05 -0.00120727 0.00119007
0.24 -0.0151742 -5.54713e-05 3.27823e-06 6.69914e-05 -0.000942012 0.00191293
0.25 -0.0115144 -0.000127506 4.62737e-06 5.70096e-05 -0.000631898 0.00261968
0.26 -0.00756837 -0.000191443 -5.3681e-06 2.35513e-05 -0.000307994 0.00315605
0.27 -0.00361095 -0.00024715 -1.20521e-05 1.08851e-05 1.4632e-05 0.00354505
0.28 0.000175126 -0.000274694 -8.2272e-06 1.21663e-05 0.000339272 0.00374964
0.29 0.00365674 -0.000276272 -4.0437e-06 2.11654e-05 0.000625631 0.00378176
0.3 0.00679111 -0.000252424 -2.2985e-06 3.56339e-05 0.000892394 0.00363968
0.31 0.00964483 -0.00019544 1.37483e-06 4.93763e-05 0.00114221 0.00330166
0.32 0.0123554 -0.000116471 5.73457e-06 5.19506e-05 0.00137801 0.00281599
0.33 0.0151088 -4.24056e-05 2.89488e-06 3.49296e-05 0.00161566 0.00228455
0.34 0.0181101 1.8679e-05 -9.33485e-07 1.95257e-05 0.00186622 0.00176087
0.35 0.0215063 7.36876e-05 -1.26174e-06 4.23618e-06 0.00214213 0.00132022
0.36 0.025341 0.000112339 -1.13634e-06 -4.64948e-06 0.00244322 0.00100477
0.37 0.0296062 0.0001391 -1.53438e-06 -8.88153e-06 0.00276839 0.00074941
0.38 0.0341726 0.000154504 -1.15694e-06 -7.33089e-06 0.00310805 0.00058957
0.39 0.0388525 0.000152716 2.23658e-06 -6.69807e-06 0.00345713 0.00053778
0.4 0.0433942 0.000128233 1.15715e-06 -1.76574e-05 0.0037863 0.000575876
0.41 0.0475262 9.61651e-05 -3.13253e-06 -3.56346e-05 0.00408258 0.00064368
0.42 0.0509813 8.02584e-05 -6.13626e-06 -5.14152e-05 0.00432707 0.000661911
0.43 0.0535489 8.40379e-05 -5.34339e-06 -5.44345e-05 0.0045067 0.000565049
0.44 0.0551409 0.000113125 -4.49091e-06 -5.32195e-05 0.00461021 0.000262894
0.45 0.0557678 0.000163621 -3.03203e-06 -3.79125e-05 0.004639 -0.000192937
0.46 0.0555448 0.000219428 4.00297e-06 -1.33995e-05 0.00460828 -0.000709563
0.47 0.0546479 0.000267486 7.41455e-06 -2.35813e-07 0.00451831 -0.0012089
0.48 0.05327 0.000306918 6.94219e-06 8.6566e-07 0.004387 -0.00163697
0.49 0.0515627 0.000337057 4.20533e-06 -2.23917e-06 0.00422221 -0.00192356
0.5 0.0496285 0.0003495 5.31524e-06 -7.31867e-06 0.00403849 -0.00206419
0.51 0.0475066 0.000343165 2.11559e-07 -2.31511e-05 0.00382616 -0.00209339
0.52 0.0451355 0.000316565 -2.26767e-06 -2.23013e-05 0.00358582 -0.00198901
0.53 0.0424136 0.000276226 -1.16715e-07 -1.73549e-05 0.00332115 -0.00180297
0.54 0.0391725 0.000226447 8.98199e-07 -1.50791e-05 0.0030034 -0.00157866
0.55 0.0352462 0.000179404 4.08666e-07 -1.62327e-05 0.00263601 -0.00138087
0.56 0.0304902 0.00014225 -7.9527e-07 -2.10414e-05 0.00220313 -0.00125007
0.57 0.024821 0.000110363 5.72559e-07 -2.73074e-05 0.00170629 -0.00120678
0.58 0.018237 8.32006e-05 -2.37545e-06 -4.10397e-05 0.0011424 -0.00127522
0.59 0.0108153 6.13619e-05 -3.23292e-06 -3.72975e-05 0.000513827 -0.00143646
0.6 0.00272281 4.78152e-05 6.57338e-07 -2.84028e-05 -0.000153833 -0.00168342
0.61 -0.00582177 3.7633e-05 2.98809e-06 -1.60534e-05 -0.000857047 -0.00198676
0.62 -0.0145498 2.79376e-05 5.78528e-06 -9.21707e-07 -0.00157071 -0.00231245
0.63 -0.0231932 1.02965e-05 6.2245e-06 5.20726e-06 -0.00227543 -0.00258611
0.64 -0.0315068 -2.63119e-05 6.94056e-06 5.65742e-06 -0.00295057 -0.00274993
0.65 -0.0393152 -8.46821e-05 3.6317e-06 -3.19921e-06 -0.0035863 -0.00274524
0.66 -0.0465262 -0.00015721 -3.18741e-08 -9.9006e-06 -0.0041778 -0.00256016
0.67 -0.0531179 -0.000230046 -2.07021e-06 -1.59668e-05 -0.0047133 -0.0022404
0.68 -0.0591577 -0.000299787 -3.28222e-06 -1.12416e-05 -0.00520516 -0.00180853
0.69 -0.0647213 -0.000354676 -2.5522e-06 -3.66871e-06 -0.00565207 -0.00135971
0.7 -0.0698925 -0.00039115 -3.32263e-06 3.48642e-06 -0.00606393 -0.000943902
0.71 -0.0747232 -0.000412022 -5.0982e-07 1.53196e-05 -0.00643468 -0.00057972
0.72 -0.0792009 -0.000411208 -6.08101e-07 1.73421e-05 -0.00676889 -0.000297612
0.73 -0.083258 -0.000389024 -9.45978e-07 2.01387e-05 -0.00706619 -8.82318e-05
0.74 -0.0867579 -0.000347426 -1.04067e-06 2.25048e-05 -0.0073048 6.07827e-05
0.75 -0.0895289 -0.000298205 6.78406e-07 3.31911e-05 -0.00748178 0.000192731
0.76 -0.0913746 -0.00025053 2.13394e-06 4.36785e-05 -0.00758386 0.000330034
0.77 -0.0921082 -0.000213448 2.28691e-06 5.42537e-05 -0.00759539 0.000496531
0.78 -0.0915878 -0.000195643 4.80561e-06 6.83382e-05 -0.00750635 0.000730566
0.79 -0.0897285 -0.000194202 4.22269e-06 6.73679e-05 -0.00731335 0.00103444
0.8 -0.0865166 -0.000207301 1.11313e-06 6.01406e-05 -0.00701879 0.00139249
0.81 -0.0820162 -0.0002335 -1.61006e-06 5.05957e-05 -0.00662121 0.00180532
0.82 -0.076358 -0.000269014 -3.54853e-06 4.0041e-05 -0.00613209 0.00225354
0.83 -0.0697117 -0.00030639 -5.94073e-06 3.03157e-05 -0.00556784 0.00267976
0.84 -0.0622821 -0.000339437 -6.9667e-06 2.96228e-05 -0.00494063 0.00305779
0.85 -0.0542573 -0.000356482 -4.61799e-06 3.26383e-05 -0.00425773 0.00333193
0.86 -0.0457957 -0.000348762 -3.49777e-06 3.27246e-05 -0.00354206 0.00345788
0.87 -0.0370051 -0.000316525 -2.3801e-06 3.24669e-05 -0.00279507 0.00342385
0.88 -0.0279253 -0.00026134 -1.30789e-06 2.77881e-05 -0.00201991 0.00323214
0.89 -0.0185518 -0.000189502 -1.16007e-07 2.16326e-05 -0.00122074 0.00292828
0.9 -0.00884237 -0.000107648 -3.5294e-08 1.3433e-05 -0.000394422 0.00255681
0.91 0.0012471 -2.19871e-05 2.79262e-07 1.02116e-05 0.000457353 0.00217489
0.92 0.0117374 6.42138e-05 1.93106e-06 7.0291e-06 0.0013406 0.0018316
0.93 0.0226033 0.000145635 1.89198e-06 3.1364e-06 0.00224526 0.00155055
0.94 0.0337582 0.000215209 1.82791e-06 -1.84208e-06 0.00316527 0.00134601
0.95 0.045053 0.000271037 1.68042e-07 -1.33643e-05 0.00409163 0.00121166
0.96 0.0562889 0.000315974 -1.42291e-06 -2.68176e-05 0.00500706 0.00111918
0.97 0.0672258 0.000352007 -3.81283e-06 -3.99729e-05 0.00589143 0.00105213
0.98 0.0776158 0.000385319 -5.16939e-06 -5.07077e-05 0.00672862 0.000977099
0.99 0.0872298 0.00042231 -5.38835e-06 -5.52963e-05 0.00750138 0.00085869
1 0.0958624 0.000459956 -3.65596e-06 -5.10777e-05 0.00819202 0.000700512
1.01 0.103372 0.000497009 -1.63428e-06 -4.55132e-05 0.00879116 0.000477737
1.02 0.109671 0.000531333 3.31928e-07 -3.87753e-05 0.00929012 0.000194071
1.03 0.114727 0.000561336 2.60429e-06 -3.19462e-05 0.00968838 -0.000132659
1.04 0.11856 0.000585524 3.63168e-06 -3.01475e-05 0.0099826 -0.000487357
1.05 0.121212 0.000599952 3.65968e-06 -3.04029e-05 0.0101754 -0.000834696
1.06 0.122745 0.000603689 3.64912e-06 -3.08911e-05 0.0102738 -0.0011508
1.07 0.123195 0.000590129 3.94148e-06 -2.93145e-05 0.0102751 -0.00138945
1.08 0.122576 0.000557506 3.41438e-06 -3.04307e-05 0.0101834 -0.00154378
1.09 0.120862 0.000508672 2.52395e-06 -3.11846e-05 0.0099954 -0.00161221
1.1 0.117987 0.000448571 1.91369e-06 -3.3227e-05 0.00970933 -0.00160514
1.11 0.113865 0.000383341 2.22245e-07 -4.07139e-05 0.00931726 -0.00155906
1.12 0.108402 0.000317765 -1.94256e-06 -4.86252e-05 0.00881557 -0.00151425
1.13 0.101527 0.000257549 -2.96006e-06 -5.40875e-05 0.00820113 -0.00150638
1.14 0.0932056 0.000204136 -3.0998e-06 -5.6312e-05 0.00747227 -0.00155445
1.15 0.0834699 0.000158774 -2.36252e-06 -5.40205e-05 0.00663318 -0.0016827
1.16 0.0724053 0.000121136 -6.78273e-07 -4.52263e-05 0.00569021 -0.00187126
1.17 0.060169 9.06834e-05 2.11099e-06 -3.51564e-05 0.00465995 -0.00210716
1.18 0.0469632 6.10099e-05 3.51855e-06 -2.60096e-05 0.00355239 -0.00235964
1.19 0.0330219 2.54629e-05 4.85036e-06 -1.71531e-05 0.0023903 -0.00258999
1.2 0.0185937 -1.80322e-05 4.7978e-06 -1.22795e-05 0.00119105 -0.00277404
1.21 0.00391116 -7.3465e-05 4.33719e-06 -7.30152e-06 -2.83232e-05 -0.00287848
1.22 -0.0108138 -0.000139942 3.30516e-06 -2.81134e-06 -0.00124864 -0.00289298
1.23 -0.025413 -0.000214288 2.15624e-06 3.41652e-06 -0.00246034 -0.00280417
1.24 -0.0397535 -0.000291775 1.42487e-06 9.98176e-06 -0.0036472 -0.0026201
1.25 -0.0537404 -0.000370655 2.62448e-07 1.66879e-05 -0.0048047 -0.00235464
1.26 -0.0673056 -0.000447295 -5.28921e-07 2.34047e-05 -0.00592405 -0.00202518
1.27 -0.0803859 -0.000514241 -1.77132e-06 2.69104e-05 -0.00699848 -0.00166914
1.28 -0.0929142 -0.00056795 -2.44391e-06 3.24449e-05 -0.00802275 -0.00131212
1.29 -0.104799 -0.000604432 -2.52131e-06 3.81431e-05 -0.00898696 -0.000977291
1.3 -0.115917 -0.000621868 -2.02495e-06 4.59419e-05 -0.00988352 -0.000679816
1.31 -0.126111 -0.000621922 -6.53756e-07 5.56849e-05 -0.0106971 -0.000424244
1.32 -0.135199 -0.000612181 1.2732e-06 6.72991e-05 -0.0114159 -0.000191352
1.33 -0.142985 -0.00059771 2.88342e-06 7.56816e-05 -0.0120245 3.53678e-05
1.34 -0.149278 -0.000582509 3.37601e-06 8.03512e-05 -0.0125091 0.000275321
1.35 -0.153918 -0.000571903 3.64831e-06 8.2336e-05 -0.0128575 0.000553293
1.36 -0.156783 -0.000566981 2.30176e-06 7.76278e-05 -0.0130605 0.000875896
1.37 -0.157809 -0.000568499 6.84147e-07 7.24222e-05 -0.0131153 0.0012413
1.38 -0.156985 -0.000574466 -1.1003e-06 6.53128e-05 -0.0130177 0.00163291
1.39 -0.154359 -0.000583169 -2.50852e-06 5.99293e-05 -0.0127733 0.00203151
1.4 -0.150013 -0.000588633 -3.54199e-06 5.36841e-05 -0.0123868 0.00240357
1.41 -0.144058 -0.000584504 -4.69013e-06 4.82266e-05 -0.0118674 0.00272197
1.42 -0.136615 -0.00056653 -4.3843e-06 4.36126e-05 -0.0112216 0.00296656
1.43 -0.127795 -0.000530673 -5.05604e-06 3.64532e-05 -0.0104604 0.00311774
1.44 -0.117696 -0.000476045 -4.3102e-06 3.24952e-05 -0.00959106 0.00317138
1.45 -0.106394 -0.000402742 -3.74919e-06 2.78462e-05 -0.00861966 0.00312977
1.46 -0.0939481 -0.000313189 -2.15414e-06 2.63931e-05 -0.00755268 0.00300572
1.47 -0.0804058 -0.000209925 -6.9314e-07 2.46239e-05 -0.00639538 0.00281914
1.48 -0.0658169 -9.70363e-05 7.3634e-07 2.3549e-05 -0.00515459 0.00259641
1.49 -0.0502465 2.00554e-05 2.06718e-06 1.97204e-05 -0.00383492 0.00236591
1.5 -0.0337891 0.000135731 1.80556e-06 1.23464e-05 -0.00244787 0.00214983
1.51 -0.0165798 0.000245289 1.63506e-06 3.41591e-06 -0.00100504 0.00196828
1.52 0.00120322 0.000346544 -9.57007e-08 -9.99113e-06 0.000479518 0.00182546
1.53 0.0193405 0.000438708 -1.17451e-06 -2.12058e-05 0.00198674 0.00171542
1.54 0.0375799 0.000522714 -2.60279e-06 -3.29256e-05 0.00349695 0.00162588
1.55 0.0556524 0.000599695 -3.36369e-06 -4.16112e-05 0.00498786 0.00153453
1.56 0.0732892 0.000670022 -3.3423e-06 -4.84629e-05 0.00644001 0.00142008
1.57 0.0902379 0.000733235 -3.24981e-06 -5.37317e-05 0.00783228 0.00126544
1.58 0.106275 0.000788762 -2.2032e-06 -5.69738e-05 0.00914616 0.0010644
1.59 0.121217 0.00083606 -1.641e-06 -6.1186e-05 0.0103683 0.00081348
1.6 0.134916 0.000873523 -2.84911e-07 -6.21206e-05 0.0114851 0.000526188
1.61 0.147262 0.000899574 9.39185e-07 -6.31299e-05 0.012487 0.00021884
1.62 0.158167 0.000911618 1.92659e-06 -6.3099e-05 0.013366 -9.0418e-05
1.63 0.167558 0.000907649 3.21642e-06 -6.16621e-05 0.0141158 -0.000383004
1.64 0.175364 0.000886795 3.6528e-06 -6.18422e-05 0.0147303 -0.000645383
1.65 0.181508 0.000849669 3.70338e-06 -6.31417e-05 0.015202 -0.000867604
1.66 0.185905 0.000799437 2.81857e-06 -6.69083e-05 0.0155257 -0.00105274
1.67 0.188457 0.000738944 1.71541e-06 -7.14193e-05 0.015694 -0.00120186
1.68 0.189069 0.00067286 2.41975e-07 -7.6466e-05 0.0156994 -0.00132798
1.69 0.187649 0.00060412 -1.04973e-06 -8.01053e-05 0.0155367 -0.00144714
1.7 0.184126 0.000536286 -1.76581e-06 -8.0525e-05 0.0152012 -0.00157395
1.71 0.178464 0.000472361 -1.72797e-06 -7.81158e-05 0.0146915 -0.00172468
1.72 0.170668 0.00041314 -1.32054e-06 -7.30698e-05 0.0140083 -0.00190745
1.73 0.160794 0.000359089 -3.37545e-07 -6.5531e-05 0.0131574 -0.00212403
1.74 0.14895 0.000307678 8.96535e-07 -5.68579e-05 0.0121482 -0.00236394
1.75 0.135291 0.000255829 1.84083e-06 -4.76257e-05 0.0109916 -0.00261333
1.76 0.120007 0.000198725 3.03723e-06 -3.67196e-05 0.00970394 -0.00284615
1.77 0.103315 0.000133321 3.76033e-06 -2.60007e-05 0.00830217 -0.00304033
1.78 0.085439 5.72389e-05 4.31257e-06 -1.40488e-05 0.00680286 -0.00317296
1.79 0.0666 -3.10643e-05 4.50988e-06 -2.56626e-06 0.00522537 -0.00322741
1.8 0.0470083 -0.000130727 4.08682e-06 8.01291e-06 0.00358538 -0.00319803
1.81 0.0268556 -0.000240048 3.31644e-06 1.74029e-05 0.00190037 -0.00308375
1.82 0.00632194 -0.000355363 2.03292e-06 2.50389e-05 0.000185238 -0.00289997
1.83 -0.014141 -0.000489044 8.42045e-06 2.50209e-05 -0.00128185 -0.00247121
1.84 -0.0339018 -0.000647165 -3.35798e-06 4.83302e-05 -0.00267962 -0.00167607
1.85 -0.0527528 -0.000801458 -2.14994e-05 7.97299e-05 -0.00439771 -0.000745275
1.86 -0.0707946 -0.000931531 9.36029e-06 7.76718e-05 -0.00592473 0.000134249
1.87 -0.0881796 -0.00102932 1.4779e-05 9.72754e-05 -0.00733865 0.000822016
1.88 -0.104973 -0.00109109 -1.16313e-05 0.000103666 -0.00880238 0.00130645
1.89 -0.121139 -0.00112802 -4.53337e-06 7.08251e-05 -0.0101151 0.00173891
1.9 -0.136589 -0.00113805 -4.53455e-06 4.91915e-05 -0.0114188 0.00207945
1.91 -0.151146 -0.00111419 -1.03436e-05 6.68891e-05 -0.0126164 0.00227776
1.92 -0.164574 -0.00105643 -2.92682e-06 0.000101878 -0.0136993 0.00230149
1.93 -0.176482 -0.00097084 5.10806e-06 0.000122718 -0.01468 0.00207471
1.94 -0.186471 -0.000890223 9.62645e-06 0.000144237 -0.0154831 0.00181631
1.95 -0.194182 -0.000833768 6.4795e-06 0.000147284 -0.0160989 0.00169939
1.96 -0.199325 -0.000799877 1.47896e-06 0.000122624 -0.0165234 0.00168258
1.97 -0.201796 -0.000785798 -2.23173e-06 9.50445e-05 -0.016736 0.00177198
1.98 -0.201615 -0.000774661 -3.77922e-06 8.01906e-05 -0.016728 0.00190705
1.99 -0.198897 -0.000756066 -3.60116e-06 6.83891e-05 -0.0165195 0.00202044
2 -0.193839 -0.000735102 -6.49729e-06 5.52691e-05 -0.0161264 0.00213461
2.01 -0.186728 -0.000716297 -6.20162e-06 5.71289e-05 -0.01556 0.00233528
2.02 -0.177885 -0.000682327 -8.09064e-07 6.1491e-05 -0.0148405 0.00255282
2.03 -0.167633 -0.000615567 4.48287e-07 4.6796e-05 -0.0140061 0.00262298
2.04 -0.156245 -0.000505193 -3.24775e-06 2.22002e-05 -0.0130655 0.00244035
2.05 -0.143854 -0.000342204 -3.57388e-06 1.15122e-06 -0.0120214 0.00194704
2.06 -0.130464 -0.000139648 -2.8847e-06 -1.86766e-05 -0.01089 0.00121455
2.07 -0.115979 7.54536e-05 -3.40083e-06 -2.92979e-05 -0.00966331 0.000396604
2.08 -0.100279 0.000283901 5.69146e-07 -1.91971e-05 -0.00833445 -0.000327038
2.09 -0.0832764 0.000480543 8.28795e-06 -7.67141e-06 -0.00689686 -0.000881324
2.1 -0.0649647 0.00065454 9.9997e-06 -1.35829e-05 -0.005362 -0.00126267
2.11 -0.045444 0.000794796 4.87895e-06 -3.30248e-05 -0.0037351 -0.00146093
2.12 -0.0249027 0.000902458 1.37398e-06 -5.77497e-05 -0.00202545 -0.00149551
2.13 -0.00364423 0.000973343 -1.98878e-06 -8.62644e-05 -0.000267821 -0.00136187
2.14 0.017939 0.00100787 -6.45437e-06 -0.000107728 0.00151063 -0.00108609
2.15 0.0393983 0.00102386 -7.42281e-06 -0.000112868 0.0032776 -0.000742574
2.16 0.0602698 0.00103894 -3.91059e-06 -0.000106378 0.00499801 -0.000418688
2.17 0.0801229 0.00105268 -7.34321e-07 -9.82093e-05 0.00663814 -0.000173181
2.18 0.0986281 0.00106438 2.31785e-07 -9.16435e-05 0.00817363 -6.03063e-05
2.19 0.115554 0.00107561 1.69232e-06 -8.86268e-05 0.0095853 -6.29661e-05
2.2 0.130764 0.00108214 2.46291e-06 -9.09798e-05 0.0108633 -0.000148109
2.21 0.144225 0.00108555 1.63206e-06 -9.45516e-05 0.0119976 -0.000331551
2.22 0.155966 0.00109185 3.0498e-07 -9.37471e-05 0.0129891 -0.000599654
2.23 0.166065 0.00109879 2.7491e-06 -8.22585e-05 0.0138455 -0.000916766
2.24 0.174606 0.00108876 6.16909e-06 -6.75592e-05 0.0145663 -0.00121043
2.25 0.181659 0.00105041 6.50132e-06 -5.97669e-05 0.0151556 -0.00141769
2.26 0.187213 0.000981296 5.53575e-06 -5.76852e-05 0.0156111 -0.00146536
2.27 0.191177 0.000883314 3.55696e-06 -6.49822e-05 0.0159298 -0.00133861
2.28 0.193383 0.000767451 -4.55961e-07 -8.04041e-05 0.0160946 -0.0011132
2.29 0.193619 0.000649788 -5.93223e-06 -9.5094e-05 0.0160922 -0.000876622
2.3 0.191681 0.000537835 -7.34704e-06 -9.60497e-05 0.0159137 -0.000697886
2.31 0.187414 0.000430419 -5.09133e-06 -8.58314e-05 0.015546 -0.000624707
2.32 0.180758 0.000330591 -3.52758e-06 -7.1957e-05 0.0149859 -0.000694123
2.33 0.171744 0.000239889 -6.68586e-07 -4.91664e-05 0.0142362 -0.000871861
2.34 0.160518 0.000157852 4.04744e-06 -2.83345e-05 0.0133149 -0.00113652
2.35 0.147326 7.99615e-05 5.14212e-06 -1.77106e-05 0.0122325 -0.00146194
2.36 0.132479 -4.13983e-07 3.83087e-06 -8.42106e-06 0.0110143 -0.00178569
2.37 0.116335 -9.09531e-05 3.54235e-06 3.09568e-06 0.00969174 -0.00205053
2.38 0.0992476 -0.000200589 3.84618e-06 1.72611e-05 0.00828571 -0.00219584
2.39 0.0815353 -0.000327546 3.13247e-06 3.39161e-05 0.00682191 -0.00219899
2.4 0.0634507 -0.000465636 2.91605e-06 5.41485e-05 0.00531861 -0.00204138
2.41 0.0451763 -0.000609609 3.91272e-06 7.07006e-05 0.00379536 -0.00173074
2.42 0.0268242 -0.000756255 2.09959e-06 7.59745e-05 0.0022593 -0.00129378
2.43 0.00844935 -0.000900447 -1.78296e-06 7.64479e-05 0.000715536 -0.000757161
2.44 -0.00992335 -0.0010342 -4.30724e-06 7.46642e-05 -0.000826322 -0.000163882
2.45 -0.028279 -0.0011492 -6.10064e-06 7.43728e-05 -0.00236501 0.000430657
2.46 -0.0465741 -0.00123366 -6.5652e-06 8.15958e-05 -0.00389572 0.000955402
2.47 -0.0647134 -0.00127961 -4.87659e-06 9.58755e-05 -0.00540899 0.00135559
2.48 -0.0825221 -0.00128856 -1.20077e-06 0.00011235 -0.00688617 0.00159468
2.49 -0.0997565 -0.00127174 2.19943e-06 0.000127237 -0.00831167 0.00169083
2.5 -0.11611 -0.00123902 3.8962e-06 0.000134272 -0.00966158 0.00167972
2.51 -0.131246 -0.00119862 4.13542e-06 0.000132753 -0.0109094 0.00161452
2.52 -0.14485 -0.00115881 3.72667e-06 0.000127599 -0.012031 0.00156519
2.53 -0.156648 -0.00112032 2.05505e-06 0.000118393 -0.0130074 0.00155689
2.54 -0.166445 -0.00108454 -2.06833e-07 0.000109958 -0.0138261 0.00160637
2.55 -0.174134 -0.00105395 -8.36922e-07 0.000104804 -0.014471 0.00171273
2.56 -0.179696 -0.0010272 -1.42492e-06 9.89547e-05 -0.0149447 0.00185324
2.57 -0.183188 -0.000997786 -2.67768e-06 8.90534e-05 -0.0152506 0.00199363
2.58 -0.184716 -0.00095526 -4.46226e-06 7.44044e-05 -0.0153914 0.00209128
2.59 -0.18441 -0.000891066 -5.30107e-06 5.91786e-05 -0.0153762 0.00212335
2.6 -0.182395 -0.000797771 -6.14358e-06 4.20033e-05 -0.0152152 0.00206165
2.61 -0.178764 -0.000673704 -6.81504e-06 2.83215e-05 -0.0149152 0.00188958
2.62 -0.173573 -0.000523507 -4.5147e-06 2.4557e-05 -0.0144768 0.0016226
2.63 -0.166831 -0.000351152 -1.02516e-06 2.37754e-05 -0.0139039 0.00127783
2.64 -0.158511 -0.000161597 1.64615e-06 2.28366e-05 -0.013198 0.000872488
2.65 -0.148572 3.7587e-05 4.10602e-06 2.0585e-05 -0.012355 0.000450473
2.66 -0.136973 0.000237796 5.84969e-06 1.16974e-05 -0.011373 5.83039e-05
2.67 -0.123708 0.000428993 5.02765e-06 -5.46599e-06 -0.0102576 -0.000264769
2.68 -0.108826 0.000599273 2.84891e-06 -2.43242e-05 -0.00901411 -0.000471735
2.69 -0.0924511 0.000743615 1.12454e-06 -4.30034e-05 -0.00764908 -0.000542196
2.7 -0.0747892 0.000861538 -5.49252e-07 -5.89728e-05 -0.00618509 -0.000476358
2.71 -0.05612 0.000955892 -2.03511e-06 -7.16537e-05 -0.0046417 -0.00030582
2.72 -0.0367754 0.0010317 -3.07382e-06 -8.17602e-05 -0.00304487 -7.92841e-05
2.73 -0.0171114 0.00109348 -2.97725e-06 -9.06147e-05 -0.00142055 0.000149855
2.74 0.00252692 0.00114439 -3.71786e-06 -0.000101625 0.000203244 0.00032748
2.75 0.0218308 0.00118553 -3.97013e-06 -0.000109328 0.00180165 0.000419952
2.76 0.0405502 0.00122116 -3.17379e-06 -0.000115363 0.00335787 0.000412366
2.77 0.0584997 0.0012535 -1.81879e-06 -0.00011603 0.0048539 0.00030734
2.78 0.0755549 0.0012805 6.21815e-07 -0.00011053 0.00627732 0.000127925
2.79 0.0916375 0.00129861 2.86947e-06 -0.000103521 0.00762239 -9.56664e-05
2.8 0.1067 0.00130349 5.2973e-06 -9.56976e-05 0.00888275 -0.000336975
2.81 0.120691 0.00128912 6.18094e-06 -9.14002e-05 0.0100512 -0.000557466
2.82 0.133552 0.00125425 5.5107e-06 -9.30016e-05 0.011123 -0.000742972
2.83 0.145191 0.00120231 3.52953e-06 -9.86811e-05 0.012089 -0.000883071
2.84 0.155479 0.00113658 1.2992e-06 -0.000104636 0.0129398 -0.00096897
2.85 0.164262 0.00106026 -9.75258e-07 -0.000109565 0.0136618 -0.00101329
2.86 0.17136 0.000975774 -2.75956e-06 -0.000110494 0.0142421 -0.00102965
2.87 0.176598 0.000886504 -3.17533e-06 -0.00010627 0.01467 -0.00104253
2.88 0.179819 0.000794435 -2.93103e-06 -9.86117e-05 0.0149311 -0.00107277
2.89 0.180912 0.000702628 -2.50969e-06 -9.03849e-05 0.01502 -0.00114793
2.9 0.179828 0.000614152 -1.901e-06 -8.03806e-05 0.0149323 -0.00128313
2.91 0.176589 0.000527856 -5.14651e-07 -6.8007e-05 0.0146704 -0.00147163
2.92 0.17129 0.000438763 6.78085e-07 -5.45754e-05 0.0142404 -0.00169877
2.93 0.164089 0.000341029 2.25749e-06 -3.68701e-05 0.0136537 -0.0019309
2.94 0.155183 0.000229808 4.28312e-06 -1.62815e-05 0.0129266 -0.00212496
2.95 0.144785 0.000100879 5.90468e-06 4.57222e-06 0.0120722 -0.00223782
2.96 0.133104 -4.66479e-05 6.21487e-06 2.23896e-05 0.0111075 -0.00224324
2.97 0.120318 -0.000211312 5.65719e-06 3.74061e-05 0.0100463 -0.00212145
2.98 0.106571 -0.000388945 3.93172e-06 4.69247e-05 0.00890036 -0.00187567
2.99 0.0919683 -0.00057522 1.23548e-06 5.32075e-05 0.00767886 -0.00152965
3 0.0765811 -0.000762131 -1.29488e-06 5.95899e-05 0.00638839 -0.00111101
3.01 0.0604714 -0.000938455 -3.19672e-06 6.65095e-05 0.00503783 -0.000663708
3.02 0.0437004 -0.00109641 -3.87029e-06 7.66957e-05 0.00363146 -0.000220893
3.03 0.0263546 -0.00122891 -3.9372e-06 8.7732e-05 0.00218004 0.000182523
3.04 0.00855574 -0.00133236 -2.88545e-06 0.00010015 0.000693555 0.000524005
3.05 -0.0095298 -0.00140632 -1.75053e-06 0.000110064 -0.000812753 0.000790674
3.06 -0.0276892 -0.00145394 -6.33101e-07 0.000118633 -0.00232166 0.000977952
3.07 -0.0456756 -0.00147813 5.66967e-07 0.000125242 -0.00381436 0.00109775
3.08 -0.0632152 -0.00148081 1.28126e-06 0.000129262 -0.00526768 0.00116079
3.09 -0.0800331 -0.00146809 2.3949e-06 0.000133827 -0.0066618 0.00119266
3.1 -0.0958694 -0.00144496 2.71455e-06 0.000135505 -0.00797557 0.00121736
3.11 -0.110499 -0.00141586 2.86597e-06 0.000135326 -0.00919152 0.00125257
3.12 -0.123745 -0.00138366 2.0116e-06 0.00013091 -0.010295 0.0013108
3.13 -0.135484 -0.00134896 5.27592e-07 0.000123186 -0.0112752 0.00139163
3.14 -0.145648 -0.00130789 -1.4903e-06 0.000111705 -0.0121265 0.00148508
3.15 -0.154206 -0.00125428 -3.8722e-06 9.85968e-05 -0.0128439 0.00156516
3.16 -0.161154 -0.00118457 -5.01327e-06 8.80168e-05 -0.0134265 0.00161304
3.17 -0.166499 -0.00109478 -5.80697e-06 7.81626e-05 -0.0138731 0.00160577
3.18 -0.170236 -0.000982989 -5.06843e-06 7.23869e-05 -0.0141835 0.00152866
3.19 -0.172346 -0.000849293 -3.69019e-06 6.75997e-05 -0.0143542 0.00138408
3.2 -0.172788 -0.000695884 -1.66413e-06 6.35212e-05 -0.0143832 0.00118342
3.21 -0.171504 -0.000525744 9.69974e-08 5.6868e-05 -0.0142667 0.000950434
3.22 -0.168431 -0.000343731 1.39187e-06 4.8455e-05 -0.0140009 0.000711746
3.23 -0.163519 -0.000157383 2.6588e-06 3.81216e-05 -0.0135823 0.000500605
3.24 -0.156742 2.71803e-05 2.75772e-06 2.49056e-05 -0.0130111 0.000338429
3.25 -0.14812 0.000204226 3.02033e-06 1.20992e-05 -0.0122906 0.000243504
3.26 -0.137721 0.000370541 2.39921e-06 -3.57295e-06 -0.0114249 0.00022145
3.27 -0.125671 0.000523811 1.65092e-06 -1.92616e-05 -0.0104268 0.000268069
3.28 -0.112145 0.0006638 2.57101e-07 -3.78089e-05 -0.00930812 0.000371113
3.29 -0.0973615 0.000790792 -1.56188e-06 -5.67341e-05 -0.00808778 0.00050727
3.3 -0.0815656 0.00090513 -2.85921e-06 -7.51031e-05 -0.00678305 0.000652573
3.31 -0.0650106 0.00100875 -4.46758e-06 -9.24195e-05 -0.00541426 0.000776034
3.32 -0.0479446 0.00110348 -4.45442e-06 -0.000103858 -0.00400191 0.000853539
3.33 -0.0305921 0.00119123 -4.24082e-06 -0.000113237 -0.00256174 0.000866075
3.34 -0.0131472 0.00127165 -2.65693e-06 -0.000116253 -0.00111163 0.000804069
3.35 0.0042284 0.00134358 -8.24385e-07 -0.000117959 0.000335731 0.00067345
3.36 0.0214025 0.00140371 8.33558e-07 -0.000118143 0.00176789 0.000486748
3.37 0.0382618 0.00144918 2.54918e-06 -0.000118343 0.00317527 0.000265107
3.38 0.0546985 0.00147755 3.02303e-06 -0.000119866 0.00454707 3.32173e-05
3.39 0.0705984 0.00148814 3.54178e-06 -0.000121003 0.00587276 -0.000188006
3.4 0.0858309 0.00148146 2.76268e-06 -0.000123665 0.00714133 -0.000385002
3.41 0.100243 0.00145795 2.36024e-06 -0.000123943 0.00833987 -0.000551243
3.42 0.113663 0.00142 1.21802e-06 -0.000125217 0.00945388 -0.000689667
3.43 0.125904 0.00136917 1.41351e-07 -0.000124897 0.0104691 -0.00081207
3.44 0.13678 0.00130861 -8.43567e-07 -0.000124274 0.0113712 -0.00093049
3.45 0.146121 0.00124098 -1.92493e-06 -0.00012248 0.0121465 -0.00105834
3.46 0.153782 0.00116805 -2.21243e-06 -0.000118411 0.0127837 -0.00120286
3.47 0.159658 0.00109017 -2.51589e-06 -0.000112156 0.0132749 -0.00136744
3.48 0.16369 0.00100537 -1.35951e-06 -0.000100762 0.0136152 -0.00154605
3.49 0.165868 0.000911094 -2.88361e-07 -8.75468e-05 0.0138023 -0.00172696
3.5 0.166221 0.000803547 1.50378e-06 -7.06039e-05 0.0138388 -0.00189555
3.51 0.164813 0.000679864 3.18075e-06 -5.3227e-05 0.0137288 -0.00203007
3.52 0.16173 0.00053801 4.20651e-06 -3.64277e-05 0.013478 -0.00211199
3.53 0.157065 0.000376666 4.8493e-06 -2.0686e-05 0.0130931 -0.0021235
3.54 0.15091 0.000196242 4.37896e-06 -7.05092e-06 0.0125813 -0.00205261
3.55 0.143343 -8.16617e-07 3.72345e-06 6.07946e-06 0.0119492 -0.00189632
3.56 0.134431 -0.000209736 2.33303e-06 1.81108e-05 0.0112021 -0.00166305
3.57 0.124227 -0.000424329 1.02626e-06 3.05733e-05 0.0103452 -0.00136786
3.58 0.112781 -0.000636286 -2.54816e-07 4.27683e-05 0.00938453 -0.00103673
3.59 0.100147 -0.000837899 -1.37862e-06 5.50292e-05 0.00832456 -0.00069533
3.6 0.0863996 -0.00102264 -2.15608e-06 6.69237e-05 0.00717393 -0.000369832
3.61 0.0716393 -0.00118506 -2.53571e-06 7.87884e-05 0.00594056 -8.28264e-05
3.62 0.0560004 -0.00132187 -2.45499e-06 9.03518e-05 0.00463733 0.000154506
3.63 0.0396553 -0.0014314 -1.87639e-06 0.000102402 0.00327782 0.000335386
3.64 0.0228054 -0.00151439 -8.14557e-07 0.000114477 0.00187808 0.000467106
3.65 0.0056775 -0.00157267 3.61414e-07 0.000125649 0.000457549 0.000558769
3.66 -0.0114922 -0.00160964 1.62678e-06 0.000135816 -0.00096676 0.000624609
3.67 -0.0284693 -0.00162981 2.31218e-06 0.000142765 -0.00237488 0.000679307
3.68 -0.0450335 -0.00163638 2.64051e-06 0.000146735 -0.00374967 0.000732264
3.69 -0.0609888 -0.0016316 2.05846e-06 0.000146777 -0.00507546 0.000790461
3.7 -0.0761667 -0.00161654 1.23212e-06 0.000144363 -0.00633741 0.000853976
3.71 -0.0904295 -0.00159072 -1.30186e-07 0.000139357 -0.00752531 0.000920992
3.72 -0.103663 -0.00155302 -1.29656e-06 0.00013376 -0.00862713 0.000981517
3.73 -0.115774 -0.00150176 -2.3131e-06 0.000127557 -0.00963635 0.00102851
3.74 -0.126678 -0.00143578 -3.02127e-06 0.000121369 -0.0105439 0.00105153
3.75 -0.136294 -0.00135331 -3.07311e-06 0.000115092 -0.0113431 0.00104343
3.76 -0.144538 -0.00125323 -3.14987e-06 0.000108108 -0.0120268 0.00100328
3.77 -0.151317 -0.00113573 -2.26848e-06 0.000101518 -0.0125867 0.000932849
3.78 -0.156538 -0.00100187 -1.75436e-06 9.31102e-05 -0.0130168 0.000844503
3.79 -0.160103 -0.000854147 -4.5583e-07 8.55328e-05 -0.0133081 0.000749807
3.8 -0.16193 -0.000695741 5.78258e-07 7.58871e-05 -0.013456 0.00066802
3.81 -0.161953 -0.000530538 1.3778e-06 6.53918e-05 -0.0134549 0.000613495
3.82 -0.160139 -0.000361565 2.26005e-06 5.30645e-05 -0.0133028 0.000598524
3.83 -0.15649 -0.000191357 1.86848e-06 3.73503e-05 -0.0130009 0.00062952
3.84 -0.151052 -2.21587e-05 1.74239e-06 2.06744e-05 -0.0125517 0.000702845
3.85 -0.143911 0.000144895 3.75967e-07 5.14256e-07 -0.0119633 0.000810656
3.86 -0.135187 0.000308928 -6.89062e-07 -1.8915e-05 -0.0112439 0.000935153
3.87 -0.12503 0.000469922 -1.89911e-06 -3.88782e-05 -0.0104056 0.00105886
3.88 -0.113603 0.000627386 -3.03852e-06 -5.70447e-05 -0.00946107 0.00116071
3.89 -0.101077 0.000781201 -3.16052e-06 -7.24609e-05 -0.0084236 0.00122485
3.9 -0.0876193 0.000930555 -3.56559e-06 -8.67618e-05 -0.00730662 0.00123956
3.91 -0.0733859 0.0010732 -2.73993e-06 -9.70265e-05 -0.00612302 0.00119755
3.92 -0.0585226 0.00120709 -2.2726e-06 -0.000107043 -0.00488474 0.00110224
3.93 -0.0431619 0.00132914 -1.13142e-06 -0.00011364 -0.00360383 0.00095681
3.94 -0.0274315 0.00143707 -1.40257e-07 -0.00011992 -0.0022908 0.000774832
3.95 -0.0114566 0.00152822 6.99515e-07 -0.000124142 -0.000957503 0.000567444
3.96 0.00463088 0.00160109 1.78006e-06 -0.000127428 0.00038478 0.000349405
3.97 0.0206873 0.00165467 1.83531e-06 -0.000131075 0.00172351 0.000132565
3.98 0.036556 0.00168828 2.37126e-06 -0.000132985 0.00304533 -7.65492e-05
3.99 0.0520631 0.00170284 1.60608e-06 -0.000137074 0.00433594 -0.000271152
4 0.0670274 0.00169962 1.19636e-06 -0.000139096 0.00558041 -0.000455609
4.01 0.0812599 0.00168082 2.23549e-07 -0.000142129 0.0067635 -0.000630232
4.02 0.0945794 0.00164825 -7.10648e-07 -0.000143021 0.00787096 -0.000802935
4.03 0.106816 0.00160351 -9.64371e-07 -0.000141766 0.00888844 -0.000976316
4.04 0.117824 0.00154712 -1.55642e-06 -0.00013906 0.00980505 -0.00115271
4.05 0.127485 0.00147837 -8.14091e-07 -0.000131991 0.0106102 -0.00133009
4.06 0.13571 0.00139614 -5.60507e-07 -0.000124574 0.011297 -0.00149985
4.07 0.142443 0.00129848 5.08597e-07 -0.000113566 0.0118598 -0.00165377
4.08 0.147649 0.00118345 1.36328e-06 -0.000102177 0.0122956 -0.00177587
4.09 0.151317 0.00104926 2.02503e-06 -8.94381e-05 0.0126028 -0.00185613
4.1 0.153445 0.000894822 2.83734e-06 -7.5459e-05 0.0127804 -0.0018817
4.11 0.154037 0.00072044 2.83681e-06 -6.17419e-05 0.0128289 -0.00184853
4.12 0.1531 0.000527375 3.09356e-06 -4.64262e-05 0.0127482 -0.00175544
4.13 0.150637 0.000319193 2.47705e-06 -3.21535e-05 0.0125394 -0.00160725
4.14 0.146656 0.000100228 1.99797e-06 -1.67724e-05 0.0122029 -0.00141577
4.15 0.141165 -0.000123755 1.03944e-06 -2.32438e-06 0.0117403 -0.00119359
4.16 0.134184 -0.000346762 9.31002e-08 1.26056e-05 0.0111544 -0.000959128
4.17 0.125751 -0.000562827 -6.54703e-07 2.77725e-05 0.0104482 -0.000728319
4.18 0.115926 -0.000766345 -1.42408e-06 4.29931e-05 0.009628 -0.000515689
4.19 0.104796 -0.000953142 -1.37069e-06 5.96517e-05 0.00870094 -0.000331989
4.2 0.0924802 -0.00111966 -1.46041e-06 7.54801e-05 0.00767692 -0.000182851
4.21 0.0791218 -0.00126463 -6.47463e-07 9.25281e-05 0.00656794 -6.79075e-05
4.22 0.0648897 -0.00138753 -9.03687e-08 0.000107316 0.00538734 1.61978e-05
4.23 0.0499687 -0.00148963 6.67543e-07 0.000121541 0.0041499 7.76364e-05
4.24 0.0345521 -0.00157255 1.40874e-06 0.000133175 0.00287153 0.000125577
4.25 0.0188334 -0.00163823 1.5122e-06 0.000142149 0.00156689 0.000168919
4.26 0.00299937 -0.0016885 1.88428e-06 0.000149389 0.000252375 0.00021425
4.27 -0.0127754 -0.00172445 1.36948e-06 0.000153152 -0.00105902 0.000265088
4.28 -0.02833 -0.00174702 1.1329e-06 0.000155786 -0.00235262 0.000321139
4.29 -0.0435164 -0.00175609 3.81896e-07 0.000155401 -0.0036166 0.000378677
4.3 -0.0581976 -0.00175159 -3.58308e-07 0.000153881 -0.00483902 0.000433468
4.31 -0.0722424 -0.00173246 -9.36717e-07 0.000150588 -0.00600811 0.000480014
4.32 -0.0855226 -0.00169786 -1.692e-06 0.000146036 -0.00711368 0.000515299
4.33 -0.0979088 -0.00164694 -1.79813e-06 0.000141183 -0.00814378 0.000538303
4.34 -0.10927 -0.00157906 -2.03229e-06 0.000135139 -0.00908829 0.00055101
4.35 -0.119476 -0.00149451 -1.55116e-06 0.000129491 -0.00993612 0.000558592
4.36 -0.128398 -0.00139362 -1.13014e-06 0.000122336 -0.0106766 0.000567665
4.37 -0.135917 -0.00127765 -4.35549e-07 0.000114928 -0.0113011 0.000587037
4.38 -0.141928 -0.00114758 2.3424e-07 0.00010551 -0.0118001 0.000623362
4.39 -0.146349 -0.00100486 5.43389e-07 9.43585e-05 -0.0121682 0.000683042
4.4 -0.149122 -0.000850791 9.09976e-07 8.15901e-05 -0.0123999 0.000767623
4.41 -0.150221 -0.000686509 5.64135e-07 6.61583e-05 -0.0124936 0.000875434
4.42 -0.149652 -0.000513506 3.83896e-07 5.03495e-05 -0.0124495 0.00100021
4.43 -0.147446 -0.000332553 -3.03036e-07 3.22978e-05 -0.0122694 0.00113153
4.44 -0.143664 -0.000145261 -9.30481e-07 1.47102e-05 -0.0119586 0.00125783
4.45 -0.138381 4.75136e-05 -1.4853e-06 -3.5721e-06 -0.0115219 0.001364
4.46 -0.131689 0.0002436 -2.15911e-06 -2.13741e-05 -0.0109674 0.00143956
4.47 -0.123683 0.000441034 -2.30429e-06 -3.80816e-05 -0.0103022 0.00147278
4.48 -0.114465 0.000636907 -2.5792e-06 -5.43019e-05 -0.00953465 0.0014593
4.49 -0.104133 0.000827863 -2.23775e-06 -6.82849e-05 -0.00867335 0.00139729
4.5 -0.0927869 0.0010107 -1.87531e-06 -8.14987e-05 -0.00772638 0.00129024
4.51 -0.0805288 0.00118159 -1.20585e-06 -9.25522e-05 -0.00670324 0.00114552
4.52 -0.0674646 0.0013377 -4.50415e-07 -0.000102754 -0.00561271 0.000971361
4.53 -0.0537103 0.00147596 1.87158e-07 -0.000111819 -0.00446527 0.000778883
4.54 -0.0393927 0.00159459 7.84862e-07 -0.000120316 -0.00327163 0.000575531
4.55 -0.0246537 0.00169233 9.91602e-07 -0.000128493 -0.00204395 0.000370093
4.56 -0.00964785 0.00176898 1.09695e-06 -0.000136126 -0.000794966 0.000166133
4.57 0.00545764 0.00182519 8.27204e-07 -0.000143369 0.000461313 -3.28668e-05
4.58 0.0204882 0.00186198 5.42002e-07 -0.000149513 0.00171094 -0.000226371
4.59 0.0352674 0.00188075 1.18539e-07 -0.000154628 0.00293916 -0.000415413
4.6 0.0496218 0.00188257 -2.32001e-07 -0.000158106 0.00413226 -0.000599042
4.61 0.0633882 0.0018683 -4.36035e-07 -0.000159807 0.00527698 -0.000777785
4.62 0.0764166 0.0018383 -5.63164e-07 -0.000159626 0.00636041 -0.000948834
4.63 0.0885749 0.00179219 -3.78718e-07 -0.000157285 0.00737243 -0.00110852
4.64 0.0997483 0.00172936 -1.722e-07 -0.000153022 0.00830245 -0.00125054
4.65 0.109839 0.00164855 2.9166e-07 -0.000146427 0.009143 -0.00136773
4.66 0.118764 0.00154859 7.30761e-07 -0.000138013 0.00988602 -0.00145277
4.67 0.12645 0.00142845 1.26734e-06 -0.000127477 0.0105256 -0.00149965
4.68 0.132835 0.00128773 1.66206e-06 -0.000115665 0.0110564 -0.00150467
4.69 0.137857 0.00112689 1.84992e-06 -0.000102319 0.0114729 -0.00146726
4.7 0.141465 0.000947314 1.89943e-06 -8.80882e-05 0.0117711 -0.00139096
4.71 0.143609 0.000751656 1.63616e-06 -7.30015e-05 0.0119468 -0.00128241
4.72 0.144248 0.000543321 1.3101e-06 -5.69761e-05 0.0119973 -0.00115135
4.73 0.143353 0.00032642 7.48152e-07 -4.03506e-05 0.0119202 -0.00100862
4.74 0.140912 0.000105524 3.56493e-07 -2.26212e-05 0.011715 -0.000866265
4.75 0.136933 -0.000114826 -8.65424e-08 -4.58279e-06 0.0113828 -0.000733457
4.76 0.131445 -0.000330324 -2.88062e-07 1.43916e-05 0.010926 -0.000618409
4.77 0.124507 -0.000537375 -3.44453e-07 3.32399e-05 0.0103495 -0.000524827
4.78 0.116199 -0.000733005 -2.35096e-07 5.20398e-05 0.00966007 -0.000453903
4.79 0.106625 -0.000915124 7.96196e-08 7.02155e-05 0.00886596 -0.000403304
4.8 0.0959094 -0.00108254 3.28587e-07 8.7232e-05 0.00797707 -0.000368194
4.81 0.0841887 -0.0012346 8.15664e-07 0.000103152 0.00700449 -0.000343078
4.82 0.071609 -0.00137113 1.02675e-06 0.000116933 0.00595999 -0.000321161
4.83 0.0583212 -0.00149226 1.36439e-06 0.000129308 0.00485606 -0.000297636
4.84 0.0444754 -0.00159829 1.33433e-06 0.000139011 0.00370452 -0.000267495
4.85 0.0302213 -0.00168923 1.28339e-06 0.000146897 0.00251877 -0.000230259
4.86 0.015704 -0.0017651 1.0012e-06 0.000152441 0.0013099 -0.000184037
4.87 0.00106809 -0.00182559 5.00993e-07 0.000155964 9.14017e-05 -0.000131785
4.88 -0.0135437 -0.00187019 1.70601e-07 0.000158179 -0.00112575 -7.46893e-05
4.89 -0.0279876 -0.00189821 -4.56689e-07 0.000158435 -0.00232843 -1.43824e-05
4.9 -0.0421174 -0.001909 -6.39354e-07 0.000158357 -0.00350457 4.6982e-05
4.91 -0.0557856 -0.00190203 -1.00666e-06 0.000156728 -0.00464221 0.000111014
4.92 -0.0688417 -0.00187684 -9.16198e-07 0.000154771 -0.00572793 0.000177713
4.93 -0.0811382 -0.0018332 -8.65971e-07 0.000151477 -0.0067507 0.000252383
4.94 -0.0925305 -0.00177109 -7.03956e-07 0.000147233 -0.0076976 0.000336482
4.95 -0.102885 -0.00169059 -3.55792e-07 0.000141797 -0.00855864 0.000434931
4.96 -0.112081 -0.0015918 -2.77808e-07 0.00013455 -0.00932342 0.000548197
4.97 -0.120014 -0.00147517 1.02118e-07 0.000126328 -0.00998358 0.000676591
4.98 -0.126605 -0.00134105 -5.76739e-08 0.000115679 -0.0105327 0.000818187
4.99 -0.13179 -0.00119012 9.13382e-08 0.00010423 -0.0109651 0.00096569
5 -0.135535 -0.0010231 -2.40995e-07 9.03053e-05 -0.0112783 0.00111434
5.01 -0.137818 -0.000841184 -4.73225e-07 7.56672e-05 -0.0114695 0.00125228
5.02 -0.138643 -0.000645939 -7.79827e-07 5.94516e-05 -0.0115396 0.00137238
5.03 -0.138023 -0.000439274 -1.29243e-06 4.22839e-05 -0.0114886 0.00146396
5.04 -0.135982 -0.000223929 -1.36248e-06 2.51785e-05 -0.0113191 0.00152059
5.05 -0.132557 -2.90647e-06 -1.83664e-06 7.02525e-06 -0.0110335 0.00153832
5.06 -0.127787 0.000220195 -1.60048e-06 -9.75283e-06 -0.0106354 0.00151339
5.07 -0.121721 0.000441619 -1.69645e-06 -2.73728e-05 -0.010129 0.00145004
5.08 -0.114414 0.000657431 -1.3241e-06 -4.33822e-05 -0.00951899 0.00134893
5.09 -0.105932 0.000863824 -9.87082e-07 -5.95413e-05 -0.00881147 0.00121919
5.1 -0.0963508 0.00105752 -7.43632e-07 -7.49328e-05 -0.00801239 0.00106537
5.11 -0.0857598 0.00123562 -1.92129e-07 -8.9386e-05 -0.00713016 0.000896071
5.12 -0.0742639 0.00139614 -1.80533e-07 -0.000103867 -0.00617299 0.000718219
5.13 -0.0619818 0.00153776 2.52919e-07 -0.000116639 -0.00515129 0.000535346
5.14 -0.0490477 0.00166003 1.01679e-07 -0.000129511 -0.00407585 0.000354037
5.15 -0.0356047 0.00176296 2.34115e-07 -0.000140409 -0.00295833 0.000173538
5.16 -0.0218069 0.00184696 4.65182e-08 -0.00015078 -0.00181179 -1.27399e-06
5.17 -0.00780929 0.00191285 -1.00009e-07 -0.000159333 -0.000648115 -0.000172232
5.18 0.00623047 0.00196101 -1.55317e-07 -0.000166293 0.000518805 -0.000335839
5.19 0.0201599 0.00199206 -4.10243e-07 -0.000171716 0.00167756 -0.00049097
5.2 0.0338323 0.0020058 -2.32427e-07 -0.000174467 0.00281477 -0.000635207
5.21 0.047108 0.00200199 -3.72295e-07 -0.000175935 0.00391988 -0.000763478
5.22 0.0598574 0.00197981 1.00074e-09 -0.000174159 0.00498116 -0.000873966
5.23 0.0719562 0.00193818 1.02587e-07 -0.000171134 0.00598847 -0.000959943
5.24 0.0832896 0.00187623 4.3471e-07 -0.000165295 0.00693208 -0.00102104
5.25 0.0937461 0.00179292 7.55858e-07 -0.000157804 0.00780219 -0.00105322
5.26 0.103221 0.00168796 8.03211e-07 -0.000148656 0.00859053 -0.00105804
5.27 0.111613 0.0015613 1.15644e-06 -0.00013717 0.00928804 -0.00103748
5.28 0.118828 0.00141391 9.2963e-07 -0.000125107 0.00988746 -0.000995416
5.29 0.12478 0.00124715 1.10196e-06 -0.000110412 0.0103814 -0.000939239
5.3 0.129392 0.0010634 8.04094e-07 -9.54799e-05 0.0107638 -0.000874235
5.31 0.132602 0.00086528 7.22774e-07 -7.84736e-05 0.0110298 -0.000809779
5.32 0.134364 0.000656216 5.57953e-07 -6.10664e-05 0.0111756 -0.000750627
5.33 0.134654 0.000439514 3.23658e-07 -4.26292e-05 0.0111994 -0.000703342
5.34 0.133465 0.000218686 3.92151e-07 -2.35888e-05 0.0111005 -0.000670066
5.35 0.130816 -2.84081e-06 1.66579e-07 -4.71851e-06 0.0108807 -0.000651697
5.36 0.126744 -0.000222142 4.68145e-07 1.48143e-05 0.0105428 -0.000647294
5.37 0.121308 -0.000436308 3.53297e-07 3.30601e-05 0.0100915 -0.000651927
5.38 0.114581 -0.000643154 7.48372e-07 5.17021e-05 0.00953282 -0.000663142
5.39 0.10665 -0.000840538 7.72159e-07 6.82712e-05 0.00887375 -0.000673467
5.4 0.0976153 -0.00102691 9.87059e-07 8.45196e-05 0.00812259 -0.000680405
5.41 0.0875816 -0.00120084 1.12916e-06 9.87503e-05 0.00728773 -0.00067804
5.42 0.0766615 -0.00136113 9.52032e-07 0.000111476 0.0063789 -0.000664947
5.43 0.0649719 -0.0015068 1.13233e-06 0.00012315 0.00540563 -0.000639048
5.44 0.0526341 -0.00163681 6.55657e-07 0.000132346 0.00437834 -0.00059972
5.45 0.0397751 -0.00175054 7.22622e-07 0.000141393 0.0033077 -0.00054831
5.46 0.0265256 -0.00184701 2.73866e-07 0.000147934 0.00220469 -0.000484166
5.47 0.0130239 -0.00192583 1.37864e-07 0.000154296 0.00108116 -0.000409863
5.48 -0.000588696 -0.00198633 -3.79231e-08 0.000159017 -5.14918e-05 -0.000323618
5.49 -0.0141644 -0.00202802 -3.08149e-07 0.000162691 -0.00118035 -0.000227671
5.5 -0.027555 -0.00205064 -1.89801e-07 0.000165722 -0.00229397 -0.000119327
5.51 -0.0406105 -0.0020535 -4.52778e-07 0.000166725 -0.00337901 2.21186e-07
5.52 -0.0531854 -0.00203665 -1.69572e-07 0.000167569 -0.00442469 0.000132472
5.53 -0.0651402 -0.00199929 -3.51546e-07 0.000165664 -0.00541834 0.000276637
5.54 -0.0763446 -0.00194153 -7.8099e-08 0.0001635 -0.00635035 0.000430575
5.55 -0.0866818 -0.00186282 -1.93529e-07 0.000158264 -0.00721027 0.000592529
5.56 -0.0960471 -0.0017632 -1.27566e-07 0.000152183 -0.00798978 0.000756065
5.57 -0.104353 -0.00164268 -1.57871e-07 0.000143414 -0.00868156 0.000917197
5.58 -0.111524 -0.00150167 -4.41459e-07 0.000132839 -0.00927879 0.00106726
5.59 -0.1175 -0.0013411 -3.38662e-07 0.000120839 -0.0097771 0.00120069
5.6 -0.122234 -0.00116212 -8.79549e-07 0.000106032 -0.0101715 0.00130972
5.61 -0.125689 -0.000966935 -6.88352e-07 9.12887e-05 -0.0104595 0.00138948
5.62 -0.127837 -0.000757681 -1.17894e-06 7.34762e-05 -0.0106383 0.00143622
5.63 -0.128662 -0.000537771 -1.03364e-06 5.64059e-05 -0.0107067 0.00144762
5.64 -0.128156 -0.000310225 -1.19673e-06 3.71442e-05 -0.0106641 0.00142541
5.65 -0.126319 -7.90913e-05 -1.19209e-06 1.8338e-05 -0.0105104 0.00137026
5.66 -0.123166 0.000152071 -9.76139e-07 -1.0682e-06 -0.0102474 0.00128838
5.67 -0.118721 0.000379584 -1.10021e-06 -2.06801e-05 -0.00987662 0.0011827
5.68 -0.113024 0.000599989 -6.47017e-07 -3.932e-05 -0.00940228 0.00106041
5.69 -0.106131 0.000810665 -8.48352e-07 -5.86134e-05 -0.00882839 0.000926072
5.7 -0.0981127 0.00100897 -3.62545e-07 -7.58318e-05 -0.00816129 0.000784238
5.71 -0.0890545 0.00119351 -5.76451e-07 -9.37496e-05 -0.0074079 0.000640163
5.72 -0.0790557 0.00136279 -2.68359e-07 -0.000109064 -0.00657635 0.000494796
5.73 -0.0682294 0.0015163 -3.62191e-07 -0.000124501 -0.00567615 0.000352983
5.74 -0.056696 0.00165353 -3.87866e-07 -0.0001376 -0.00471684 0.000213873
5.75 -0.0445847 0.00177425 -2.11136e-07 -0.000149432 -0.00370941 8.11102e-05
5.76 -0.0320278 0.00187833 -5.39717e-07 -0.000159912 -0.00266453 -4.5246e-05
5.77 -0.0191602 0.00196523 -1.13945e-07 -0.000167483 -0.00159354 -0.000162902
5.78 -0.00611763 0.00203467 -4.81545e-07 -0.00017465 -0.000507764 -0.000269529
5.79 0.0069659 0.00208552 -4.98597e-08 -0.000178114 0.000581645 -0.000364373
5.8 0.0199557 0.00211708 -1.56939e-07 -0.000181154 0.00166318 -0.000443347
5.81 0.0327205 0.00212801 2.73798e-08 -0.000181105 0.00272602 -0.000507757
5.82 0.0451282 0.00211724 2.73518e-07 -0.000179564 0.00375871 -0.000554082
5.83 0.0570505 0.00208387 1.52732e-07 -0.000176349 0.00475093 -0.000585509
5.84 0.0683594 0.00202691 5.99071e-07 -0.000170364 0.00569139 -0.000601936
5.85 0.0789313 0.00194641 3.08084e-07 -0.000163941 0.00657055 -0.000607088
5.86 0.0886481 0.0018421 7.06599e-07 -0.000154103 0.00737787 -0.00060559
5.87 0.0973977 0.00171514 4.4043e-07 -0.000144307 0.00810485 -0.000600054
5.88 0.10508 0.00156648 5.99939e-07 -0.000131429 0.00874278 -0.000597779
5.89 0.111605 0.00139816 5.42736e-07 -0.000118224 0.00928457 -0.000599835
5.9 0.1169 0.00121239 3.82884e-07 -0.000103193 0.00972429 -0.000611837
5.91 0.120907 0.00101177 6.42942e-07 -8.68164e-05 0.0100569 -0.000633643
5.92 0.123587 0.000799428 2.48704e-07 -7.04785e-05 0.0102796 -0.000665951
5.93 0.124917 0.000578138 7.30754e-07 -5.17687e-05 0.0103901 -0.000707713
5.94 0.124894 0.000351456 3.56677e-07 -3.46893e-05 0.0103884 -0.0007546
5.95 0.123529 0.000122029 7.58164e-07 -1.52178e-05 0.0102751 -0.000804832
5.96 0.12085 -0.000106683 6.79514e-07 2.2987e-06 0.0100525 -0.000851689
5.97 0.116896 -0.000332271 7.15102e-07 2.08117e-05 0.00972378 -0.000893102
5.98 0.111719 -0.00055186 1.0028e-06 3.84045e-05 0.00929316 -0.000923222
5.99 0.105381 -0.000763218 6.55142e-07 5.49145e-05 0.00876596 -0.000940136
6 0.0979535 -0.00096437 1.10852e-06 7.18768e-05 0.0081479 -0.000941306
